{"D:\\project\\recall-kit\\web\\src\\app\\layout.tsx": {"path":"D:\\project\\recall-kit\\web\\src\\app\\layout.tsx","statementMap":{"0":{"start":{"line":15,"column":24},"end":{"line":15,"column":35}},"1":{"start":{"line":10,"column":13},"end":{"line":10,"column":34}},"2":{"start":{"line":2,"column":22},"end":{"line":2,"column":null}},"3":{"start":{"line":3,"column":7},"end":{"line":3,"column":null}},"4":{"start":{"line":4,"column":27},"end":{"line":4,"column":null}},"5":{"start":{"line":5,"column":26},"end":{"line":5,"column":null}},"6":{"start":{"line":8,"column":14},"end":{"line":8,"column":null}},"7":{"start":{"line":10,"column":34},"end":{"line":13,"column":null}}},"fnMap":{"0":{"name":"RootLayout","decl":{"start":{"line":15,"column":24},"end":{"line":15,"column":35}},"loc":{"start":{"line":19,"column":1},"end":{"line":54,"column":null}}}},"branchMap":{},"s":{"0":0,"1":0,"2":0,"3":0,"4":0,"5":0,"6":0,"7":0},"f":{"0":0},"b":{}}
,"D:\\project\\recall-kit\\web\\src\\app\\providers.tsx": {"path":"D:\\project\\recall-kit\\web\\src\\app\\providers.tsx","statementMap":{"0":{"start":{"line":6,"column":16},"end":{"line":6,"column":26}},"1":{"start":{"line":3,"column":32},"end":{"line":3,"column":null}}},"fnMap":{"0":{"name":"Providers","decl":{"start":{"line":6,"column":16},"end":{"line":6,"column":26}},"loc":{"start":{"line":6,"column":63},"end":{"line":8,"column":null}}}},"branchMap":{},"s":{"0":0,"1":0},"f":{"0":0},"b":{}}
,"D:\\project\\recall-kit\\web\\src\\app\\(search)\\layout.tsx": {"path":"D:\\project\\recall-kit\\web\\src\\app\\(search)\\layout.tsx","statementMap":{"0":{"start":{"line":9,"column":24},"end":{"line":9,"column":37}},"1":{"start":{"line":4,"column":13},"end":{"line":4,"column":24}},"2":{"start":{"line":1,"column":7},"end":{"line":1,"column":null}},"3":{"start":{"line":2,"column":19},"end":{"line":2,"column":null}},"4":{"start":{"line":4,"column":24},"end":{"line":7,"column":null}}},"fnMap":{"0":{"name":"SearchLayout","decl":{"start":{"line":9,"column":24},"end":{"line":9,"column":37}},"loc":{"start":{"line":13,"column":1},"end":{"line":20,"column":null}}}},"branchMap":{},"s":{"0":0,"1":0,"2":0,"3":0,"4":0},"f":{"0":0},"b":{}}
,"D:\\project\\recall-kit\\web\\src\\app\\(search)\\page.tsx": {"path":"D:\\project\\recall-kit\\web\\src\\app\\(search)\\page.tsx","statementMap":{"0":{"start":{"line":6,"column":30},"end":{"line":6,"column":null}},"1":{"start":{"line":4,"column":13},"end":{"line":4,"column":26}},"2":{"start":{"line":1,"column":34},"end":{"line":1,"column":null}},"3":{"start":{"line":2,"column":17},"end":{"line":2,"column":null}},"4":{"start":{"line":4,"column":26},"end":{"line":4,"column":29}},"5":{"start":{"line":7,"column":28},"end":{"line":7,"column":null}},"6":{"start":{"line":8,"column":38},"end":{"line":11,"column":null}},"7":{"start":{"line":13,"column":29},"end":{"line":13,"column":null}},"8":{"start":{"line":14,"column":24},"end":{"line":14,"column":null}},"9":{"start":{"line":81,"column":16},"end":{"line":82,"column":null}},"10":{"start":{"line":114,"column":24},"end":{"line":114,"column":44}},"11":{"start":{"line":150,"column":16},"end":{"line":151,"column":null}},"12":{"start":{"line":179,"column":24},"end":{"line":179,"column":44}}},"fnMap":{"0":{"name":"HomePage","decl":{"start":{"line":6,"column":30},"end":{"line":6,"column":null}},"loc":{"start":{"line":6,"column":30},"end":{"line":273,"column":null}}},"1":{"name":"(anonymous_5)","decl":{"start":{"line":80,"column":38},"end":{"line":80,"column":null}},"loc":{"start":{"line":81,"column":16},"end":{"line":82,"column":null}}},"2":{"name":"(anonymous_6)","decl":{"start":{"line":113,"column":59},"end":{"line":113,"column":null}},"loc":{"start":{"line":114,"column":24},"end":{"line":114,"column":44}}},"3":{"name":"(anonymous_7)","decl":{"start":{"line":149,"column":31},"end":{"line":149,"column":null}},"loc":{"start":{"line":150,"column":16},"end":{"line":151,"column":null}}},"4":{"name":"(anonymous_8)","decl":{"start":{"line":178,"column":59},"end":{"line":178,"column":null}},"loc":{"start":{"line":179,"column":24},"end":{"line":179,"column":44}}}},"branchMap":{"0":{"loc":{"start":{"line":44,"column":49},"end":{"line":44,"column":85}},"type":"binary-expr","locations":[{"start":{"line":44,"column":49},"end":{"line":44,"column":79}},{"start":{"line":44,"column":83},"end":{"line":44,"column":85}}]},"1":{"loc":{"start":{"line":49,"column":49},"end":{"line":49,"column":79}},"type":"binary-expr","locations":[{"start":{"line":49,"column":49},"end":{"line":49,"column":73}},{"start":{"line":49,"column":77},"end":{"line":49,"column":79}}]},"2":{"loc":{"start":{"line":54,"column":49},"end":{"line":54,"column":81}},"type":"binary-expr","locations":[{"start":{"line":54,"column":49},"end":{"line":54,"column":75}},{"start":{"line":54,"column":79},"end":{"line":54,"column":81}}]},"3":{"loc":{"start":{"line":68,"column":9},"end":{"line":68,"column":null}},"type":"binary-expr","locations":[{"start":{"line":68,"column":9},"end":{"line":68,"column":null}}]},"4":{"loc":{"start":{"line":91,"column":25},"end":{"line":91,"column":null}},"type":"binary-expr","locations":[{"start":{"line":91,"column":25},"end":{"line":91,"column":46}},{"start":{"line":91,"column":50},"end":{"line":91,"column":null}}]},"5":{"loc":{"start":{"line":95,"column":25},"end":{"line":95,"column":null}},"type":"binary-expr","locations":[{"start":{"line":95,"column":25},"end":{"line":95,"column":47}},{"start":{"line":95,"column":51},"end":{"line":95,"column":null}}]},"6":{"loc":{"start":{"line":107,"column":21},"end":{"line":109,"column":54}},"type":"cond-expr","locations":[{"start":{"line":108,"column":24},"end":{"line":108,"column":null}},{"start":{"line":109,"column":24},"end":{"line":109,"column":54}}]},"7":{"loc":{"start":{"line":111,"column":19},"end":{"line":111,"column":38}},"type":"binary-expr","locations":[{"start":{"line":111,"column":19},"end":{"line":111,"column":38}},{"start":{"line":111,"column":42},"end":{"line":111,"column":null}}]},"8":{"loc":{"start":{"line":118,"column":23},"end":{"line":118,"column":null}},"type":"binary-expr","locations":[{"start":{"line":118,"column":23},"end":{"line":118,"column":null}}]},"9":{"loc":{"start":{"line":137,"column":9},"end":{"line":137,"column":null}},"type":"binary-expr","locations":[{"start":{"line":137,"column":9},"end":{"line":137,"column":null}}]},"10":{"loc":{"start":{"line":160,"column":25},"end":{"line":160,"column":null}},"type":"binary-expr","locations":[{"start":{"line":160,"column":25},"end":{"line":160,"column":46}},{"start":{"line":160,"column":50},"end":{"line":160,"column":null}}]},"11":{"loc":{"start":{"line":172,"column":21},"end":{"line":174,"column":54}},"type":"cond-expr","locations":[{"start":{"line":173,"column":24},"end":{"line":173,"column":null}},{"start":{"line":174,"column":24},"end":{"line":174,"column":54}}]},"12":{"loc":{"start":{"line":176,"column":19},"end":{"line":176,"column":38}},"type":"binary-expr","locations":[{"start":{"line":176,"column":19},"end":{"line":176,"column":38}},{"start":{"line":176,"column":42},"end":{"line":176,"column":null}}]},"13":{"loc":{"start":{"line":183,"column":23},"end":{"line":183,"column":null}},"type":"binary-expr","locations":[{"start":{"line":183,"column":23},"end":{"line":183,"column":null}}]}},"s":{"0":0,"1":0,"2":0,"3":0,"4":0,"5":0,"6":0,"7":0,"8":0,"9":0,"10":0,"11":0,"12":0},"f":{"0":0,"1":0,"2":0,"3":0,"4":0},"b":{"0":[0,0],"1":[0,0],"2":[0,0],"3":[0],"4":[0,0],"5":[0,0],"6":[0,0],"7":[0,0],"8":[0],"9":[0],"10":[0,0],"11":[0,0],"12":[0,0],"13":[0]}}
,"D:\\project\\recall-kit\\web\\src\\app\\(search)\\list\\page.tsx": {"path":"D:\\project\\recall-kit\\web\\src\\app\\(search)\\list\\page.tsx","statementMap":{"0":{"start":{"line":7,"column":24},"end":{"line":7,"column":null}},"1":{"start":{"line":3,"column":36},"end":{"line":3,"column":null}},"2":{"start":{"line":8,"column":36},"end":{"line":8,"column":null}},"3":{"start":{"line":9,"column":38},"end":{"line":9,"column":null}},"4":{"start":{"line":10,"column":40},"end":{"line":10,"column":null}},"5":{"start":{"line":11,"column":36},"end":{"line":11,"column":null}},"6":{"start":{"line":14,"column":29},"end":{"line":30,"column":null}},"7":{"start":{"line":15,"column":4},"end":{"line":29,"column":null}},"8":{"start":{"line":16,"column":23},"end":{"line":19,"column":null}},"9":{"start":{"line":21,"column":6},"end":{"line":24,"column":null}},"10":{"start":{"line":22,"column":23},"end":{"line":22,"column":null}},"11":{"start":{"line":23,"column":8},"end":{"line":23,"column":null}},"12":{"start":{"line":25,"column":6},"end":{"line":25,"column":null}},"13":{"start":{"line":27,"column":6},"end":{"line":27,"column":null}},"14":{"start":{"line":28,"column":6},"end":{"line":28,"column":null}},"15":{"start":{"line":32,"column":2},"end":{"line":66,"column":null}},"16":{"start":{"line":33,"column":28},"end":{"line":63,"column":null}},"17":{"start":{"line":34,"column":6},"end":{"line":34,"column":null}},"18":{"start":{"line":35,"column":6},"end":{"line":62,"column":null}},"19":{"start":{"line":36,"column":23},"end":{"line":40,"column":null}},"20":{"start":{"line":42,"column":25},"end":{"line":44,"column":null}},"21":{"start":{"line":46,"column":8},"end":{"line":48,"column":null}},"22":{"start":{"line":47,"column":10},"end":{"line":47,"column":null}},"23":{"start":{"line":50,"column":23},"end":{"line":50,"column":null}},"24":{"start":{"line":52,"column":8},"end":{"line":54,"column":null}},"25":{"start":{"line":53,"column":10},"end":{"line":53,"column":null}},"26":{"start":{"line":56,"column":8},"end":{"line":56,"column":null}},"27":{"start":{"line":58,"column":8},"end":{"line":58,"column":null}},"28":{"start":{"line":59,"column":8},"end":{"line":59,"column":null}},"29":{"start":{"line":61,"column":8},"end":{"line":61,"column":null}},"30":{"start":{"line":65,"column":4},"end":{"line":65,"column":null}},"31":{"start":{"line":68,"column":15},"end":{"line":68,"column":null}},"32":{"start":{"line":80,"column":14},"end":{"line":81,"column":null}},"33":{"start":{"line":83,"column":31},"end":{"line":83,"column":null}},"34":{"start":{"line":93,"column":29},"end":{"line":93,"column":null}},"35":{"start":{"line":112,"column":16},"end":{"line":113,"column":null}},"36":{"start":{"line":117,"column":20},"end":{"line":117,"column":null}},"37":{"start":{"line":118,"column":20},"end":{"line":118,"column":null}}},"fnMap":{"0":{"name":"ListPage","decl":{"start":{"line":7,"column":24},"end":{"line":7,"column":null}},"loc":{"start":{"line":7,"column":24},"end":{"line":164,"column":null}}},"1":{"name":"(anonymous_2)","decl":{"start":{"line":14,"column":29},"end":{"line":14,"column":36}},"loc":{"start":{"line":14,"column":36},"end":{"line":30,"column":null}}},"2":{"name":"(anonymous_3)","decl":{"start":{"line":32,"column":12},"end":{"line":32,"column":null}},"loc":{"start":{"line":32,"column":12},"end":{"line":66,"column":5}}},"3":{"name":"(anonymous_4)","decl":{"start":{"line":33,"column":28},"end":{"line":33,"column":null}},"loc":{"start":{"line":33,"column":28},"end":{"line":63,"column":null}}},"4":{"name":"(anonymous_5)","decl":{"start":{"line":79,"column":22},"end":{"line":79,"column":null}},"loc":{"start":{"line":80,"column":14},"end":{"line":81,"column":null}}},"5":{"name":"(anonymous_6)","decl":{"start":{"line":83,"column":25},"end":{"line":83,"column":31}},"loc":{"start":{"line":83,"column":31},"end":{"line":83,"column":null}}},"6":{"name":"(anonymous_7)","decl":{"start":{"line":93,"column":22},"end":{"line":93,"column":23}},"loc":{"start":{"line":93,"column":29},"end":{"line":93,"column":null}}},"7":{"name":"(anonymous_8)","decl":{"start":{"line":111,"column":30},"end":{"line":111,"column":null}},"loc":{"start":{"line":112,"column":16},"end":{"line":113,"column":null}}},"8":{"name":"(anonymous_9)","decl":{"start":{"line":115,"column":27},"end":{"line":115,"column":null}},"loc":{"start":{"line":115,"column":27},"end":{"line":119,"column":null}}}},"branchMap":{"0":{"loc":{"start":{"line":21,"column":6},"end":{"line":24,"column":null}},"type":"if","locations":[{"start":{"line":21,"column":6},"end":{"line":24,"column":null}}]},"1":{"loc":{"start":{"line":23,"column":15},"end":{"line":23,"column":null}},"type":"cond-expr","locations":[{"start":{"line":23,"column":32},"end":{"line":23,"column":61}},{"start":{"line":23,"column":61},"end":{"line":23,"column":null}}]},"2":{"loc":{"start":{"line":23,"column":32},"end":{"line":23,"column":61}},"type":"binary-expr","locations":[{"start":{"line":23,"column":32},"end":{"line":23,"column":57}},{"start":{"line":23,"column":57},"end":{"line":23,"column":61}}]},"3":{"loc":{"start":{"line":37,"column":20},"end":{"line":37,"column":null}},"type":"binary-expr","locations":[{"start":{"line":37,"column":20},"end":{"line":37,"column":33}},{"start":{"line":37,"column":33},"end":{"line":37,"column":null}}]},"4":{"loc":{"start":{"line":46,"column":8},"end":{"line":48,"column":null}},"type":"if","locations":[{"start":{"line":46,"column":8},"end":{"line":48,"column":null}}]},"5":{"loc":{"start":{"line":52,"column":8},"end":{"line":54,"column":null}},"type":"if","locations":[{"start":{"line":52,"column":8},"end":{"line":54,"column":null}}]},"6":{"loc":{"start":{"line":52,"column":12},"end":{"line":52,"column":43}},"type":"binary-expr","locations":[{"start":{"line":52,"column":12},"end":{"line":52,"column":27}},{"start":{"line":52,"column":31},"end":{"line":52,"column":43}}]},"7":{"loc":{"start":{"line":56,"column":23},"end":{"line":56,"column":52}},"type":"binary-expr","locations":[{"start":{"line":56,"column":23},"end":{"line":56,"column":46}},{"start":{"line":56,"column":50},"end":{"line":56,"column":52}}]},"8":{"loc":{"start":{"line":82,"column":34},"end":{"line":82,"column":69}},"type":"cond-expr","locations":[{"start":{"line":82,"column":54},"end":{"line":82,"column":65}},{"start":{"line":82,"column":65},"end":{"line":82,"column":69}}]},"9":{"loc":{"start":{"line":101,"column":8},"end":{"line":108,"column":null}},"type":"cond-expr","locations":[{"start":{"line":101,"column":8},"end":{"line":108,"column":null}}]},"10":{"loc":{"start":{"line":111,"column":14},"end":{"line":113,"column":null}},"type":"cond-expr","locations":[{"start":{"line":111,"column":14},"end":{"line":113,"column":null}}]},"11":{"loc":{"start":{"line":126,"column":21},"end":{"line":128,"column":54}},"type":"cond-expr","locations":[{"start":{"line":127,"column":24},"end":{"line":127,"column":null}},{"start":{"line":128,"column":24},"end":{"line":128,"column":54}}]},"12":{"loc":{"start":{"line":131,"column":63},"end":{"line":131,"column":null}},"type":"binary-expr","locations":[{"start":{"line":131,"column":63},"end":{"line":131,"column":87}},{"start":{"line":131,"column":91},"end":{"line":131,"column":null}}]},"13":{"loc":{"start":{"line":132,"column":63},"end":{"line":132,"column":90}},"type":"binary-expr","locations":[{"start":{"line":132,"column":63},"end":{"line":132,"column":84}},{"start":{"line":132,"column":88},"end":{"line":132,"column":90}}]}},"s":{"0":0,"1":0,"2":0,"3":0,"4":0,"5":0,"6":0,"7":0,"8":0,"9":0,"10":0,"11":0,"12":0,"13":0,"14":0,"15":0,"16":0,"17":0,"18":0,"19":0,"20":0,"21":0,"22":0,"23":0,"24":0,"25":0,"26":0,"27":0,"28":0,"29":0,"30":0,"31":0,"32":0,"33":0,"34":0,"35":0,"36":0,"37":0},"f":{"0":0,"1":0,"2":0,"3":0,"4":0,"5":0,"6":0,"7":0,"8":0},"b":{"0":[0],"1":[0,0],"2":[0,0],"3":[0,0],"4":[0],"5":[0],"6":[0,0],"7":[0,0],"8":[0,0],"9":[0],"10":[0],"11":[0,0],"12":[0,0],"13":[0,0]}}
,"D:\\project\\recall-kit\\web\\src\\app\\(search)\\search\\page.tsx": {"path":"D:\\project\\recall-kit\\web\\src\\app\\(search)\\search\\page.tsx","statementMap":{"0":{"start":{"line":10,"column":24},"end":{"line":10,"column":null}},"1":{"start":{"line":3,"column":53},"end":{"line":3,"column":null}},"2":{"start":{"line":4,"column":43},"end":{"line":4,"column":null}},"3":{"start":{"line":28,"column":17},"end":{"line":28,"column":null}},"4":{"start":{"line":29,"column":23},"end":{"line":29,"column":null}},"5":{"start":{"line":30,"column":38},"end":{"line":30,"column":null}},"6":{"start":{"line":31,"column":50},"end":{"line":31,"column":null}},"7":{"start":{"line":32,"column":44},"end":{"line":32,"column":null}},"8":{"start":{"line":33,"column":36},"end":{"line":33,"column":null}},"9":{"start":{"line":34,"column":28},"end":{"line":34,"column":null}},"10":{"start":{"line":35,"column":38},"end":{"line":35,"column":null}},"11":{"start":{"line":38,"column":28},"end":{"line":76,"column":null}},"12":{"start":{"line":39,"column":19},"end":{"line":43,"column":null}},"13":{"start":{"line":46,"column":4},"end":{"line":50,"column":null}},"14":{"start":{"line":47,"column":6},"end":{"line":49,"column":null}},"15":{"start":{"line":48,"column":8},"end":{"line":48,"column":null}},"16":{"start":{"line":53,"column":21},"end":{"line":60,"column":null}},"17":{"start":{"line":61,"column":4},"end":{"line":64,"column":null}},"18":{"start":{"line":62,"column":24},"end":{"line":62,"column":null}},"19":{"start":{"line":62,"column":59},"end":{"line":62,"column":null}},"20":{"start":{"line":63,"column":6},"end":{"line":63,"column":null}},"21":{"start":{"line":66,"column":19},"end":{"line":66,"column":null}},"22":{"start":{"line":70,"column":4},"end":{"line":73,"column":null}},"23":{"start":{"line":71,"column":6},"end":{"line":71,"column":null}},"24":{"start":{"line":72,"column":6},"end":{"line":72,"column":null}},"25":{"start":{"line":75,"column":4},"end":{"line":75,"column":null}},"26":{"start":{"line":79,"column":29},"end":{"line":95,"column":null}},"27":{"start":{"line":80,"column":4},"end":{"line":94,"column":null}},"28":{"start":{"line":81,"column":23},"end":{"line":84,"column":null}},"29":{"start":{"line":86,"column":6},"end":{"line":89,"column":null}},"30":{"start":{"line":87,"column":23},"end":{"line":87,"column":null}},"31":{"start":{"line":88,"column":8},"end":{"line":88,"column":null}},"32":{"start":{"line":90,"column":6},"end":{"line":90,"column":null}},"33":{"start":{"line":92,"column":6},"end":{"line":92,"column":null}},"34":{"start":{"line":93,"column":6},"end":{"line":93,"column":null}},"35":{"start":{"line":98,"column":33},"end":{"line":110,"column":null}},"36":{"start":{"line":99,"column":4},"end":{"line":99,"column":null}},"37":{"start":{"line":100,"column":4},"end":{"line":100,"column":null}},"38":{"start":{"line":102,"column":4},"end":{"line":109,"column":null}},"39":{"start":{"line":103,"column":26},"end":{"line":103,"column":null}},"40":{"start":{"line":104,"column":6},"end":{"line":104,"column":null}},"41":{"start":{"line":106,"column":6},"end":{"line":106,"column":null}},"42":{"start":{"line":108,"column":6},"end":{"line":108,"column":null}},"43":{"start":{"line":113,"column":2},"end":{"line":167,"column":null}},"44":{"start":{"line":114,"column":26},"end":{"line":114,"column":null}},"45":{"start":{"line":115,"column":23},"end":{"line":115,"column":null}},"46":{"start":{"line":117,"column":4},"end":{"line":165,"column":null}},"47":{"start":{"line":119,"column":23},"end":{"line":119,"column":null}},"48":{"start":{"line":119,"column":80},"end":{"line":119,"column":null}},"49":{"start":{"line":120,"column":6},"end":{"line":120,"column":null}},"50":{"start":{"line":121,"column":6},"end":{"line":121,"column":42}},"51":{"start":{"line":124,"column":6},"end":{"line":124,"column":null}},"52":{"start":{"line":125,"column":6},"end":{"line":125,"column":null}},"53":{"start":{"line":126,"column":6},"end":{"line":136,"column":null}},"54":{"start":{"line":128,"column":10},"end":{"line":128,"column":null}},"55":{"start":{"line":131,"column":10},"end":{"line":131,"column":null}},"56":{"start":{"line":134,"column":10},"end":{"line":134,"column":null}},"57":{"start":{"line":135,"column":10},"end":{"line":135,"column":null}},"58":{"start":{"line":137,"column":11},"end":{"line":165,"column":null}},"59":{"start":{"line":139,"column":6},"end":{"line":139,"column":null}},"60":{"start":{"line":140,"column":6},"end":{"line":140,"column":null}},"61":{"start":{"line":141,"column":6},"end":{"line":141,"column":null}},"62":{"start":{"line":142,"column":6},"end":{"line":152,"column":null}},"63":{"start":{"line":144,"column":10},"end":{"line":144,"column":null}},"64":{"start":{"line":147,"column":10},"end":{"line":147,"column":null}},"65":{"start":{"line":150,"column":10},"end":{"line":150,"column":null}},"66":{"start":{"line":151,"column":10},"end":{"line":151,"column":null}},"67":{"start":{"line":155,"column":6},"end":{"line":155,"column":null}},"68":{"start":{"line":156,"column":31},"end":{"line":163,"column":null}},"69":{"start":{"line":157,"column":8},"end":{"line":162,"column":null}},"70":{"start":{"line":158,"column":10},"end":{"line":158,"column":null}},"71":{"start":{"line":158,"column":16},"end":{"line":158,"column":null}},"72":{"start":{"line":159,"column":10},"end":{"line":159,"column":null}},"73":{"start":{"line":161,"column":10},"end":{"line":161,"column":null}},"74":{"start":{"line":164,"column":6},"end":{"line":164,"column":null}},"75":{"start":{"line":169,"column":23},"end":{"line":214,"column":null}},"76":{"start":{"line":170,"column":4},"end":{"line":170,"column":null}},"77":{"start":{"line":172,"column":4},"end":{"line":177,"column":null}},"78":{"start":{"line":173,"column":6},"end":{"line":173,"column":null}},"79":{"start":{"line":175,"column":6},"end":{"line":175,"column":null}},"80":{"start":{"line":176,"column":6},"end":{"line":176,"column":null}},"81":{"start":{"line":179,"column":4},"end":{"line":179,"column":null}},"82":{"start":{"line":180,"column":4},"end":{"line":180,"column":null}},"83":{"start":{"line":182,"column":4},"end":{"line":213,"column":null}},"84":{"start":{"line":184,"column":20},"end":{"line":184,"column":null}},"85":{"start":{"line":185,"column":23},"end":{"line":185,"column":84}},"86":{"start":{"line":187,"column":26},"end":{"line":187,"column":null}},"87":{"start":{"line":190,"column":24},"end":{"line":190,"column":null}},"88":{"start":{"line":191,"column":6},"end":{"line":193,"column":null}},"89":{"start":{"line":192,"column":8},"end":{"line":192,"column":null}},"90":{"start":{"line":194,"column":6},"end":{"line":196,"column":null}},"91":{"start":{"line":195,"column":8},"end":{"line":195,"column":null}},"92":{"start":{"line":197,"column":21},"end":{"line":197,"column":null}},"93":{"start":{"line":198,"column":6},"end":{"line":198,"column":null}},"94":{"start":{"line":201,"column":6},"end":{"line":206,"column":null}},"95":{"start":{"line":201,"column":61},"end":{"line":206,"column":null}},"96":{"start":{"line":208,"column":6},"end":{"line":208,"column":null}},"97":{"start":{"line":210,"column":6},"end":{"line":210,"column":null}},"98":{"start":{"line":212,"column":6},"end":{"line":212,"column":null}},"99":{"start":{"line":232,"column":31},"end":{"line":232,"column":null}},"100":{"start":{"line":275,"column":22},"end":{"line":276,"column":null}},"101":{"start":{"line":280,"column":46},"end":{"line":280,"column":null}},"102":{"start":{"line":280,"column":80},"end":{"line":280,"column":null}},"103":{"start":{"line":281,"column":26},"end":{"line":281,"column":null}},"104":{"start":{"line":282,"column":26},"end":{"line":291,"column":null}},"105":{"start":{"line":283,"column":28},"end":{"line":283,"column":null}},"106":{"start":{"line":284,"column":28},"end":{"line":284,"column":null}},"107":{"start":{"line":285,"column":28},"end":{"line":285,"column":null}},"108":{"start":{"line":287,"column":28},"end":{"line":287,"column":null}},"109":{"start":{"line":288,"column":28},"end":{"line":290,"column":null}},"110":{"start":{"line":290,"column":44},"end":{"line":290,"column":null}},"111":{"start":{"line":305,"column":14},"end":{"line":306,"column":null}},"112":{"start":{"line":310,"column":18},"end":{"line":310,"column":null}},"113":{"start":{"line":311,"column":18},"end":{"line":311,"column":null}},"114":{"start":{"line":329,"column":26},"end":{"line":329,"column":42}}},"fnMap":{"0":{"name":"SearchPage","decl":{"start":{"line":10,"column":24},"end":{"line":10,"column":null}},"loc":{"start":{"line":10,"column":24},"end":{"line":25,"column":null}}},"1":{"name":"SearchPageContent","decl":{"start":{"line":27,"column":9},"end":{"line":27,"column":null}},"loc":{"start":{"line":27,"column":9},"end":{"line":370,"column":null}}},"2":{"name":"(anonymous_6)","decl":{"start":{"line":38,"column":28},"end":{"line":38,"column":35}},"loc":{"start":{"line":38,"column":93},"end":{"line":76,"column":null}}},"3":{"name":"(anonymous_7)","decl":{"start":{"line":47,"column":23},"end":{"line":47,"column":null}},"loc":{"start":{"line":47,"column":23},"end":{"line":49,"column":null}}},"4":{"name":"(anonymous_8)","decl":{"start":{"line":62,"column":52},"end":{"line":62,"column":59}},"loc":{"start":{"line":62,"column":59},"end":{"line":62,"column":null}}},"5":{"name":"(anonymous_9)","decl":{"start":{"line":79,"column":29},"end":{"line":79,"column":36}},"loc":{"start":{"line":79,"column":36},"end":{"line":95,"column":null}}},"6":{"name":"(anonymous_10)","decl":{"start":{"line":98,"column":33},"end":{"line":98,"column":null}},"loc":{"start":{"line":98,"column":33},"end":{"line":110,"column":null}}},"7":{"name":"(anonymous_11)","decl":{"start":{"line":113,"column":12},"end":{"line":113,"column":null}},"loc":{"start":{"line":113,"column":12},"end":{"line":167,"column":5}}},"8":{"name":"(anonymous_12)","decl":{"start":{"line":119,"column":75},"end":{"line":119,"column":80}},"loc":{"start":{"line":119,"column":80},"end":{"line":119,"column":null}}},"9":{"name":"(anonymous_13)","decl":{"start":{"line":127,"column":14},"end":{"line":127,"column":null}},"loc":{"start":{"line":127,"column":14},"end":{"line":129,"column":null}}},"10":{"name":"(anonymous_14)","decl":{"start":{"line":130,"column":15},"end":{"line":130,"column":null}},"loc":{"start":{"line":130,"column":15},"end":{"line":132,"column":null}}},"11":{"name":"(anonymous_15)","decl":{"start":{"line":133,"column":17},"end":{"line":133,"column":null}},"loc":{"start":{"line":133,"column":17},"end":{"line":136,"column":null}}},"12":{"name":"(anonymous_16)","decl":{"start":{"line":143,"column":14},"end":{"line":143,"column":null}},"loc":{"start":{"line":143,"column":14},"end":{"line":145,"column":null}}},"13":{"name":"(anonymous_17)","decl":{"start":{"line":146,"column":15},"end":{"line":146,"column":null}},"loc":{"start":{"line":146,"column":15},"end":{"line":148,"column":null}}},"14":{"name":"(anonymous_18)","decl":{"start":{"line":149,"column":17},"end":{"line":149,"column":null}},"loc":{"start":{"line":149,"column":17},"end":{"line":152,"column":null}}},"15":{"name":"(anonymous_19)","decl":{"start":{"line":156,"column":31},"end":{"line":156,"column":null}},"loc":{"start":{"line":156,"column":31},"end":{"line":163,"column":null}}},"16":{"name":"(anonymous_20)","decl":{"start":{"line":158,"column":16},"end":{"line":158,"column":23}},"loc":{"start":{"line":158,"column":16},"end":{"line":158,"column":null}}},"17":{"name":"(anonymous_21)","decl":{"start":{"line":169,"column":23},"end":{"line":169,"column":30}},"loc":{"start":{"line":169,"column":30},"end":{"line":214,"column":null}}},"18":{"name":"(anonymous_22)","decl":{"start":{"line":201,"column":53},"end":{"line":201,"column":61}},"loc":{"start":{"line":201,"column":61},"end":{"line":206,"column":null}}},"19":{"name":"(anonymous_23)","decl":{"start":{"line":232,"column":24},"end":{"line":232,"column":25}},"loc":{"start":{"line":232,"column":31},"end":{"line":232,"column":null}}},"20":{"name":"(anonymous_24)","decl":{"start":{"line":274,"column":42},"end":{"line":274,"column":43}},"loc":{"start":{"line":275,"column":22},"end":{"line":276,"column":null}}},"21":{"name":"(anonymous_25)","decl":{"start":{"line":278,"column":33},"end":{"line":278,"column":null}},"loc":{"start":{"line":278,"column":33},"end":{"line":292,"column":null}}},"22":{"name":"(anonymous_26)","decl":{"start":{"line":280,"column":70},"end":{"line":280,"column":71}},"loc":{"start":{"line":280,"column":80},"end":{"line":280,"column":null}}},"23":{"name":"(anonymous_27)","decl":{"start":{"line":290,"column":37},"end":{"line":290,"column":44}},"loc":{"start":{"line":290,"column":44},"end":{"line":290,"column":null}}},"24":{"name":"(anonymous_28)","decl":{"start":{"line":304,"column":31},"end":{"line":304,"column":32}},"loc":{"start":{"line":305,"column":14},"end":{"line":306,"column":null}}},"25":{"name":"(anonymous_29)","decl":{"start":{"line":308,"column":25},"end":{"line":308,"column":null}},"loc":{"start":{"line":308,"column":25},"end":{"line":312,"column":null}}},"26":{"name":"(anonymous_30)","decl":{"start":{"line":328,"column":48},"end":{"line":328,"column":49}},"loc":{"start":{"line":329,"column":26},"end":{"line":329,"column":42}}}},"branchMap":{"0":{"loc":{"start":{"line":38,"column":50},"end":{"line":38,"column":73}},"type":"default-arg","locations":[{"start":{"line":38,"column":71},"end":{"line":38,"column":73}}]},"1":{"loc":{"start":{"line":38,"column":75},"end":{"line":38,"column":93}},"type":"default-arg","locations":[{"start":{"line":38,"column":91},"end":{"line":38,"column":93}}]},"2":{"loc":{"start":{"line":46,"column":4},"end":{"line":50,"column":null}},"type":"if","locations":[{"start":{"line":46,"column":4},"end":{"line":50,"column":null}}]},"3":{"loc":{"start":{"line":61,"column":4},"end":{"line":64,"column":null}},"type":"if","locations":[{"start":{"line":61,"column":4},"end":{"line":64,"column":null}}]},"4":{"loc":{"start":{"line":63,"column":22},"end":{"line":63,"column":null}},"type":"binary-expr","locations":[{"start":{"line":63,"column":22},"end":{"line":63,"column":37}},{"start":{"line":63,"column":41},"end":{"line":63,"column":null}}]},"5":{"loc":{"start":{"line":70,"column":4},"end":{"line":73,"column":null}},"type":"if","locations":[{"start":{"line":70,"column":4},"end":{"line":73,"column":null}}]},"6":{"loc":{"start":{"line":70,"column":8},"end":{"line":70,"column":67}},"type":"binary-expr","locations":[{"start":{"line":70,"column":8},"end":{"line":70,"column":23}},{"start":{"line":70,"column":27},"end":{"line":70,"column":39}},{"start":{"line":70,"column":43},"end":{"line":70,"column":67}}]},"7":{"loc":{"start":{"line":86,"column":6},"end":{"line":89,"column":null}},"type":"if","locations":[{"start":{"line":86,"column":6},"end":{"line":89,"column":null}}]},"8":{"loc":{"start":{"line":88,"column":15},"end":{"line":88,"column":null}},"type":"cond-expr","locations":[{"start":{"line":88,"column":32},"end":{"line":88,"column":61}},{"start":{"line":88,"column":61},"end":{"line":88,"column":null}}]},"9":{"loc":{"start":{"line":88,"column":32},"end":{"line":88,"column":61}},"type":"binary-expr","locations":[{"start":{"line":88,"column":32},"end":{"line":88,"column":57}},{"start":{"line":88,"column":57},"end":{"line":88,"column":61}}]},"10":{"loc":{"start":{"line":106,"column":15},"end":{"line":106,"column":null}},"type":"cond-expr","locations":[{"start":{"line":106,"column":38},"end":{"line":106,"column":49}},{"start":{"line":106,"column":52},"end":{"line":106,"column":null}}]},"11":{"loc":{"start":{"line":117,"column":4},"end":{"line":165,"column":null}},"type":"if","locations":[{"start":{"line":117,"column":4},"end":{"line":165,"column":null}},{"start":{"line":137,"column":11},"end":{"line":165,"column":null}}]},"12":{"loc":{"start":{"line":131,"column":19},"end":{"line":131,"column":null}},"type":"cond-expr","locations":[{"start":{"line":131,"column":42},"end":{"line":131,"column":53}},{"start":{"line":131,"column":56},"end":{"line":131,"column":null}}]},"13":{"loc":{"start":{"line":137,"column":11},"end":{"line":165,"column":null}},"type":"if","locations":[{"start":{"line":137,"column":11},"end":{"line":165,"column":null}},{"start":{"line":153,"column":11},"end":{"line":165,"column":null}}]},"14":{"loc":{"start":{"line":147,"column":19},"end":{"line":147,"column":null}},"type":"cond-expr","locations":[{"start":{"line":147,"column":42},"end":{"line":147,"column":53}},{"start":{"line":147,"column":56},"end":{"line":147,"column":null}}]},"15":{"loc":{"start":{"line":172,"column":4},"end":{"line":177,"column":null}},"type":"if","locations":[{"start":{"line":172,"column":4},"end":{"line":177,"column":null}}]},"16":{"loc":{"start":{"line":172,"column":8},"end":{"line":172,"column":61}},"type":"binary-expr","locations":[{"start":{"line":172,"column":8},"end":{"line":172,"column":30}},{"start":{"line":172,"column":30},"end":{"line":172,"column":61}}]},"17":{"loc":{"start":{"line":185,"column":23},"end":{"line":185,"column":84}},"type":"cond-expr","locations":[{"start":{"line":185,"column":63},"end":{"line":185,"column":82}},{"start":{"line":185,"column":82},"end":{"line":185,"column":84}}]},"18":{"loc":{"start":{"line":185,"column":23},"end":{"line":185,"column":63}},"type":"binary-expr","locations":[{"start":{"line":185,"column":23},"end":{"line":185,"column":54}},{"start":{"line":185,"column":54},"end":{"line":185,"column":63}}]},"19":{"loc":{"start":{"line":191,"column":6},"end":{"line":193,"column":null}},"type":"if","locations":[{"start":{"line":191,"column":6},"end":{"line":193,"column":null}}]},"20":{"loc":{"start":{"line":194,"column":6},"end":{"line":196,"column":null}},"type":"if","locations":[{"start":{"line":194,"column":6},"end":{"line":196,"column":null}}]},"21":{"loc":{"start":{"line":197,"column":21},"end":{"line":197,"column":null}},"type":"cond-expr","locations":[{"start":{"line":197,"column":44},"end":{"line":197,"column":77}},{"start":{"line":197,"column":80},"end":{"line":197,"column":null}}]},"22":{"loc":{"start":{"line":210,"column":15},"end":{"line":210,"column":null}},"type":"cond-expr","locations":[{"start":{"line":210,"column":38},"end":{"line":210,"column":49}},{"start":{"line":210,"column":52},"end":{"line":210,"column":null}}]},"23":{"loc":{"start":{"line":242,"column":16},"end":{"line":246,"column":null}},"type":"cond-expr","locations":[{"start":{"line":242,"column":16},"end":{"line":246,"column":null}}]},"24":{"loc":{"start":{"line":255,"column":7},"end":{"line":255,"column":null}},"type":"binary-expr","locations":[{"start":{"line":255,"column":7},"end":{"line":255,"column":null}}]},"25":{"loc":{"start":{"line":261,"column":7},"end":{"line":367,"column":null}},"type":"cond-expr","locations":[{"start":{"line":262,"column":8},"end":{"line":361,"column":24}},{"start":{"line":361,"column":10},"end":{"line":367,"column":null}}]},"26":{"loc":{"start":{"line":265,"column":15},"end":{"line":267,"column":51}},"type":"cond-expr","locations":[{"start":{"line":266,"column":18},"end":{"line":266,"column":51}},{"start":{"line":267,"column":18},"end":{"line":267,"column":51}}]},"27":{"loc":{"start":{"line":265,"column":15},"end":{"line":265,"column":null}},"type":"binary-expr","locations":[{"start":{"line":265,"column":15},"end":{"line":265,"column":29}},{"start":{"line":265,"column":29},"end":{"line":265,"column":null}}]},"28":{"loc":{"start":{"line":269,"column":14},"end":{"line":269,"column":28}},"type":"binary-expr","locations":[{"start":{"line":269,"column":14},"end":{"line":269,"column":28}},{"start":{"line":269,"column":28},"end":{"line":269,"column":null}}]},"29":{"loc":{"start":{"line":271,"column":21},"end":{"line":271,"column":63}},"type":"binary-expr","locations":[{"start":{"line":271,"column":21},"end":{"line":271,"column":35}},{"start":{"line":271,"column":35},"end":{"line":271,"column":63}}]},"30":{"loc":{"start":{"line":272,"column":17},"end":{"line":272,"column":null}},"type":"binary-expr","locations":[{"start":{"line":272,"column":17},"end":{"line":272,"column":null}}]},"31":{"loc":{"start":{"line":282,"column":26},"end":{"line":291,"column":null}},"type":"if","locations":[{"start":{"line":282,"column":26},"end":{"line":291,"column":null}},{"start":{"line":286,"column":33},"end":{"line":291,"column":null}}]},"32":{"loc":{"start":{"line":290,"column":53},"end":{"line":290,"column":null}},"type":"cond-expr","locations":[{"start":{"line":290,"column":76},"end":{"line":290,"column":87}},{"start":{"line":290,"column":90},"end":{"line":290,"column":null}}]},"33":{"loc":{"start":{"line":320,"column":21},"end":{"line":322,"column":54}},"type":"cond-expr","locations":[{"start":{"line":321,"column":24},"end":{"line":321,"column":null}},{"start":{"line":322,"column":24},"end":{"line":322,"column":54}}]},"34":{"loc":{"start":{"line":328,"column":24},"end":{"line":329,"column":42}},"type":"cond-expr","locations":[{"start":{"line":328,"column":24},"end":{"line":329,"column":42}}]},"35":{"loc":{"start":{"line":327,"column":23},"end":{"line":327,"column":null}},"type":"binary-expr","locations":[{"start":{"line":327,"column":23},"end":{"line":327,"column":42}},{"start":{"line":327,"column":46},"end":{"line":327,"column":84}},{"start":{"line":327,"column":84},"end":{"line":327,"column":null}}]},"36":{"loc":{"start":{"line":338,"column":23},"end":{"line":338,"column":62}},"type":"binary-expr","locations":[{"start":{"line":338,"column":23},"end":{"line":338,"column":62}},{"start":{"line":338,"column":62},"end":{"line":338,"column":null}}]},"37":{"loc":{"start":{"line":341,"column":28},"end":{"line":345,"column":null}},"type":"cond-expr","locations":[{"start":{"line":342,"column":32},"end":{"line":342,"column":null}},{"start":{"line":343,"column":32},"end":{"line":345,"column":null}}]},"38":{"loc":{"start":{"line":343,"column":32},"end":{"line":345,"column":null}},"type":"cond-expr","locations":[{"start":{"line":344,"column":32},"end":{"line":344,"column":null}},{"start":{"line":345,"column":32},"end":{"line":345,"column":null}}]},"39":{"loc":{"start":{"line":353,"column":65},"end":{"line":353,"column":92}},"type":"binary-expr","locations":[{"start":{"line":353,"column":65},"end":{"line":353,"column":86}},{"start":{"line":353,"column":90},"end":{"line":353,"column":92}}]},"40":{"loc":{"start":{"line":361,"column":10},"end":{"line":367,"column":null}},"type":"cond-expr","locations":[{"start":{"line":362,"column":8},"end":{"line":367,"column":null}},{"start":{"line":367,"column":10},"end":{"line":367,"column":null}}]},"41":{"loc":{"start":{"line":361,"column":10},"end":{"line":361,"column":null}},"type":"binary-expr","locations":[{"start":{"line":361,"column":10},"end":{"line":361,"column":24}},{"start":{"line":361,"column":24},"end":{"line":361,"column":null}}]}},"s":{"0":0,"1":0,"2":0,"3":0,"4":0,"5":0,"6":0,"7":0,"8":0,"9":0,"10":0,"11":0,"12":0,"13":0,"14":0,"15":0,"16":0,"17":0,"18":0,"19":0,"20":0,"21":0,"22":0,"23":0,"24":0,"25":0,"26":0,"27":0,"28":0,"29":0,"30":0,"31":0,"32":0,"33":0,"34":0,"35":0,"36":0,"37":0,"38":0,"39":0,"40":0,"41":0,"42":0,"43":0,"44":0,"45":0,"46":0,"47":0,"48":0,"49":0,"50":0,"51":0,"52":0,"53":0,"54":0,"55":0,"56":0,"57":0,"58":0,"59":0,"60":0,"61":0,"62":0,"63":0,"64":0,"65":0,"66":0,"67":0,"68":0,"69":0,"70":0,"71":0,"72":0,"73":0,"74":0,"75":0,"76":0,"77":0,"78":0,"79":0,"80":0,"81":0,"82":0,"83":0,"84":0,"85":0,"86":0,"87":0,"88":0,"89":0,"90":0,"91":0,"92":0,"93":0,"94":0,"95":0,"96":0,"97":0,"98":0,"99":0,"100":0,"101":0,"102":0,"103":0,"104":0,"105":0,"106":0,"107":0,"108":0,"109":0,"110":0,"111":0,"112":0,"113":0,"114":0},"f":{"0":0,"1":0,"2":0,"3":0,"4":0,"5":0,"6":0,"7":0,"8":0,"9":0,"10":0,"11":0,"12":0,"13":0,"14":0,"15":0,"16":0,"17":0,"18":0,"19":0,"20":0,"21":0,"22":0,"23":0,"24":0,"25":0,"26":0},"b":{"0":[0],"1":[0],"2":[0],"3":[0],"4":[0,0],"5":[0],"6":[0,0,0],"7":[0],"8":[0,0],"9":[0,0],"10":[0,0],"11":[0,0],"12":[0,0],"13":[0,0],"14":[0,0],"15":[0],"16":[0,0],"17":[0,0],"18":[0,0],"19":[0],"20":[0],"21":[0,0],"22":[0,0],"23":[0],"24":[0],"25":[0,0],"26":[0,0],"27":[0,0],"28":[0,0],"29":[0,0],"30":[0],"31":[0,0],"32":[0,0],"33":[0,0],"34":[0],"35":[0,0,0],"36":[0,0],"37":[0,0],"38":[0,0],"39":[0,0],"40":[0,0],"41":[0,0]}}
,"D:\\project\\recall-kit\\web\\src\\app\\admin\\layout.tsx": {"path":"D:\\project\\recall-kit\\web\\src\\app\\admin\\layout.tsx","statementMap":{"0":{"start":{"line":7,"column":24},"end":{"line":7,"column":36}},"1":{"start":{"line":3,"column":20},"end":{"line":3,"column":null}},"2":{"start":{"line":4,"column":28},"end":{"line":4,"column":null}},"3":{"start":{"line":5,"column":28},"end":{"line":5,"column":null}},"4":{"start":{"line":12,"column":19},"end":{"line":12,"column":null}},"5":{"start":{"line":13,"column":22},"end":{"line":13,"column":null}},"6":{"start":{"line":16,"column":2},"end":{"line":18,"column":null}}},"fnMap":{"0":{"name":"AdminLayout","decl":{"start":{"line":7,"column":24},"end":{"line":7,"column":36}},"loc":{"start":{"line":11,"column":1},"end":{"line":32,"column":null}}}},"branchMap":{"0":{"loc":{"start":{"line":16,"column":2},"end":{"line":18,"column":null}},"type":"if","locations":[{"start":{"line":16,"column":2},"end":{"line":18,"column":null}}]}},"s":{"0":0,"1":0,"2":0,"3":0,"4":0,"5":0,"6":0},"f":{"0":0},"b":{"0":[0]}}
,"D:\\project\\recall-kit\\web\\src\\app\\admin\\api-keys\\page.tsx": {"path":"D:\\project\\recall-kit\\web\\src\\app\\admin\\api-keys\\page.tsx","statementMap":{"0":{"start":{"line":25,"column":24},"end":{"line":25,"column":null}},"1":{"start":{"line":3,"column":36},"end":{"line":3,"column":null}},"2":{"start":{"line":4,"column":26},"end":{"line":4,"column":null}},"3":{"start":{"line":5,"column":27},"end":{"line":5,"column":null}},"4":{"start":{"line":6,"column":17},"end":{"line":6,"column":null}},"5":{"start":{"line":7,"column":22},"end":{"line":7,"column":null}},"6":{"start":{"line":8,"column":33},"end":{"line":8,"column":null}},"7":{"start":{"line":26,"column":17},"end":{"line":26,"column":null}},"8":{"start":{"line":27,"column":36},"end":{"line":27,"column":null}},"9":{"start":{"line":28,"column":32},"end":{"line":28,"column":null}},"10":{"start":{"line":29,"column":32},"end":{"line":29,"column":null}},"11":{"start":{"line":30,"column":30},"end":{"line":30,"column":null}},"12":{"start":{"line":31,"column":48},"end":{"line":31,"column":null}},"13":{"start":{"line":32,"column":44},"end":{"line":32,"column":null}},"14":{"start":{"line":33,"column":36},"end":{"line":33,"column":null}},"15":{"start":{"line":34,"column":40},"end":{"line":34,"column":null}},"16":{"start":{"line":35,"column":46},"end":{"line":35,"column":null}},"17":{"start":{"line":37,"column":23},"end":{"line":56,"column":null}},"18":{"start":{"line":38,"column":4},"end":{"line":55,"column":null}},"19":{"start":{"line":39,"column":6},"end":{"line":39,"column":null}},"20":{"start":{"line":40,"column":23},"end":{"line":42,"column":null}},"21":{"start":{"line":44,"column":6},"end":{"line":46,"column":null}},"22":{"start":{"line":45,"column":8},"end":{"line":45,"column":null}},"23":{"start":{"line":48,"column":19},"end":{"line":48,"column":null}},"24":{"start":{"line":49,"column":6},"end":{"line":49,"column":null}},"25":{"start":{"line":51,"column":6},"end":{"line":51,"column":null}},"26":{"start":{"line":52,"column":6},"end":{"line":52,"column":null}},"27":{"start":{"line":54,"column":6},"end":{"line":54,"column":null}},"28":{"start":{"line":58,"column":2},"end":{"line":71,"column":null}},"29":{"start":{"line":60,"column":4},"end":{"line":62,"column":null}},"30":{"start":{"line":61,"column":6},"end":{"line":61,"column":null}},"31":{"start":{"line":65,"column":4},"end":{"line":68,"column":null}},"32":{"start":{"line":66,"column":6},"end":{"line":66,"column":null}},"33":{"start":{"line":67,"column":6},"end":{"line":67,"column":null}},"34":{"start":{"line":70,"column":4},"end":{"line":70,"column":null}},"35":{"start":{"line":73,"column":29},"end":{"line":99,"column":null}},"36":{"start":{"line":74,"column":22},"end":{"line":80,"column":null}},"37":{"start":{"line":82,"column":4},"end":{"line":82,"column":null}},"38":{"start":{"line":82,"column":20},"end":{"line":82,"column":null}},"39":{"start":{"line":84,"column":4},"end":{"line":98,"column":null}},"40":{"start":{"line":85,"column":23},"end":{"line":88,"column":null}},"41":{"start":{"line":90,"column":6},"end":{"line":94,"column":null}},"42":{"start":{"line":91,"column":8},"end":{"line":91,"column":null}},"43":{"start":{"line":93,"column":8},"end":{"line":93,"column":null}},"44":{"start":{"line":96,"column":6},"end":{"line":96,"column":null}},"45":{"start":{"line":97,"column":6},"end":{"line":97,"column":null}},"46":{"start":{"line":101,"column":29},"end":{"line":121,"column":null}},"47":{"start":{"line":102,"column":4},"end":{"line":120,"column":null}},"48":{"start":{"line":103,"column":23},"end":{"line":110,"column":null}},"49":{"start":{"line":112,"column":6},"end":{"line":116,"column":null}},"50":{"start":{"line":113,"column":8},"end":{"line":113,"column":null}},"51":{"start":{"line":115,"column":8},"end":{"line":115,"column":null}},"52":{"start":{"line":118,"column":6},"end":{"line":118,"column":null}},"53":{"start":{"line":119,"column":6},"end":{"line":119,"column":null}},"54":{"start":{"line":124,"column":24},"end":{"line":150,"column":null}},"55":{"start":{"line":125,"column":2},"end":{"line":149,"column":null}},"56":{"start":{"line":127,"column":4},"end":{"line":130,"column":null}},"57":{"start":{"line":128,"column":6},"end":{"line":128,"column":null}},"58":{"start":{"line":129,"column":6},"end":{"line":129,"column":null}},"59":{"start":{"line":133,"column":21},"end":{"line":133,"column":null}},"60":{"start":{"line":134,"column":4},"end":{"line":134,"column":null}},"61":{"start":{"line":135,"column":4},"end":{"line":135,"column":null}},"62":{"start":{"line":136,"column":4},"end":{"line":136,"column":null}},"63":{"start":{"line":137,"column":4},"end":{"line":137,"column":null}},"64":{"start":{"line":138,"column":4},"end":{"line":138,"column":null}},"65":{"start":{"line":139,"column":4},"end":{"line":139,"column":null}},"66":{"start":{"line":140,"column":4},"end":{"line":140,"column":null}},"67":{"start":{"line":142,"column":23},"end":{"line":142,"column":null}},"68":{"start":{"line":143,"column":4},"end":{"line":143,"column":null}},"69":{"start":{"line":145,"column":4},"end":{"line":145,"column":null}},"70":{"start":{"line":147,"column":4},"end":{"line":147,"column":null}},"71":{"start":{"line":148,"column":4},"end":{"line":148,"column":null}},"72":{"start":{"line":152,"column":31},"end":{"line":167,"column":null}},"73":{"start":{"line":153,"column":4},"end":{"line":166,"column":null}},"74":{"start":{"line":154,"column":6},"end":{"line":154,"column":null}},"75":{"start":{"line":155,"column":22},"end":{"line":155,"column":null}},"76":{"start":{"line":156,"column":6},"end":{"line":160,"column":null}},"77":{"start":{"line":157,"column":8},"end":{"line":157,"column":null}},"78":{"start":{"line":159,"column":8},"end":{"line":159,"column":null}},"79":{"start":{"line":162,"column":6},"end":{"line":162,"column":null}},"80":{"start":{"line":163,"column":6},"end":{"line":163,"column":null}},"81":{"start":{"line":165,"column":6},"end":{"line":165,"column":null}},"82":{"start":{"line":170,"column":26},"end":{"line":171,"column":null}},"83":{"start":{"line":171,"column":4},"end":{"line":171,"column":null}},"84":{"start":{"line":174,"column":21},"end":{"line":177,"column":null}},"85":{"start":{"line":175,"column":4},"end":{"line":175,"column":null}},"86":{"start":{"line":175,"column":21},"end":{"line":175,"column":null}},"87":{"start":{"line":176,"column":4},"end":{"line":176,"column":null}},"88":{"start":{"line":179,"column":25},"end":{"line":182,"column":null}},"89":{"start":{"line":180,"column":4},"end":{"line":180,"column":null}},"90":{"start":{"line":180,"column":21},"end":{"line":180,"column":null}},"91":{"start":{"line":181,"column":4},"end":{"line":181,"column":null}},"92":{"start":{"line":184,"column":25},"end":{"line":189,"column":null}},"93":{"start":{"line":185,"column":4},"end":{"line":187,"column":null}},"94":{"start":{"line":200,"column":25},"end":{"line":200,"column":null}},"95":{"start":{"line":216,"column":33},"end":{"line":216,"column":null}},"96":{"start":{"line":242,"column":31},"end":{"line":242,"column":null}},"97":{"start":{"line":265,"column":20},"end":{"line":265,"column":null}},"98":{"start":{"line":278,"column":47},"end":{"line":278,"column":null}},"99":{"start":{"line":317,"column":43},"end":{"line":317,"column":null}},"100":{"start":{"line":329,"column":43},"end":{"line":329,"column":null}},"101":{"start":{"line":345,"column":43},"end":{"line":345,"column":null}},"102":{"start":{"line":367,"column":25},"end":{"line":367,"column":null}},"103":{"start":{"line":369,"column":12},"end":{"line":369,"column":null}},"104":{"start":{"line":370,"column":12},"end":{"line":370,"column":null}},"105":{"start":{"line":371,"column":12},"end":{"line":371,"column":null}},"106":{"start":{"line":380,"column":25},"end":{"line":380,"column":null}},"107":{"start":{"line":382,"column":12},"end":{"line":382,"column":null}},"108":{"start":{"line":383,"column":12},"end":{"line":383,"column":null}},"109":{"start":{"line":392,"column":25},"end":{"line":392,"column":null}},"110":{"start":{"line":408,"column":34},"end":{"line":411,"column":null}},"111":{"start":{"line":412,"column":32},"end":{"line":412,"column":null}},"112":{"start":{"line":414,"column":23},"end":{"line":444,"column":null}},"113":{"start":{"line":415,"column":4},"end":{"line":415,"column":null}},"114":{"start":{"line":416,"column":4},"end":{"line":416,"column":null}},"115":{"start":{"line":418,"column":4},"end":{"line":443,"column":null}},"116":{"start":{"line":419,"column":18},"end":{"line":419,"column":null}},"117":{"start":{"line":420,"column":21},"end":{"line":420,"column":null}},"118":{"start":{"line":422,"column":23},"end":{"line":429,"column":null}},"119":{"start":{"line":431,"column":6},"end":{"line":437,"column":null}},"120":{"start":{"line":432,"column":21},"end":{"line":432,"column":null}},"121":{"start":{"line":433,"column":8},"end":{"line":433,"column":null}},"122":{"start":{"line":435,"column":22},"end":{"line":435,"column":null}},"123":{"start":{"line":436,"column":8},"end":{"line":436,"column":null}},"124":{"start":{"line":439,"column":6},"end":{"line":439,"column":null}},"125":{"start":{"line":440,"column":6},"end":{"line":440,"column":null}},"126":{"start":{"line":442,"column":6},"end":{"line":442,"column":null}},"127":{"start":{"line":476,"column":33},"end":{"line":476,"column":null}},"128":{"start":{"line":476,"column":54},"end":{"line":476,"column":null}},"129":{"start":{"line":504,"column":37},"end":{"line":504,"column":null}},"130":{"start":{"line":504,"column":58},"end":{"line":504,"column":null}},"131":{"start":{"line":557,"column":30},"end":{"line":557,"column":null}},"132":{"start":{"line":560,"column":27},"end":{"line":592,"column":null}},"133":{"start":{"line":561,"column":4},"end":{"line":591,"column":null}},"134":{"start":{"line":563,"column":6},"end":{"line":587,"column":null}},"135":{"start":{"line":564,"column":8},"end":{"line":564,"column":null}},"136":{"start":{"line":565,"column":8},"end":{"line":565,"column":null}},"137":{"start":{"line":566,"column":8},"end":{"line":566,"column":null}},"138":{"start":{"line":566,"column":25},"end":{"line":566,"column":43}},"139":{"start":{"line":569,"column":25},"end":{"line":569,"column":null}},"140":{"start":{"line":570,"column":8},"end":{"line":570,"column":null}},"141":{"start":{"line":571,"column":8},"end":{"line":571,"column":null}},"142":{"start":{"line":572,"column":8},"end":{"line":572,"column":null}},"143":{"start":{"line":573,"column":8},"end":{"line":573,"column":null}},"144":{"start":{"line":574,"column":8},"end":{"line":574,"column":null}},"145":{"start":{"line":575,"column":8},"end":{"line":575,"column":null}},"146":{"start":{"line":576,"column":8},"end":{"line":576,"column":null}},"147":{"start":{"line":578,"column":27},"end":{"line":578,"column":null}},"148":{"start":{"line":579,"column":8},"end":{"line":579,"column":null}},"149":{"start":{"line":581,"column":8},"end":{"line":586,"column":null}},"150":{"start":{"line":582,"column":10},"end":{"line":582,"column":null}},"151":{"start":{"line":583,"column":10},"end":{"line":583,"column":null}},"152":{"start":{"line":583,"column":27},"end":{"line":583,"column":45}},"153":{"start":{"line":585,"column":10},"end":{"line":585,"column":null}},"154":{"start":{"line":589,"column":6},"end":{"line":589,"column":null}},"155":{"start":{"line":590,"column":6},"end":{"line":590,"column":null}}},"fnMap":{"0":{"name":"ApiKeysManagement","decl":{"start":{"line":25,"column":24},"end":{"line":25,"column":null}},"loc":{"start":{"line":25,"column":24},"end":{"line":398,"column":null}}},"1":{"name":"(anonymous_3)","decl":{"start":{"line":37,"column":23},"end":{"line":37,"column":null}},"loc":{"start":{"line":37,"column":23},"end":{"line":56,"column":null}}},"2":{"name":"(anonymous_4)","decl":{"start":{"line":58,"column":12},"end":{"line":58,"column":null}},"loc":{"start":{"line":58,"column":12},"end":{"line":71,"column":5}}},"3":{"name":"(anonymous_5)","decl":{"start":{"line":73,"column":29},"end":{"line":73,"column":36}},"loc":{"start":{"line":73,"column":36},"end":{"line":99,"column":null}}},"4":{"name":"(anonymous_6)","decl":{"start":{"line":101,"column":29},"end":{"line":101,"column":36}},"loc":{"start":{"line":101,"column":36},"end":{"line":121,"column":null}}},"5":{"name":"(anonymous_7)","decl":{"start":{"line":124,"column":24},"end":{"line":124,"column":31}},"loc":{"start":{"line":124,"column":31},"end":{"line":150,"column":null}}},"6":{"name":"(anonymous_8)","decl":{"start":{"line":152,"column":31},"end":{"line":152,"column":38}},"loc":{"start":{"line":152,"column":38},"end":{"line":167,"column":null}}},"7":{"name":"(anonymous_9)","decl":{"start":{"line":170,"column":41},"end":{"line":170,"column":null}},"loc":{"start":{"line":171,"column":4},"end":{"line":171,"column":null}}},"8":{"name":"(anonymous_10)","decl":{"start":{"line":174,"column":21},"end":{"line":174,"column":22}},"loc":{"start":{"line":174,"column":22},"end":{"line":177,"column":null}}},"9":{"name":"(anonymous_11)","decl":{"start":{"line":179,"column":25},"end":{"line":179,"column":26}},"loc":{"start":{"line":179,"column":26},"end":{"line":182,"column":null}}},"10":{"name":"(anonymous_12)","decl":{"start":{"line":184,"column":25},"end":{"line":184,"column":26}},"loc":{"start":{"line":184,"column":26},"end":{"line":189,"column":null}}},"11":{"name":"(anonymous_13)","decl":{"start":{"line":200,"column":19},"end":{"line":200,"column":25}},"loc":{"start":{"line":200,"column":25},"end":{"line":200,"column":null}}},"12":{"name":"(anonymous_14)","decl":{"start":{"line":216,"column":26},"end":{"line":216,"column":27}},"loc":{"start":{"line":216,"column":33},"end":{"line":216,"column":null}}},"13":{"name":"(anonymous_15)","decl":{"start":{"line":242,"column":25},"end":{"line":242,"column":31}},"loc":{"start":{"line":242,"column":31},"end":{"line":242,"column":null}}},"14":{"name":"(anonymous_16)","decl":{"start":{"line":264,"column":39},"end":{"line":264,"column":40}},"loc":{"start":{"line":265,"column":20},"end":{"line":265,"column":null}}},"15":{"name":"(anonymous_17)","decl":{"start":{"line":278,"column":41},"end":{"line":278,"column":47}},"loc":{"start":{"line":278,"column":47},"end":{"line":278,"column":null}}},"16":{"name":"(anonymous_18)","decl":{"start":{"line":317,"column":37},"end":{"line":317,"column":43}},"loc":{"start":{"line":317,"column":43},"end":{"line":317,"column":null}}},"17":{"name":"(anonymous_19)","decl":{"start":{"line":329,"column":37},"end":{"line":329,"column":43}},"loc":{"start":{"line":329,"column":43},"end":{"line":329,"column":null}}},"18":{"name":"(anonymous_20)","decl":{"start":{"line":345,"column":37},"end":{"line":345,"column":43}},"loc":{"start":{"line":345,"column":43},"end":{"line":345,"column":null}}},"19":{"name":"(anonymous_21)","decl":{"start":{"line":367,"column":19},"end":{"line":367,"column":25}},"loc":{"start":{"line":367,"column":25},"end":{"line":367,"column":null}}},"20":{"name":"(anonymous_22)","decl":{"start":{"line":368,"column":18},"end":{"line":368,"column":19}},"loc":{"start":{"line":368,"column":19},"end":{"line":372,"column":null}}},"21":{"name":"(anonymous_23)","decl":{"start":{"line":380,"column":19},"end":{"line":380,"column":25}},"loc":{"start":{"line":380,"column":25},"end":{"line":380,"column":null}}},"22":{"name":"(anonymous_24)","decl":{"start":{"line":381,"column":18},"end":{"line":381,"column":null}},"loc":{"start":{"line":381,"column":18},"end":{"line":384,"column":null}}},"23":{"name":"(anonymous_25)","decl":{"start":{"line":392,"column":19},"end":{"line":392,"column":25}},"loc":{"start":{"line":392,"column":25},"end":{"line":392,"column":null}}},"24":{"name":"ApiKeyModal","decl":{"start":{"line":407,"column":9},"end":{"line":407,"column":21}},"loc":{"start":{"line":407,"column":66},"end":{"line":548,"column":null}}},"25":{"name":"(anonymous_27)","decl":{"start":{"line":414,"column":23},"end":{"line":414,"column":30}},"loc":{"start":{"line":414,"column":30},"end":{"line":444,"column":null}}},"26":{"name":"(anonymous_28)","decl":{"start":{"line":476,"column":26},"end":{"line":476,"column":27}},"loc":{"start":{"line":476,"column":33},"end":{"line":476,"column":null}}},"27":{"name":"(anonymous_29)","decl":{"start":{"line":476,"column":45},"end":{"line":476,"column":54}},"loc":{"start":{"line":476,"column":54},"end":{"line":476,"column":null}}},"28":{"name":"(anonymous_30)","decl":{"start":{"line":504,"column":30},"end":{"line":504,"column":31}},"loc":{"start":{"line":504,"column":37},"end":{"line":504,"column":null}}},"29":{"name":"(anonymous_31)","decl":{"start":{"line":504,"column":49},"end":{"line":504,"column":58}},"loc":{"start":{"line":504,"column":58},"end":{"line":504,"column":null}}},"30":{"name":"NewApiKeyModal","decl":{"start":{"line":556,"column":9},"end":{"line":556,"column":24}},"loc":{"start":{"line":556,"column":64},"end":{"line":680,"column":null}}},"31":{"name":"(anonymous_33)","decl":{"start":{"line":560,"column":27},"end":{"line":560,"column":null}},"loc":{"start":{"line":560,"column":27},"end":{"line":592,"column":null}}},"32":{"name":"(anonymous_34)","decl":{"start":{"line":566,"column":19},"end":{"line":566,"column":25}},"loc":{"start":{"line":566,"column":25},"end":{"line":566,"column":43}}},"33":{"name":"(anonymous_35)","decl":{"start":{"line":583,"column":21},"end":{"line":583,"column":27}},"loc":{"start":{"line":583,"column":27},"end":{"line":583,"column":45}}}},"branchMap":{"0":{"loc":{"start":{"line":44,"column":6},"end":{"line":46,"column":null}},"type":"if","locations":[{"start":{"line":44,"column":6},"end":{"line":46,"column":null}}]},"1":{"loc":{"start":{"line":49,"column":17},"end":{"line":49,"column":27}},"type":"binary-expr","locations":[{"start":{"line":49,"column":17},"end":{"line":49,"column":25}},{"start":{"line":49,"column":25},"end":{"line":49,"column":27}}]},"2":{"loc":{"start":{"line":60,"column":4},"end":{"line":62,"column":null}},"type":"if","locations":[{"start":{"line":60,"column":4},"end":{"line":62,"column":null}}]},"3":{"loc":{"start":{"line":65,"column":4},"end":{"line":68,"column":null}},"type":"if","locations":[{"start":{"line":65,"column":4},"end":{"line":68,"column":null}}]},"4":{"loc":{"start":{"line":65,"column":8},"end":{"line":65,"column":50}},"type":"binary-expr","locations":[{"start":{"line":65,"column":8},"end":{"line":65,"column":40}},{"start":{"line":65,"column":40},"end":{"line":65,"column":50}}]},"5":{"loc":{"start":{"line":82,"column":4},"end":{"line":82,"column":null}},"type":"if","locations":[{"start":{"line":82,"column":4},"end":{"line":82,"column":null}}]},"6":{"loc":{"start":{"line":90,"column":6},"end":{"line":94,"column":null}},"type":"if","locations":[{"start":{"line":90,"column":6},"end":{"line":94,"column":null}},{"start":{"line":92,"column":13},"end":{"line":94,"column":null}}]},"7":{"loc":{"start":{"line":112,"column":6},"end":{"line":116,"column":null}},"type":"if","locations":[{"start":{"line":112,"column":6},"end":{"line":116,"column":null}},{"start":{"line":114,"column":13},"end":{"line":116,"column":null}}]},"8":{"loc":{"start":{"line":127,"column":4},"end":{"line":130,"column":null}},"type":"if","locations":[{"start":{"line":127,"column":4},"end":{"line":130,"column":null}}]},"9":{"loc":{"start":{"line":127,"column":8},"end":{"line":127,"column":53}},"type":"binary-expr","locations":[{"start":{"line":127,"column":8},"end":{"line":127,"column":27}},{"start":{"line":127,"column":31},"end":{"line":127,"column":53}}]},"10":{"loc":{"start":{"line":156,"column":6},"end":{"line":160,"column":null}},"type":"if","locations":[{"start":{"line":156,"column":6},"end":{"line":160,"column":null}},{"start":{"line":158,"column":13},"end":{"line":160,"column":null}}]},"11":{"loc":{"start":{"line":175,"column":4},"end":{"line":175,"column":null}},"type":"if","locations":[{"start":{"line":175,"column":4},"end":{"line":175,"column":null}}]},"12":{"loc":{"start":{"line":180,"column":4},"end":{"line":180,"column":null}},"type":"if","locations":[{"start":{"line":180,"column":4},"end":{"line":180,"column":null}}]},"13":{"loc":{"start":{"line":185,"column":4},"end":{"line":187,"column":null}},"type":"if","locations":[{"start":{"line":185,"column":4},"end":{"line":187,"column":null}}]},"14":{"loc":{"start":{"line":224,"column":10},"end":{"line":231,"column":28}},"type":"cond-expr","locations":[{"start":{"line":224,"column":10},"end":{"line":231,"column":28}}]},"15":{"loc":{"start":{"line":232,"column":10},"end":{"line":251,"column":null}},"type":"cond-expr","locations":[{"start":{"line":232,"column":10},"end":{"line":251,"column":null}}]},"16":{"loc":{"start":{"line":238,"column":15},"end":{"line":238,"column":null}},"type":"cond-expr","locations":[{"start":{"line":238,"column":24},"end":{"line":238,"column":41}},{"start":{"line":238,"column":41},"end":{"line":238,"column":null}}]},"17":{"loc":{"start":{"line":240,"column":13},"end":{"line":240,"column":null}},"type":"binary-expr","locations":[{"start":{"line":240,"column":13},"end":{"line":240,"column":null}}]},"18":{"loc":{"start":{"line":283,"column":53},"end":{"line":283,"column":114}},"type":"cond-expr","locations":[{"start":{"line":283,"column":81},"end":{"line":283,"column":104}},{"start":{"line":283,"column":104},"end":{"line":283,"column":114}}]},"19":{"loc":{"start":{"line":295,"column":28},"end":{"line":302,"column":29}},"type":"cond-expr","locations":[{"start":{"line":295,"column":28},"end":{"line":302,"column":29}}]},"20":{"loc":{"start":{"line":319,"column":30},"end":{"line":321,"column":null}},"type":"cond-expr","locations":[{"start":{"line":320,"column":34},"end":{"line":320,"column":null}},{"start":{"line":321,"column":34},"end":{"line":321,"column":null}}]},"21":{"loc":{"start":{"line":323,"column":35},"end":{"line":323,"column":null}},"type":"cond-expr","locations":[{"start":{"line":323,"column":53},"end":{"line":323,"column":60}},{"start":{"line":323,"column":60},"end":{"line":323,"column":null}}]},"22":{"loc":{"start":{"line":325,"column":49},"end":{"line":325,"column":91}},"type":"cond-expr","locations":[{"start":{"line":325,"column":67},"end":{"line":325,"column":80}},{"start":{"line":325,"column":80},"end":{"line":325,"column":91}}]},"23":{"loc":{"start":{"line":326,"column":29},"end":{"line":326,"column":null}},"type":"cond-expr","locations":[{"start":{"line":326,"column":47},"end":{"line":326,"column":54}},{"start":{"line":326,"column":54},"end":{"line":326,"column":null}}]},"24":{"loc":{"start":{"line":364,"column":7},"end":{"line":364,"column":null}},"type":"binary-expr","locations":[{"start":{"line":364,"column":7},"end":{"line":364,"column":null}}]},"25":{"loc":{"start":{"line":377,"column":7},"end":{"line":377,"column":null}},"type":"binary-expr","locations":[{"start":{"line":377,"column":7},"end":{"line":377,"column":null}}]},"26":{"loc":{"start":{"line":389,"column":7},"end":{"line":389,"column":null}},"type":"binary-expr","locations":[{"start":{"line":389,"column":7},"end":{"line":389,"column":null}}]},"27":{"loc":{"start":{"line":409,"column":10},"end":{"line":409,"column":null}},"type":"binary-expr","locations":[{"start":{"line":409,"column":10},"end":{"line":409,"column":26}},{"start":{"line":409,"column":26},"end":{"line":409,"column":null}}]},"28":{"loc":{"start":{"line":410,"column":14},"end":{"line":410,"column":null}},"type":"binary-expr","locations":[{"start":{"line":410,"column":14},"end":{"line":410,"column":34}},{"start":{"line":410,"column":34},"end":{"line":410,"column":null}}]},"29":{"loc":{"start":{"line":419,"column":18},"end":{"line":419,"column":null}},"type":"cond-expr","locations":[{"start":{"line":419,"column":27},"end":{"line":419,"column":55}},{"start":{"line":419,"column":58},"end":{"line":419,"column":null}}]},"30":{"loc":{"start":{"line":420,"column":21},"end":{"line":420,"column":null}},"type":"cond-expr","locations":[{"start":{"line":420,"column":30},"end":{"line":420,"column":38}},{"start":{"line":420,"column":38},"end":{"line":420,"column":null}}]},"31":{"loc":{"start":{"line":431,"column":6},"end":{"line":437,"column":null}},"type":"if","locations":[{"start":{"line":431,"column":6},"end":{"line":437,"column":null}},{"start":{"line":434,"column":13},"end":{"line":437,"column":null}}]},"32":{"loc":{"start":{"line":436,"column":20},"end":{"line":436,"column":null}},"type":"binary-expr","locations":[{"start":{"line":436,"column":20},"end":{"line":436,"column":33}},{"start":{"line":436,"column":37},"end":{"line":436,"column":null}}]},"33":{"loc":{"start":{"line":453,"column":37},"end":{"line":453,"column":68}},"type":"cond-expr","locations":[{"start":{"line":453,"column":46},"end":{"line":453,"column":58}},{"start":{"line":453,"column":58},"end":{"line":453,"column":68}}]},"34":{"loc":{"start":{"line":455,"column":15},"end":{"line":455,"column":null}},"type":"cond-expr","locations":[{"start":{"line":455,"column":24},"end":{"line":455,"column":36}},{"start":{"line":455,"column":36},"end":{"line":455,"column":null}}]},"35":{"loc":{"start":{"line":484,"column":13},"end":{"line":484,"column":null}},"type":"binary-expr","locations":[{"start":{"line":484,"column":13},"end":{"line":484,"column":null}}]},"36":{"loc":{"start":{"line":512,"column":56},"end":{"line":512,"column":108}},"type":"cond-expr","locations":[{"start":{"line":512,"column":76},"end":{"line":512,"column":93}},{"start":{"line":512,"column":93},"end":{"line":512,"column":108}}]},"37":{"loc":{"start":{"line":531,"column":18},"end":{"line":536,"column":null}},"type":"cond-expr","locations":[{"start":{"line":531,"column":18},"end":{"line":536,"column":null}}]},"38":{"loc":{"start":{"line":533,"column":21},"end":{"line":533,"column":null}},"type":"cond-expr","locations":[{"start":{"line":533,"column":30},"end":{"line":533,"column":41}},{"start":{"line":533,"column":41},"end":{"line":533,"column":null}}]},"39":{"loc":{"start":{"line":538,"column":21},"end":{"line":538,"column":null}},"type":"cond-expr","locations":[{"start":{"line":538,"column":30},"end":{"line":538,"column":37}},{"start":{"line":538,"column":37},"end":{"line":538,"column":null}}]},"40":{"loc":{"start":{"line":563,"column":6},"end":{"line":587,"column":null}},"type":"if","locations":[{"start":{"line":563,"column":6},"end":{"line":587,"column":null}},{"start":{"line":567,"column":13},"end":{"line":587,"column":null}}]},"41":{"loc":{"start":{"line":563,"column":10},"end":{"line":563,"column":55}},"type":"binary-expr","locations":[{"start":{"line":563,"column":10},"end":{"line":563,"column":29}},{"start":{"line":563,"column":33},"end":{"line":563,"column":55}}]},"42":{"loc":{"start":{"line":581,"column":8},"end":{"line":586,"column":null}},"type":"if","locations":[{"start":{"line":581,"column":8},"end":{"line":586,"column":null}},{"start":{"line":584,"column":15},"end":{"line":586,"column":null}}]},"43":{"loc":{"start":{"line":638,"column":40},"end":{"line":638,"column":92}},"type":"cond-expr","locations":[{"start":{"line":638,"column":49},"end":{"line":638,"column":71}},{"start":{"line":638,"column":71},"end":{"line":638,"column":92}}]},"44":{"loc":{"start":{"line":640,"column":37},"end":{"line":640,"column":70}},"type":"cond-expr","locations":[{"start":{"line":640,"column":46},"end":{"line":640,"column":59}},{"start":{"line":640,"column":59},"end":{"line":640,"column":70}}]},"45":{"loc":{"start":{"line":641,"column":17},"end":{"line":641,"column":null}},"type":"cond-expr","locations":[{"start":{"line":641,"column":26},"end":{"line":641,"column":34}},{"start":{"line":641,"column":34},"end":{"line":641,"column":null}}]}},"s":{"0":0,"1":0,"2":0,"3":0,"4":0,"5":0,"6":0,"7":0,"8":0,"9":0,"10":0,"11":0,"12":0,"13":0,"14":0,"15":0,"16":0,"17":0,"18":0,"19":0,"20":0,"21":0,"22":0,"23":0,"24":0,"25":0,"26":0,"27":0,"28":0,"29":0,"30":0,"31":0,"32":0,"33":0,"34":0,"35":0,"36":0,"37":0,"38":0,"39":0,"40":0,"41":0,"42":0,"43":0,"44":0,"45":0,"46":0,"47":0,"48":0,"49":0,"50":0,"51":0,"52":0,"53":0,"54":0,"55":0,"56":0,"57":0,"58":0,"59":0,"60":0,"61":0,"62":0,"63":0,"64":0,"65":0,"66":0,"67":0,"68":0,"69":0,"70":0,"71":0,"72":0,"73":0,"74":0,"75":0,"76":0,"77":0,"78":0,"79":0,"80":0,"81":0,"82":0,"83":0,"84":0,"85":0,"86":0,"87":0,"88":0,"89":0,"90":0,"91":0,"92":0,"93":0,"94":0,"95":0,"96":0,"97":0,"98":0,"99":0,"100":0,"101":0,"102":0,"103":0,"104":0,"105":0,"106":0,"107":0,"108":0,"109":0,"110":0,"111":0,"112":0,"113":0,"114":0,"115":0,"116":0,"117":0,"118":0,"119":0,"120":0,"121":0,"122":0,"123":0,"124":0,"125":0,"126":0,"127":0,"128":0,"129":0,"130":0,"131":0,"132":0,"133":0,"134":0,"135":0,"136":0,"137":0,"138":0,"139":0,"140":0,"141":0,"142":0,"143":0,"144":0,"145":0,"146":0,"147":0,"148":0,"149":0,"150":0,"151":0,"152":0,"153":0,"154":0,"155":0},"f":{"0":0,"1":0,"2":0,"3":0,"4":0,"5":0,"6":0,"7":0,"8":0,"9":0,"10":0,"11":0,"12":0,"13":0,"14":0,"15":0,"16":0,"17":0,"18":0,"19":0,"20":0,"21":0,"22":0,"23":0,"24":0,"25":0,"26":0,"27":0,"28":0,"29":0,"30":0,"31":0,"32":0,"33":0},"b":{"0":[0],"1":[0,0],"2":[0],"3":[0],"4":[0,0],"5":[0],"6":[0,0],"7":[0,0],"8":[0],"9":[0,0],"10":[0,0],"11":[0],"12":[0],"13":[0],"14":[0],"15":[0],"16":[0,0],"17":[0],"18":[0,0],"19":[0],"20":[0,0],"21":[0,0],"22":[0,0],"23":[0,0],"24":[0],"25":[0],"26":[0],"27":[0,0],"28":[0,0],"29":[0,0],"30":[0,0],"31":[0,0],"32":[0,0],"33":[0,0],"34":[0,0],"35":[0],"36":[0,0],"37":[0],"38":[0,0],"39":[0,0],"40":[0,0],"41":[0,0],"42":[0,0],"43":[0,0],"44":[0,0],"45":[0,0]}}
,"D:\\project\\recall-kit\\web\\src\\app\\admin\\api-keys\\[id]\\page.tsx": {"path":"D:\\project\\recall-kit\\web\\src\\app\\admin\\api-keys\\[id]\\page.tsx","statementMap":{"0":{"start":{"line":21,"column":24},"end":{"line":21,"column":41}},"1":{"start":{"line":3,"column":41},"end":{"line":3,"column":null}},"2":{"start":{"line":4,"column":26},"end":{"line":4,"column":null}},"3":{"start":{"line":5,"column":27},"end":{"line":5,"column":null}},"4":{"start":{"line":6,"column":22},"end":{"line":6,"column":null}},"5":{"start":{"line":7,"column":33},"end":{"line":7,"column":null}},"6":{"start":{"line":22,"column":17},"end":{"line":22,"column":null}},"7":{"start":{"line":23,"column":36},"end":{"line":23,"column":null}},"8":{"start":{"line":24,"column":30},"end":{"line":24,"column":null}},"9":{"start":{"line":25,"column":32},"end":{"line":25,"column":null}},"10":{"start":{"line":26,"column":44},"end":{"line":26,"column":null}},"11":{"start":{"line":27,"column":46},"end":{"line":27,"column":null}},"12":{"start":{"line":30,"column":27},"end":{"line":30,"column":null}},"13":{"start":{"line":32,"column":22},"end":{"line":51,"column":null}},"14":{"start":{"line":33,"column":4},"end":{"line":50,"column":null}},"15":{"start":{"line":34,"column":6},"end":{"line":34,"column":null}},"16":{"start":{"line":35,"column":23},"end":{"line":37,"column":null}},"17":{"start":{"line":39,"column":6},"end":{"line":41,"column":null}},"18":{"start":{"line":40,"column":8},"end":{"line":40,"column":null}},"19":{"start":{"line":43,"column":19},"end":{"line":43,"column":null}},"20":{"start":{"line":44,"column":6},"end":{"line":44,"column":null}},"21":{"start":{"line":46,"column":6},"end":{"line":46,"column":null}},"22":{"start":{"line":47,"column":6},"end":{"line":47,"column":null}},"23":{"start":{"line":49,"column":6},"end":{"line":49,"column":null}},"24":{"start":{"line":53,"column":2},"end":{"line":66,"column":null}},"25":{"start":{"line":55,"column":4},"end":{"line":57,"column":null}},"26":{"start":{"line":56,"column":6},"end":{"line":56,"column":null}},"27":{"start":{"line":60,"column":4},"end":{"line":63,"column":null}},"28":{"start":{"line":61,"column":6},"end":{"line":61,"column":null}},"29":{"start":{"line":62,"column":6},"end":{"line":62,"column":null}},"30":{"start":{"line":65,"column":4},"end":{"line":65,"column":null}},"31":{"start":{"line":68,"column":29},"end":{"line":94,"column":null}},"32":{"start":{"line":69,"column":22},"end":{"line":75,"column":null}},"33":{"start":{"line":77,"column":4},"end":{"line":77,"column":null}},"34":{"start":{"line":77,"column":20},"end":{"line":77,"column":null}},"35":{"start":{"line":79,"column":4},"end":{"line":93,"column":null}},"36":{"start":{"line":80,"column":23},"end":{"line":83,"column":null}},"37":{"start":{"line":85,"column":6},"end":{"line":89,"column":null}},"38":{"start":{"line":86,"column":8},"end":{"line":86,"column":null}},"39":{"start":{"line":88,"column":8},"end":{"line":88,"column":null}},"40":{"start":{"line":91,"column":6},"end":{"line":91,"column":null}},"41":{"start":{"line":92,"column":6},"end":{"line":92,"column":null}},"42":{"start":{"line":97,"column":25},"end":{"line":100,"column":null}},"43":{"start":{"line":98,"column":4},"end":{"line":98,"column":null}},"44":{"start":{"line":98,"column":21},"end":{"line":98,"column":null}},"45":{"start":{"line":99,"column":4},"end":{"line":99,"column":null}},"46":{"start":{"line":102,"column":25},"end":{"line":110,"column":null}},"47":{"start":{"line":103,"column":4},"end":{"line":105,"column":null}},"48":{"start":{"line":106,"column":4},"end":{"line":108,"column":null}},"49":{"start":{"line":113,"column":2},"end":{"line":124,"column":null}},"50":{"start":{"line":126,"column":2},"end":{"line":144,"column":null}},"51":{"start":{"line":135,"column":27},"end":{"line":135,"column":null}},"52":{"start":{"line":152,"column":27},"end":{"line":152,"column":null}},"53":{"start":{"line":164,"column":27},"end":{"line":164,"column":null}},"54":{"start":{"line":211,"column":25},"end":{"line":211,"column":null}},"55":{"start":{"line":213,"column":12},"end":{"line":213,"column":null}},"56":{"start":{"line":214,"column":12},"end":{"line":214,"column":null}},"57":{"start":{"line":230,"column":34},"end":{"line":233,"column":null}},"58":{"start":{"line":234,"column":32},"end":{"line":234,"column":null}},"59":{"start":{"line":236,"column":23},"end":{"line":262,"column":null}},"60":{"start":{"line":237,"column":4},"end":{"line":237,"column":null}},"61":{"start":{"line":238,"column":4},"end":{"line":238,"column":null}},"62":{"start":{"line":240,"column":4},"end":{"line":261,"column":null}},"63":{"start":{"line":241,"column":23},"end":{"line":248,"column":null}},"64":{"start":{"line":250,"column":6},"end":{"line":255,"column":null}},"65":{"start":{"line":251,"column":8},"end":{"line":251,"column":null}},"66":{"start":{"line":253,"column":22},"end":{"line":253,"column":null}},"67":{"start":{"line":254,"column":8},"end":{"line":254,"column":null}},"68":{"start":{"line":257,"column":6},"end":{"line":257,"column":null}},"69":{"start":{"line":258,"column":6},"end":{"line":258,"column":null}},"70":{"start":{"line":260,"column":6},"end":{"line":260,"column":null}},"71":{"start":{"line":294,"column":33},"end":{"line":294,"column":null}},"72":{"start":{"line":294,"column":54},"end":{"line":294,"column":null}},"73":{"start":{"line":308,"column":37},"end":{"line":308,"column":null}},"74":{"start":{"line":308,"column":58},"end":{"line":308,"column":null}}},"fnMap":{"0":{"name":"ApiKeyDetailPage","decl":{"start":{"line":21,"column":24},"end":{"line":21,"column":41}},"loc":{"start":{"line":21,"column":88},"end":{"line":220,"column":null}}},"1":{"name":"(anonymous_2)","decl":{"start":{"line":32,"column":22},"end":{"line":32,"column":null}},"loc":{"start":{"line":32,"column":22},"end":{"line":51,"column":null}}},"2":{"name":"(anonymous_3)","decl":{"start":{"line":53,"column":12},"end":{"line":53,"column":null}},"loc":{"start":{"line":53,"column":12},"end":{"line":66,"column":5}}},"3":{"name":"(anonymous_4)","decl":{"start":{"line":68,"column":29},"end":{"line":68,"column":null}},"loc":{"start":{"line":68,"column":29},"end":{"line":94,"column":null}}},"4":{"name":"(anonymous_5)","decl":{"start":{"line":97,"column":25},"end":{"line":97,"column":26}},"loc":{"start":{"line":97,"column":26},"end":{"line":100,"column":null}}},"5":{"name":"(anonymous_6)","decl":{"start":{"line":102,"column":25},"end":{"line":102,"column":null}},"loc":{"start":{"line":102,"column":25},"end":{"line":110,"column":null}}},"6":{"name":"(anonymous_7)","decl":{"start":{"line":135,"column":21},"end":{"line":135,"column":27}},"loc":{"start":{"line":135,"column":27},"end":{"line":135,"column":null}}},"7":{"name":"(anonymous_8)","decl":{"start":{"line":152,"column":21},"end":{"line":152,"column":27}},"loc":{"start":{"line":152,"column":27},"end":{"line":152,"column":null}}},"8":{"name":"(anonymous_9)","decl":{"start":{"line":164,"column":21},"end":{"line":164,"column":27}},"loc":{"start":{"line":164,"column":27},"end":{"line":164,"column":null}}},"9":{"name":"(anonymous_10)","decl":{"start":{"line":211,"column":19},"end":{"line":211,"column":25}},"loc":{"start":{"line":211,"column":25},"end":{"line":211,"column":null}}},"10":{"name":"(anonymous_11)","decl":{"start":{"line":212,"column":18},"end":{"line":212,"column":null}},"loc":{"start":{"line":212,"column":18},"end":{"line":215,"column":null}}},"11":{"name":"EditApiKeyModal","decl":{"start":{"line":229,"column":9},"end":{"line":229,"column":25}},"loc":{"start":{"line":229,"column":74},"end":{"line":352,"column":null}}},"12":{"name":"(anonymous_13)","decl":{"start":{"line":236,"column":23},"end":{"line":236,"column":30}},"loc":{"start":{"line":236,"column":30},"end":{"line":262,"column":null}}},"13":{"name":"(anonymous_14)","decl":{"start":{"line":294,"column":26},"end":{"line":294,"column":27}},"loc":{"start":{"line":294,"column":33},"end":{"line":294,"column":null}}},"14":{"name":"(anonymous_15)","decl":{"start":{"line":294,"column":45},"end":{"line":294,"column":54}},"loc":{"start":{"line":294,"column":54},"end":{"line":294,"column":null}}},"15":{"name":"(anonymous_16)","decl":{"start":{"line":308,"column":30},"end":{"line":308,"column":31}},"loc":{"start":{"line":308,"column":37},"end":{"line":308,"column":null}}},"16":{"name":"(anonymous_17)","decl":{"start":{"line":308,"column":49},"end":{"line":308,"column":58}},"loc":{"start":{"line":308,"column":58},"end":{"line":308,"column":null}}}},"branchMap":{"0":{"loc":{"start":{"line":39,"column":6},"end":{"line":41,"column":null}},"type":"if","locations":[{"start":{"line":39,"column":6},"end":{"line":41,"column":null}}]},"1":{"loc":{"start":{"line":55,"column":4},"end":{"line":57,"column":null}},"type":"if","locations":[{"start":{"line":55,"column":4},"end":{"line":57,"column":null}}]},"2":{"loc":{"start":{"line":60,"column":4},"end":{"line":63,"column":null}},"type":"if","locations":[{"start":{"line":60,"column":4},"end":{"line":63,"column":null}}]},"3":{"loc":{"start":{"line":60,"column":8},"end":{"line":60,"column":50}},"type":"binary-expr","locations":[{"start":{"line":60,"column":8},"end":{"line":60,"column":40}},{"start":{"line":60,"column":40},"end":{"line":60,"column":50}}]},"4":{"loc":{"start":{"line":77,"column":4},"end":{"line":77,"column":null}},"type":"if","locations":[{"start":{"line":77,"column":4},"end":{"line":77,"column":null}}]},"5":{"loc":{"start":{"line":85,"column":6},"end":{"line":89,"column":null}},"type":"if","locations":[{"start":{"line":85,"column":6},"end":{"line":89,"column":null}},{"start":{"line":87,"column":13},"end":{"line":89,"column":null}}]},"6":{"loc":{"start":{"line":98,"column":4},"end":{"line":98,"column":null}},"type":"if","locations":[{"start":{"line":98,"column":4},"end":{"line":98,"column":null}}]},"7":{"loc":{"start":{"l
[...]
column":null}}},"16":{"name":"(anonymous_22)","decl":{"start":{"line":201,"column":2},"end":{"line":201,"column":9}},"loc":{"start":{"line":201,"column":53},"end":{"line":209,"column":null}}},"17":{"name":"(anonymous_23)","decl":{"start":{"line":211,"column":2},"end":{"line":211,"column":9}},"loc":{"start":{"line":211,"column":36},"end":{"line":219,"column":null}}},"18":{"name":"(anonymous_24)","decl":{"start":{"line":221,"column":2},"end":{"line":221,"column":9}},"loc":{"start":{"line":221,"column":56},"end":{"line":229,"column":null}}}},"branchMap":{"0":{"loc":{"start":{"line":81,"column":2},"end":{"line":81,"column":26}},"type":"default-arg","locations":[{"start":{"line":81,"column":23},"end":{"line":81,"column":26}}]},"1":{"loc":{"start":{"line":102,"column":17},"end":{"line":102,"column":34}},"type":"default-arg","locations":[{"start":{"line":102,"column":27},"end":{"line":102,"column":34}}]},"2":{"loc":{"start":{"line":105,"column":14},"end":{"line":105,"column":30}},"type":"default-arg","locations":[{"start":{"line":105,"column":24},"end":{"line":105,"column":30}}]},"3":{"loc":{"start":{"line":109,"column":15},"end":{"line":109,"column":33}},"type":"default-arg","locations":[{"start":{"line":109,"column":25},"end":{"line":109,"column":33}}]},"4":{"loc":{"start":{"line":112,"column":13},"end":{"line":112,"column":30}},"type":"default-arg","locations":[{"start":{"line":112,"column":23},"end":{"line":112,"column":30}}]},"5":{"loc":{"start":{"line":116,"column":18},"end":{"line":116,"column":37}},"type":"default-arg","locations":[{"start":{"line":116,"column":28},"end":{"line":116,"column":37}}]},"6":{"loc":{"start":{"line":119,"column":18},"end":{"line":119,"column":37}},"type":"default-arg","locations":[{"start":{"line":119,"column":28},"end":{"line":119,"column":37}}]},"7":{"loc":{"start":{"line":123,"column":20},"end":{"line":123,"column":38}},"type":"default-arg","locations":[{"start":{"line":123,"column":30},"end":{"line":123,"column":38}}]},"8":{"loc":{"start":{"line":126,"column":13},"end":{"line":126,"column":29}},"type":"default-arg","locations":[{"start":{"line":126,"column":23},"end":{"line":126,"column":29}}]},"9":{"loc":{"start":{"line":137,"column":47},"end":{"line":137,"column":67}},"type":"default-arg","locations":[{"start":{"line":137,"column":64},"end":{"line":137,"column":67}}]},"10":{"loc":{"start":{"line":168,"column":61},"end":{"line":168,"column":81}},"type":"default-arg","locations":[{"start":{"line":168,"column":78},"end":{"line":168,"column":81}}]}},"s":{"0":0,"1":0,"2":0,"3":0,"4":0,"5":0,"6":0,"7":0,"8":0,"9":0,"10":0,"11":0,"12":0,"13":0,"14":0,"15":0,"16":0,"17":0,"18":0,"19":0,"20":0,"21":0,"22":0,"23":0,"24":0,"25":0,"26":0,"27":0,"28":0,"29":0,"30":0,"31":0,"32":0},"f":{"0":0,"1":0,"2":0,"3":0,"4":0,"5":0,"6":0,"7":0,"8":0,"9":0,"10":0,"11":0,"12":0,"13":0,"14":0,"15":0,"16":0,"17":0,"18":0},"b":{"0":[0],"1":[0],"2":[0],"3":[0],"4":[0],"5":[0],"6":[0],"7":[0],"8":[0],"9":[0],"10":[0]}}
,"D:\\project\\recall-kit\\web\\src\\lib\\utils\\errorHandler.ts": {"path":"D:\\project\\recall-kit\\web\\src\\lib\\utils\\errorHandler.ts","statementMap":{"0":{"start":{"line":175,"column":0},"end":{"line":175,"column":15}},"1":{"start":{"line":107,"column":13},"end":{"line":107,"column":28}},"2":{"start":{"line":125,"column":22},"end":{"line":125,"column":null}},"3":{"start":{"line":23,"column":33},"end":{"line":30,"column":null}},"4":{"start":{"line":32,"column":4},"end":{"line":32,"column":null}},"5":{"start":{"line":35,"column":4},"end":{"line":37,"column":null}},"6":{"start":{"line":36,"column":6},"end":{"line":36,"column":null}},"7":{"start":{"line":40,"column":4},"end":{"line":42,"column":null}},"8":{"start":{"line":41,"column":6},"end":{"line":41,"column":null}},"9":{"start":{"line":45,"column":4},"end":{"line":47,"column":null}},"10":{"start":{"line":46,"column":6},"end":{"line":46,"column":null}},"11":{"start":{"line":54,"column":30},"end":{"line":61,"column":null}},"12":{"start":{"line":63,"column":4},"end":{"line":66,"column":null}},"13":{"start":{"line":64,"column":6},"end":{"line":66,"column":null}},"14":{"start":{"line":74,"column":4},"end":{"line":74,"column":null}},"15":{"start":{"line":81,"column":4},"end":{"line":81,"column":null}},"16":{"start":{"line":88,"column":4},"end":{"line":88,"column":null}},"17":{"start":{"line":95,"column":45},"end":{"line":95,"column":null}},"18":{"start":{"line":97,"column":4},"end":{"line":100,"column":null}},"19":{"start":{"line":98,"column":18},"end":{"line":98,"column":65}},"20":{"start":{"line":99,"column":6},"end":{"line":99,"column":null}},"21":{"start":{"line":102,"column":4},"end":{"line":102,"column":null}},"22":{"start":{"line":16,"column":10},"end":{"line":16,"column":null}},"23":{"start":{"line":17,"column":10},"end":{"line":17,"column":null}},"24":{"start":{"line":107,"column":28},"end":{"line":107,"column":null}},"25":{"start":{"line":110,"column":0},"end":{"line":120,"column":null}},"26":{"start":{"line":112,"column":2},"end":{"line":114,"column":null}},"27":{"start":{"line":113,"column":4},"end":{"line":113,"column":null}},"28":{"start":{"line":117,"column":2},"end":{"line":119,"column":null}},"29":{"start":{"line":118,"column":4},"end":{"line":118,"column":null}},"30":{"start":{"line":129,"column":57},"end":{"line":129,"column":null}},"31":{"start":{"line":131,"column":21},"end":{"line":131,"column":null}},"32":{"start":{"line":132,"column":20},"end":{"line":132,"column":null}},"33":{"start":{"line":132,"column":37},"end":{"line":132,"column":57}},"34":{"start":{"line":134,"column":2},"end":{"line":172,"column":null}},"35":{"start":{"line":137,"column":4},"end":{"line":156,"column":null}},"36":{"start":{"line":137,"column":17},"end":{"line":137,"column":20}},"37":{"start":{"line":138,"column":6},"end":{"line":155,"column":null}},"38":{"start":{"line":139,"column":25},"end":{"line":142,"column":null}},"39":{"start":{"line":144,"column":8},"end":{"line":144,"column":null}},"40":{"start":{"line":145,"column":8},"end":{"line":145,"column":null}},"41":{"start":{"line":147,"column":8},"end":{"line":147,"column":null}},"42":{"start":{"line":149,"column":8},"end":{"line":151,"column":null}},"43":{"start":{"line":150,"column":10},"end":{"line":150,"column":null}},"44":{"start":{"line":154,"column":8},"end":{"line":154,"column":null}},"45":{"start":{"line":154,"column":37},"end":{"line":154,"column":null}},"46":{"start":{"line":158,"column":4},"end":{"line":158,"column":null}},"47":{"start":{"line":159,"column":4},"end":{"line":159,"column":null}},"48":{"start":{"line":160,"column":4},"end":{"line":160,"column":null}},"49":{"start":{"line":162,"column":4},"end":{"line":162,"column":null}},"50":{"start":{"line":164,"column":4},"end":{"line":168,"column":null}},"51":{"start":{"line":165,"column":27},"end":{"line":165,"column":null}},"52":{"start":{"line":166,"column":6},"end":{"line":166,"column":null}},"53":{"start":{"line":167,"column":6},"end":{"line":167,"column":null}},"54":{"start":{"line":170,"column":4},"end":{"line":170,"column":null}},"55":{"start":{"line":171,"column":4},"end":{"line":171,"column":null}},"56":{"start":{"line":175,"column":15},"end":{"line":175,"column":null}}},"fnMap":{"0":{"name":"(anonymous_4)","decl":{"start":{"line":22,"column":2},"end":{"line":22,"column":6}},"loc":{"start":{"line":22,"column":72},"end":{"line":48,"column":null}}},"1":{"name":"(anonymous_5)","decl":{"start":{"line":53,"column":2},"end":{"line":53,"column":33}},"loc":{"start":{"line":53,"column":65},"end":{"line":68,"column":null}}},"2":{"name":"(anonymous_6)","decl":{"start":{"line":63,"column":34},"end":{"line":63,"column":null}},"loc":{"start":{"line":64,"column":6},"end":{"line":66,"column":null}}},"3":{"name":"(anonymous_7)","decl":{"start":{"line":73,"column":2},"end":{"line":73,"column":27}},"loc":{"start":{"line":73,"column":27},"end":{"line":75,"column":null}}},"4":{"name":"(anonymous_8)","decl":{"start":{"line":80,"column":2},"end":{"line":80,"column":18}},"loc":{"start":{"line":80,"column":51},"end":{"line":82,"column":null}}},"5":{"name":"(anonymous_9)","decl":{"start":{"line":87,"column":2},"end":{"line":87,"column":16}},"loc":{"start":{"line":87,"column":16},"end":{"line":89,"column":null}}},"6":{"name":"(anonymous_10)","decl":{"start":{"line":94,"column":2},"end":{"line":94,"column":40}},"loc":{"start":{"line":94,"column":40},"end":{"line":103,"column":null}}},"7":{"name":"(anonymous_11)","decl":{"start":{"line":97,"column":24},"end":{"line":97,"column":null}},"loc":{"start":{"line":97,"column":24},"end":{"line":100,"column":null}}},"8":{"name":"(anonymous_13)","decl":{"start":{"line":112,"column":48},"end":{"line":112,"column":49}},"loc":{"start":{"line":112,"column":49},"end":{"line":114,"column":null}}},"9":{"name":"(anonymous_14)","decl":{"start":{"line":117,"column":35},"end":{"line":117,"column":36}},"loc":{"start":{"line":117,"column":36},"end":{"line":119,"column":null}}},"10":{"name":"safeFetch","decl":{"start":{"line":125,"column":22},"end":{"line":125,"column":null}},"loc":{"start":{"line":127,"column":61},"end":{"line":173,"column":null}}},"11":{"name":"(anonymous_16)","decl":{"start":{"line":132,"column":31},"end":{"line":132,"column":37}},"loc":{"start":{"line":132,"column":37},"end":{"line":132,"column":57}}},"12":{"name":"(anonymous_17)","decl":{"start":{"line":154,"column":26},"end":{"line":154,"column":37}},"loc":{"start":{"line":154,"column":37},"end":{"line":154,"column":null}}}},"branchMap":{"0":{"loc":{"start":{"line":22,"column":29},"end":{"line":22,"column":64}},"type":"default-arg","locations":[{"start":{"line":22,"column":55},"end":{"line":22,"column":64}}]},"1":{"loc":{"start":{"line":25,"column":15},"end":{"line":25,"column":64}},"type":"cond-expr","locations":[{"start":{"line":25,"column":43},"end":{"line":25,"column":51}},{"start":{"line":25,"column":51},"end":{"line":25,"column":64}}]},"2":{"loc":{"start":{"line":26,"column":13},"end":{"line":26,"column":64}},"type":"cond-expr","locations":[{"start":{"line":26,"column":41},"end":{"line":26,"column":53}},{"start":{"line":26,"column":53},"end":{"line":26,"column":64}}]},"3":{"loc":{"start":{"line":28,"column":17},"end":{"line":28,"column":null}},"type":"cond-expr","locations":[{"start":{"line":28,"column":49},"end":{"line":28,"column":75}},{"start":{"line":28,"column":78},"end":{"line":28,"column":null}}]},"4":{"loc":{"start":{"line":29,"column":11},"end":{"line":29,"column":null}},"type":"cond-expr","locations":[{"start":{"line":29,"column":43},"end":{"line":29,"column":63}},{"start":{"line":29,"column":66},"end":{"line":29,"column":null}}]},"5":{"loc":{"start":{"line":35,"column":4},"end":{"line":37,"column":null}},"type":"if","locations":[{"start":{"line":35,"column":4},"end":{"line":37,"column":null}}]},"6":{"loc":{"start":{"line":40,"column":4},"end":{"line":42,"column":null}},"type":"if","locations":[{"start":{"line":40,"column":4},"end":{"line":42,"column":null}}]},"7":{"loc":{"start":{"line":45,"column":4},"end":{"line":47,"column":null}},"type":"if","locations":[{"start":{"line":45,"column":4},"end":{"line":47,"column":null}}]},"8":{"loc":{"start":{"line":64,"column":6},"end":{"line":66,"column":null}},"type":"binary-expr","locations":[{"start":{"line":64,"column":6},"end":{"line":64,"column":null}},{"start":{"line":65,"column":6},"end":{"line":65,"column":null}},{"start":{"line":66,"column":6},"end":{"line":66,"column":null}}]},"9":{"loc":{"start":{"line":80,"column":18},"end":{"line":80,"column":36}},"type":"default-arg","locations":[{"start":{"line":80,"column":34},"end":{"line":80,"column":36}}]},"10":{"loc":{"start":{"line":99,"column":20},"end":{"line":99,"column":39}},"type":"binary-expr","locations":[{"start":{"line":99,"column":20},"end":{"line":99,"column":30}},{"start":{"line":99,"column":34},"end":{"line":99,"column":39}}]},"11":{"loc":{"start":{"line":110,"column":0},"end":{"line":120,"column":null}},"type":"if","locations":[{"start":{"line":110,"column":0},"end":{"line":120,"column":null}}]},"12":{"loc":{"start":{"line":118,"column":21},"end":{"line":118,"column":49}},"type":"binary-expr","locations":[{"start":{"line":118,"column":21},"end":{"line":118,"column":32}},{"start":{"line":118,"column":36},"end":{"line":118,"column":49}}]},"13":{"loc":{"start":{"line":129,"column":10},"end":{"line":129,"column":21}},"type":"default-arg","locations":[{"start":{"line":129,"column":20},"end":{"line":129,"column":21}}]},"14":{"loc":{"start":{"line":129,"column":23},"end":{"line":129,"column":38}},"type":"default-arg","locations":[{"start":{"line":129,"column":33},"end":{"line":129,"column":38}}]},"15":{"loc":{"start":{"line":129,"column":57},"end":{"line":129,"column":null}},"type":"binary-expr","locations":[{"start":{"line":129,"column":57},"end":{"line":129,"column":65}},{"start":{"line":129,"column":65},"end":{"line":129,"column":null}}]},"16":{"loc":{"start":{"line":149,"column":8},"end":{"line":151,"column":null}},"type":"if","locations":[{"start":{"line":149,"column":8},"end":{"line":151,"column":null}}]},"17":{"loc":{"start":{"line":164,"column":4},"end":{"line":168,"column":null}},"type":"if","locations":[{"start":{"line":164,"column":4},"end":{"line":168,"column":null}}]},"18":{"loc":{"start":{"line":164,"column":8},"end":{"line":164,"column":63}},"type":"binary-expr","locations":[{"start":{"line":164,"column":8},"end":{"line":164,"column":34}},{"start":{"line":164,"column":34},"end":{"line":164,"column":63}}]}},"s":{"0":0,"1":0,"2":0,"3":0,"4":0,"5":0,"6":0,"7":0,"8":0,"9":0,"10":0,"11":0,"12":0,"13":0,"14":0,"15":0,"16":0,"17":0,"18":0,"19":0,"20":0,"21":0,"22":0,"23":0,"24":0,"25":0,"26":0,"27":0,"28":0,"29":0,"30":0,"31":0,"32":0,"33":0,"34":0,"35":0,"36":0,"37":0,"38":0,"39":0,"40":0,"41":0,"42":0,"43":0,"44":0,"45":0,"46":0,"47":0,"48":0,"49":0,"50":0,"51":0,"52":0,"53":0,"54":0,"55":0,"56":0},"f":{"0":0,"1":0,"2":0,"3":0,"4":0,"5":0,"6":0,"7":0,"8":0,"9":0,"10":0,"11":0,"12":0},"b":{"0":[0],"1":[0,0],"2":[0,0],"3":[0,0],"4":[0,0],"5":[0],"6":[0],"7":[0],"8":[0,0,0],"9":[0],"10":[0,0],"11":[0],"12":[0,0],"13":[0],"14":[0],"15":[0,0],"16":[0],"17":[0],"18":[0,0]}}
,"D:\\project\\recall-kit\\web\\src\\lib\\utils\\simpleErrorHandler.ts": {"path":"D:\\project\\recall-kit\\web\\src\\lib\\utils\\simpleErrorHandler.ts","statementMap":{"0":{"start":{"line":7,"column":16},"end":{"line":7,"column":null}},"1":{"start":{"line":45,"column":22},"end":{"line":45,"column":32}},"2":{"start":{"line":9,"column":2},"end":{"line":41,"column":null}},"3":{"start":{"line":10,"column":4},"end":{"line":29,"column":null}},"4":{"start":{"line":11,"column":22},"end":{"line":11,"column":null}},"5":{"start":{"line":12,"column":21},"end":{"line":12,"column":null}},"6":{"start":{"line":15,"column":6},"end":{"line":28,"column":null}},"7":{"start":{"line":20,"column":8},"end":{"line":20,"column":null}},"8":{"start":{"line":21,"column":8},"end":{"line":21,"column":null}},"9":{"start":{"line":22,"column":8},"end":{"line":22,"column":null}},"10":{"start":{"line":23,"column":8},"end":{"line":23,"column":null}},"11":{"start":{"line":26,"column":8},"end":{"line":26,"column":null}},"12":{"start":{"line":27,"column":8},"end":{"line":27,"column":null}},"13":{"start":{"line":32,"column":4},"end":{"line":40,"column":null}},"14":{"start":{"line":33,"column":22},"end":{"line":33,"column":null}},"15":{"start":{"line":35,"column":6},"end":{"line":39,"column":null}},"16":{"start":{"line":36,"column":8},"end":{"line":36,"column":null}},"17":{"start":{"line":37,"column":8},"end":{"line":37,"column":null}},"18":{"start":{"line":38,"column":8},"end":{"line":38,"column":null}},"19":{"start":{"line":46,"column":2},"end":{"line":57,"column":null}},"20":{"start":{"line":48,"column":41},"end":{"line":48,"column":null}},"21":{"start":{"line":49,"column":21},"end":{"line":49,"column":null}},"22":{"start":{"line":50,"column":4},"end":{"line":50,"column":null}},"23":{"start":{"line":52,"column":4},"end":{"line":55,"column":null}},"24":{"start":{"line":53,"column":6},"end":{"line":53,"column":null}},"25":{"start":{"line":54,"column":6},"end":{"line":54,"column":null}},"26":{"start":{"line":56,"column":4},"end":{"line":56,"column":null}}},"fnMap":{"0":{"name":"handleBrowserExtensionErrors","decl":{"start":{"line":7,"column":16},"end":{"line":7,"column":null}},"loc":{"start":{"line":7,"column":16},"end":{"line":42,"column":null}}},"1":{"name":"(anonymous_4)","decl":{"start":{"line":10,"column":37},"end":{"line":10,"column":38}},"loc":{"start":{"line":10,"column":38},"end":{"line":29,"column":null}}},"2":{"name":"(anonymous_5)","decl":{"start":{"line":32,"column":50},"end":{"line":32,"column":51}},"loc":{"start":{"line":32,"column":51},"end":{"line":40,"column":null}}},"3":{"name":"safeFetch","decl":{"start":{"line":45,"column":22},"end":{"line":45,"column":32}},"loc":{"start":{"line":45,"column":75},"end":{"line":58,"column":null}}}},"branchMap":{"0":{"loc":{"start":{"line":9,"column":2},"end":{"line":41,"column":null}},"type":"if","locations":[{"start":{"line":9,"column":2},"end":{"line":41,"column":null}}]},"1":{"loc":{"start":{"line":11,"column":22},"end":{"line":11,"column":null}},"type":"binary-expr","locations":[{"start":{"line":11,"column":22},"end":{"line":11,"column":35}},{"start":{"line":11,"column":39},"end":{"line":11,"column":null}}]},"2":{"loc":{"start":{"line":12,"column":21},"end":{"line":12,"column":null}},"type":"binary-expr","locations":[{"start":{"line":12,"column":21},"end":{"line":12,"column":35}},{"start":{"line":12,"column":39},"end":{"line":12,"column":null}}]},"3":{"loc":{"start":{"line":15,"column":6},"end":{"line":28,"column":null}},"type":"if","locations":[{"start":{"line":15,"column":6},"end":{"line":28,"column":null}}]},"4":{"loc":{"start":{"line":15,"column":10},"end":{"line":18,"column":47}},"type":"binary-expr","locations":[{"start":{"line":15,"column":10},"end":{"line":15,"column":null}},{"start":{"line":16,"column":10},"end":{"line":16,"column":null}},{"start":{"line":17,"column":10},"end":{"line":17,"column":null}},{"start":{"line":18,"column":10},"end":{"line":18,"column":47}}]},"5":{"loc":{"start":{"line":33,"column":22},"end":{"line":33,"column":null}},"type":"binary-expr","locations":[{"start":{"line":33,"column":22},"end":{"line":33,"column":47}},{"start":{"line":33,"column":47},"end":{"line":33,"column":null}}]},"6":{"loc":{"start":{"line":35,"column":6},"end":{"line":39,"column":null}},"type":"if","locations":[{"start":{"line":35,"column":6},"end":{"line":39,"column":null}}]},"7":{"loc":{"start":{"line":35,"column":10},"end":{"line":35,"column":80}},"type":"binary-expr","locations":[{"start":{"line":35,"column":10},"end":{"line":35,"column":48}},{"start":{"line":35,"column":48},"end":{"line":35,"column":80}}]},"8":{"loc":{"start":{"line":45,"column":45},"end":{"line":45,"column":75}},"type":"default-arg","locations":[{"start":{"line":45,"column":73},"end":{"line":45,"column":75}}]},"9":{"loc":{"start":{"line":52,"column":4},"end":{"line":55,"column":null}},"type":"if","locations":[{"start":{"line":52,"column":4},"end":{"line":55,"column":null}}]},"10":{"loc":{"start":{"line":52,"column":8},"end":{"line":52,"column":76}},"type":"binary-expr","locations":[{"start":{"line":52,"column":8},"end":{"line":52,"column":34}},{"start":{"line":52,"column":34},"end":{"line":52,"column":76}}]}},"s":{"0":0,"1":0,"2":0,"3":0,"4":0,"5":0,"6":0,"7":0,"8":0,"9":0,"10":0,"11":0,"12":0,"13":0,"14":0,"15":0,"16":0,"17":0,"18":0,"19":0,"20":0,"21":0,"22":0,"23":0,"24":0,"25":0,"26":0},"f":{"0":0,"1":0,"2":0,"3":0},"b":{"0":[0],"1":[0,0],"2":[0,0],"3":[0],"4":[0,0,0,0],"5":[0,0],"6":[0],"7":[0,0],"8":[0],"9":[0],"10":[0,0]}}
,"D:\\project\\recall-kit\\web\\src\\types\\database\\index.ts": {"path":"D:\\project\\recall-kit\\web\\src\\types\\database\\index.ts","statementMap":{"0":{"start":{"line":4,"column":14},"end":{"line":4,"column":null}},"1":{"start":{"line":7,"column":14},"end":{"line":7,"column":null}}},"fnMap":{},"branchMap":{},"s":{"0":0,"1":0},"f":{},"b":{}}
}
