TN:
SF:src\app\layout.tsx
FN:15,RootLayout
FNF:1
FNH:0
FNDA:0,RootLayout
DA:2,0
DA:3,0
DA:4,0
DA:5,0
DA:8,0
DA:10,0
DA:15,0
LF:7
LH:0
BRF:0
BRH:0
end_of_record
TN:
SF:src\app\providers.tsx
FN:6,Providers
FNF:1
FNH:0
FNDA:0,Providers
DA:3,0
DA:6,0
LF:2
LH:0
BRF:0
BRH:0
end_of_record
TN:
SF:src\app\(search)\layout.tsx
FN:9,SearchLayout
FNF:1
FNH:0
FNDA:0,SearchLayout
DA:1,0
DA:2,0
DA:4,0
DA:9,0
LF:4
LH:0
BRF:0
BRH:0
end_of_record
TN:
SF:src\app\(search)\page.tsx
FN:6,HomePage
FN:80,(anonymous_5)
FN:113,(anonymous_6)
FN:149,(anonymous_7)
FN:178,(anonymous_8)
FNF:5
FNH:0
FNDA:0,HomePage
FNDA:0,(anonymous_5)
FNDA:0,(anonymous_6)
FNDA:0,(anonymous_7)
FNDA:0,(anonymous_8)
DA:1,0
DA:2,0
DA:4,0
DA:6,0
DA:7,0
DA:8,0
DA:13,0
DA:14,0
DA:81,0
DA:114,0
DA:150,0
DA:179,0
LF:12
LH:0
BRDA:44,0,0,0
BRDA:44,0,1,0
BRDA:49,1,0,0
BRDA:49,1,1,0
BRDA:54,2,0,0
BRDA:54,2,1,0
BRDA:68,3,0,0
BRDA:91,4,0,0
BRDA:91,4,1,0
BRDA:95,5,0,0
BRDA:95,5,1,0
BRDA:107,6,0,0
BRDA:107,6,1,0
BRDA:111,7,0,0
BRDA:111,7,1,0
BRDA:118,8,0,0
BRDA:137,9,0,0
BRDA:160,10,0,0
BRDA:160,10,1,0
BRDA:172,11,0,0
BRDA:172,11,1,0
BRDA:176,12,0,0
BRDA:176,12,1,0
BRDA:183,13,0,0
BRF:24
BRH:0
end_of_record
TN:
SF:src\app\(search)\list\page.tsx
FN:7,ListPage
FN:14,(anonymous_2)
FN:32,(anonymous_3)
FN:33,(anonymous_4)
FN:79,(anonymous_5)
FN:83,(anonymous_6)
FN:93,(anonymous_7)
FN:111,(anonymous_8)
FN:115,(anonymous_9)
FNF:9
FNH:0
FNDA:0,ListPage
FNDA:0,(anonymous_2)
FNDA:0,(anonymous_3)
FNDA:0,(anonymous_4)
FNDA:0,(anonymous_5)
FNDA:0,(anonymous_6)
FNDA:0,(anonymous_7)
FNDA:0,(anonymous_8)
FNDA:0,(anonymous_9)
DA:3,0
DA:7,0
DA:8,0
DA:9,0
DA:10,0
DA:11,0
DA:14,0
DA:15,0
DA:16,0
DA:21,0
DA:22,0
DA:23,0
DA:25,0
DA:27,0
DA:28,0
DA:32,0
DA:33,0
DA:34,0
DA:35,0
DA:36,0
DA:42,0
DA:46,0
DA:47,0
DA:50,0
DA:52,0
DA:53,0
DA:56,0
DA:58,0
DA:59,0
DA:61,0
DA:65,0
DA:68,0
DA:80,0
DA:83,0
DA:93,0
DA:112,0
DA:117,0
DA:118,0
LF:38
LH:0
BRDA:21,0,0,0
BRDA:23,1,0,0
BRDA:23,1,1,0
BRDA:23,2,0,0
BRDA:23,2,1,0
BRDA:37,3,0,0
BRDA:37,3,1,0
BRDA:46,4,0,0
BRDA:52,5,0,0
BRDA:52,6,0,0
BRDA:52,6,1,0
BRDA:56,7,0,0
BRDA:56,7,1,0
BRDA:82,8,0,0
BRDA:82,8,1,0
BRDA:101,9,0,0
BRDA:111,10,0,0
BRDA:126,11,0,0
BRDA:126,11,1,0
BRDA:131,12,0,0
BRDA:131,12,1,0
BRDA:132,13,0,0
BRDA:132,13,1,0
BRF:23
BRH:0
end_of_record
TN:
SF:src\app\(search)\search\page.tsx
FN:10,SearchPage
FN:27,SearchPageContent
FN:38,(anonymous_6)
FN:47,(anonymous_7)
FN:62,(anonymous_8)
FN:79,(anonymous_9)
FN:98,(anonymous_10)
FN:113,(anonymous_11)
FN:119,(anonymous_12)
FN:127,(anonymous_13)
FN:130,(anonymous_14)
FN:133,(anonymous_15)
FN:143,(anonymous_16)
FN:146,(anonymous_17)
FN:149,(anonymous_18)
FN:156,(anonymous_19)
FN:158,(anonymous_20)
FN:169,(anonymous_21)
FN:201,(anonymous_22)
FN:232,(anonymous_23)
FN:274,(anonymous_24)
FN:278,(anonymous_25)
FN:280,(anonymous_26)
FN:290,(anonymous_27)
FN:304,(anonymous_28)
FN:308,(anonymous_29)
FN:328,(anonymous_30)
FNF:27
FNH:0
FNDA:0,SearchPage
FNDA:0,SearchPageContent
FNDA:0,(anonymous_6)
FNDA:0,(anonymous_7)
FNDA:0,(anonymous_8)
FNDA:0,(anonymous_9)
FNDA:0,(anonymous_10)
FNDA:0,(anonymous_11)
FNDA:0,(anonymous_12)
FNDA:0,(anonymous_13)
FNDA:0,(anonymous_14)
FNDA:0,(anonymous_15)
FNDA:0,(anonymous_16)
FNDA:0,(anonymous_17)
FNDA:0,(anonymous_18)
FNDA:0,(anonymous_19)
FNDA:0,(anonymous_20)
FNDA:0,(anonymous_21)
FNDA:0,(anonymous_22)
FNDA:0,(anonymous_23)
FNDA:0,(anonymous_24)
FNDA:0,(anonymous_25)
FNDA:0,(anonymous_26)
FNDA:0,(anonymous_27)
FNDA:0,(anonymous_28)
FNDA:0,(anonymous_29)
FNDA:0,(anonymous_30)
DA:3,0
DA:4,0
DA:10,0
DA:28,0
DA:29,0
DA:30,0
DA:31,0
DA:32,0
DA:33,0
DA:34,0
DA:35,0
DA:38,0
DA:39,0
DA:46,0
DA:47,0
DA:48,0
DA:53,0
DA:61,0
DA:62,0
DA:63,0
DA:66,0
DA:70,0
DA:71,0
DA:72,0
DA:75,0
DA:79,0
DA:80,0
DA:81,0
DA:86,0
DA:87,0
DA:88,0
DA:90,0
DA:92,0
DA:93,0
DA:98,0
DA:99,0
DA:100,0
DA:102,0
DA:103,0
DA:104,0
DA:106,0
DA:108,0
DA:113,0
DA:114,0
DA:115,0
DA:117,0
DA:119,0
DA:120,0
DA:121,0
DA:124,0
DA:125,0
DA:126,0
DA:128,0
DA:131,0
DA:134,0
DA:135,0
DA:137,0
DA:139,0
DA:140,0
DA:141,0
DA:142,0
DA:144,0
DA:147,0
DA:150,0
DA:151,0
DA:155,0
DA:156,0
DA:157,0
DA:158,0
DA:159,0
DA:161,0
DA:164,0
DA:169,0
DA:170,0
DA:172,0
DA:173,0
DA:175,0
DA:176,0
DA:179,0
DA:180,0
DA:182,0
DA:184,0
DA:185,0
DA:187,0
DA:190,0
DA:191,0
DA:192,0
DA:194,0
DA:195,0
DA:197,0
DA:198,0
DA:201,0
DA:208,0
DA:210,0
DA:212,0
DA:232,0
DA:275,0
DA:280,0
DA:281,0
DA:282,0
DA:283,0
DA:284,0
DA:285,0
DA:287,0
DA:288,0
DA:290,0
DA:305,0
DA:310,0
DA:311,0
DA:329,0
LF:110
LH:0
BRDA:38,0,0,0
BRDA:38,1,0,0
BRDA:46,2,0,0
BRDA:61,3,0,0
BRDA:63,4,0,0
BRDA:63,4,1,0
BRDA:70,5,0,0
BRDA:70,6,0,0
BRDA:70,6,1,0
BRDA:70,6,2,0
BRDA:86,7,0,0
BRDA:88,8,0,0
BRDA:88,8,1,0
BRDA:88,9,0,0
BRDA:88,9,1,0
BRDA:106,10,0,0
BRDA:106,10,1,0
BRDA:117,11,0,0
BRDA:117,11,1,0
BRDA:131,12,0,0
BRDA:131,12,1,0
BRDA:137,13,0,0
BRDA:137,13,1,0
BRDA:147,14,0,0
BRDA:147,14,1,0
BRDA:172,15,0,0
BRDA:172,16,0,0
BRDA:172,16,1,0
BRDA:185,17,0,0
BRDA:185,17,1,0
BRDA:185,18,0,0
BRDA:185,18,1,0
BRDA:191,19,0,0
BRDA:194,20,0,0
BRDA:197,21,0,0
BRDA:197,21,1,0
BRDA:210,22,0,0
BRDA:210,22,1,0
BRDA:242,23,0,0
BRDA:255,24,0,0
BRDA:261,25,0,0
BRDA:261,25,1,0
BRDA:265,26,0,0
BRDA:265,26,1,0
BRDA:265,27,0,0
BRDA:265,27,1,0
BRDA:269,28,0,0
BRDA:269,28,1,0
BRDA:271,29,0,0
BRDA:271,29,1,0
BRDA:272,30,0,0
BRDA:282,31,0,0
BRDA:282,31,1,0
BRDA:290,32,0,0
BRDA:290,32,1,0
BRDA:320,33,0,0
BRDA:320,33,1,0
BRDA:328,34,0,0
BRDA:327,35,0,0
BRDA:327,35,1,0
BRDA:327,35,2,0
BRDA:338,36,0,0
BRDA:338,36,1,0
BRDA:341,37,0,0
BRDA:341,37,1,0
BRDA:343,38,0,0
BRDA:343,38,1,0
BRDA:353,39,0,0
BRDA:353,39,1,0
BRDA:361,40,0,0
BRDA:361,40,1,0
BRDA:361,41,0,0
BRDA:361,41,1,0
BRF:73
BRH:0
end_of_record
TN:
SF:src\app\admin\layout.tsx
FN:7,AdminLayout
FNF:1
FNH:0
FNDA:0,AdminLayout
DA:3,0
DA:4,0
DA:5,0
DA:7,0
DA:12,0
DA:13,0
DA:16,0
LF:7
LH:0
BRDA:16,0,0,0
BRF:1
BRH:0
end_of_record
TN:
SF:src\app\admin\api-keys\page.tsx
FN:25,ApiKeysManagement
FN:37,(anonymous_3)
FN:58,(anonymous_4)
FN:73,(anonymous_5)
FN:101,(anonymous_6)
FN:124,(anonymous_7)
FN:152,(anonymous_8)
FN:170,(anonymous_9)
FN:174,(anonymous_10)
FN:179,(anonymous_11)
FN:184,(anonymous_12)
FN:200,(anonymous_13)
FN:216,(anonymous_14)
FN:242,(anonymous_15)
FN:264,(anonymous_16)
FN:278,(anonymous_17)
FN:317,(anonymous_18)
FN:329,(anonymous_19)
FN:345,(anonymous_20)
FN:367,(anonymous_21)
FN:368,(anonymous_22)
FN:380,(anonymous_23)
FN:381,(anonymous_24)
FN:392,(anonymous_25)
FN:407,ApiKeyModal
FN:414,(anonymous_27)
FN:476,(anonymous_28)
FN:476,(anonymous_29)
FN:504,(anonymous_30)
FN:504,(anonymous_31)
FN:556,NewApiKeyModal
FN:560,(anonymous_33)
FN:566,(anonymous_34)
FN:583,(anonymous_35)
FNF:34
FNH:0
FNDA:0,ApiKeysManagement
FNDA:0,(anonymous_3)
FNDA:0,(anonymous_4)
FNDA:0,(anonymous_5)
FNDA:0,(anonymous_6)
FNDA:0,(anonymous_7)
FNDA:0,(anonymous_8)
FNDA:0,(anonymous_9)
FNDA:0,(anonymous_10)
FNDA:0,(anonymous_11)
FNDA:0,(anonymous_12)
FNDA:0,(anonymous_13)
FNDA:0,(anonymous_14)
FNDA:0,(anonymous_15)
FNDA:0,(anonymous_16)
FNDA:0,(anonymous_17)
FNDA:0,(anonymous_18)
FNDA:0,(anonymous_19)
FNDA:0,(anonymous_20)
FNDA:0,(anonymous_21)
FNDA:0,(anonymous_22)
FNDA:0,(anonymous_23)
FNDA:0,(anonymous_24)
FNDA:0,(anonymous_25)
FNDA:0,ApiKeyModal
FNDA:0,(anonymous_27)
FNDA:0,(anonymous_28)
FNDA:0,(anonymous_29)
FNDA:0,(anonymous_30)
FNDA:0,(anonymous_31)
FNDA:0,NewApiKeyModal
FNDA:0,(anonymous_33)
FNDA:0,(anonymous_34)
FNDA:0,(anonymous_35)
DA:3,0
DA:4,0
DA:5,0
DA:6,0
DA:7,0
DA:8,0
DA:25,0
DA:26,0
DA:27,0
DA:28,0
DA:29,0
DA:30,0
DA:31,0
DA:32,0
DA:33,0
DA:34,0
DA:35,0
DA:37,0
DA:38,0
DA:39,0
DA:40,0
DA:44,0
DA:45,0
DA:48,0
DA:49,0
DA:51,0
DA:52,0
DA:54,0
DA:58,0
DA:60,0
DA:61,0
DA:65,0
DA:66,0
DA:67,0
DA:70,0
DA:73,0
DA:74,0
DA:82,0
DA:84,0
DA:85,0
DA:90,0
DA:91,0
DA:93,0
DA:96,0
DA:97,0
DA:101,0
DA:102,0
DA:103,0
DA:112,0
DA:113,0
DA:115,0
DA:118,0
DA:119,0
DA:124,0
DA:125,0
DA:127,0
DA:128,0
DA:129,0
DA:133,0
DA:134,0
DA:135,0
DA:136,0
DA:137,0
DA:138,0
DA:139,0
DA:140,0
DA:142,0
DA:143,0
DA:145,0
DA:147,0
DA:148,0
DA:152,0
DA:153,0
DA:154,0
DA:155,0
DA:156,0
DA:157,0
DA:159,0
DA:162,0
DA:163,0
DA:165,0
DA:170,0
DA:171,0
DA:174,0
DA:175,0
DA:176,0
DA:179,0
DA:180,0
DA:181,0
DA:184,0
DA:185,0
DA:200,0
DA:216,0
DA:242,0
DA:265,0
DA:278,0
DA:317,0
DA:329,0
DA:345,0
DA:367,0
DA:369,0
DA:370,0
DA:371,0
DA:380,0
DA:382,0
DA:383,0
DA:392,0
DA:408,0
DA:412,0
DA:414,0
DA:415,0
DA:416,0
DA:418,0
DA:419,0
DA:420,0
DA:422,0
DA:431,0
DA:432,0
DA:433,0
DA:435,0
DA:436,0
DA:439,0
DA:440,0
DA:442,0
DA:476,0
DA:504,0
DA:557,0
DA:560,0
DA:561,0
DA:563,0
DA:564,0
DA:565,0
DA:566,0
DA:569,0
DA:570,0
DA:571,0
DA:572,0
DA:573,0
DA:574,0
DA:575,0
DA:576,0
DA:578,0
DA:579,0
DA:581,0
DA:582,0
DA:583,0
DA:585,0
DA:589,0
DA:590,0
LF:149
LH:0
BRDA:44,0,0,0
BRDA:49,1,0,0
BRDA:49,1,1,0
BRDA:60,2,0,0
BRDA:65,3,0,0
BRDA:65,4,0,0
BRDA:65,4,1,0
BRDA:82,5,0,0
BRDA:90,6,0,0
BRDA:90,6,1,0
BRDA:112,7,0,0
BRDA:112,7,1,0
BRDA:127,8,0,0
BRDA:127,9,0,0
BRDA:127,9,1,0
BRDA:156,10,0,0
BRDA:156,10,1,0
BRDA:175,11,0,0
BRDA:180,12,0,0
BRDA:185,13,0,0
BRDA:224,14,0,0
BRDA:232,15,0,0
BRDA:238,16,0,0
BRDA:238,16,1,0
BRDA:240,17,0,0
BRDA:283,18,0,0
BRDA:283,18,1,0
BRDA:295,19,0,0
BRDA:319,20,0,0
BRDA:319,20,1,0
BRDA:323,21,0,0
BRDA:323,21,1,0
BRDA:325,22,0,0
BRDA:325,22,1,0
BRDA:326,23,0,0
BRDA:326,23,1,0
BRDA:364,24,0,0
BRDA:377,25,0,0
BRDA:389,26,0,0
BRDA:409,27,0,0
BRDA:409,27,1,0
BRDA:410,28,0,0
BRDA:410,28,1,0
BRDA:419,29,0,0
BRDA:419,29,1,0
BRDA:420,30,0,0
BRDA:420,30,1,0
BRDA:431,31,0,0
BRDA:431,31,1,0
BRDA:436,32,0,0
BRDA:436,32,1,0
BRDA:453,33,0,0
BRDA:453,33,1,0
BRDA:455,34,0,0
BRDA:455,34,1,0
BRDA:484,35,0,0
BRDA:512,36,0,0
BRDA:512,36,1,0
BRDA:531,37,0,0
BRDA:533,38,0,0
BRDA:533,38,1,0
BRDA:538,39,0,0
BRDA:538,39,1,0
BRDA:563,40,0,0
BRDA:563,40,1,0
BRDA:563,41,0,0
BRDA:563,41,1,0
BRDA:581,42,0,0
BRDA:581,42,1,0
BRDA:638,43,0,0
BRDA:638,43,1,0
BRDA:640,44,0,0
BRDA:640,44,1,0
BRDA:641,45,0,0
BRDA:641,45,1,0
BRF:75
BRH:0
end_of_record
TN:
SF:src\app\admin\api-keys\[id]\page.tsx
FN:21,ApiKeyDetailPage
FN:32,(anonymous_2)
FN:53,(anonymous_3)
FN:68,(anonymous_4)
FN:97,(anonymous_5)
FN:102,(anonymous_6)
FN:135,(anonymous_7)
FN:152,(anonymous_8)
FN:164,(anonymous_9)
FN:211,(anonymous_10)
FN:212,(anonymous_11)
FN:229,EditApiKeyModal
FN:236,(anonymous_13)
FN:294,(anonymous_14)
FN:294,(anonymous_15)
FN:308,(anonymous_16)
FN:308,(anonymous_17)
FNF:17
FNH:0
FNDA:0,ApiKeyDetailPage
FNDA:0,(anonymous_2)
FNDA:0,(anonymous_3)
FNDA:0,(anonymous_4)
FNDA:0,(anonymous_5)
FNDA:0,(anonymous_6)
FNDA:0,(anonymous_7)
FNDA:0,(anonymous_8)
FNDA:0,(anonymous_9)
FNDA:0,(anonymous_10)
FNDA:0,(anonymous_11)
FNDA:0,EditApiKeyModal
FNDA:0,(anonymous_13)
FNDA:0,(anonymous_14)
FNDA:0,(anonymous_15)
FNDA:0,(anonymous_16)
FNDA:0,(anonymous_17)
DA:3,0
DA:4,0
DA:5,0
DA:6,0
DA:7,0
DA:21,0
DA:22,0
DA:23,0
DA:24,0
DA:25,0
DA:26,0
DA:27,0
DA:30,0
DA:32,0
DA:33,0
DA:34,0
DA:35,0
DA:39,0
DA:40,0
DA:43,0
DA:44,0
DA:46,0
DA:47,0
DA:49,0
DA:53,0
DA:55,0
DA:56,0
DA:60,0
DA:61,0
DA:62,0
DA:65,0
DA:68,0
DA:69,0
DA:77,0
DA:79,0
DA:80,0
DA:85,0
DA:86,0
DA:88,0
DA:91,0
DA:92,0
DA:97,0
DA:98,0
DA:99,0
DA:102,0
DA:103,0
DA:106,0
DA:113,0
DA:126,0
DA:135,0
DA:152,0
DA:164,0
DA:211,0
DA:213,0
DA:214,0
DA:230,0
DA:234,0
DA:236,0
DA:237,0
DA:238,0
DA:240,0
DA:241,0
DA:250,0
DA:251,0
DA:253,0
DA:254,0
DA:257,0
DA:258,0
DA:260,0
DA:294,0
DA:308,0
LF:71
LH:0
BRDA:39,0,0,0
BRDA:55,1,0,0
BRDA:60,2,0,0
BRDA:60,3,0,0
BRDA:60,3,1,0
BRDA:77,4,0,0
BRDA:85,5,0,0
BRDA:85,5,1,0
BRDA:98,6,0,0
BRDA:103,7,0,0
BRDA:106,8,0,0
BRDA:106,9,0,0
BRDA:106,9,1,0
BRDA:113,10,0,0
BRDA:126,11,0,0
BRDA:208,12,0,0
BRDA:250,13,0,0
BRDA:250,13,1,0
BRDA:254,14,0,0
BRDA:254,14,1,0
BRDA:316,15,0,0
BRDA:316,15,1,0
BRDA:335,16,0,0
BRF:23
BRH:0
end_of_record
TN:
SF:src\app\admin\dashboard\page.tsx
FN:8,AdminDashboardPage
FN:20,(anonymous_3)
FN:32,(anonymous_4)
FN:180,StatCard
FN:214,QuickActionCard
FNF:5
FNH:0
FNDA:0,AdminDashboardPage
FNDA:0,(anonymous_3)
FNDA:0,(anonymous_4)
FNDA:0,StatCard
FNDA:0,QuickActionCard
DA:3,0
DA:4,0
DA:5,0
DA:6,0
DA:8,0
DA:9,0
DA:10,0
DA:11,0
DA:17,0
DA:18,0
DA:20,0
DA:22,0
DA:23,0
DA:27,0
DA:28,0
DA:29,0
DA:32,0
DA:33,0
DA:34,0
DA:36,0
DA:43,0
DA:58,0
DA:59,0
DA:61,0
DA:62,0
DA:64,0
DA:67,0
DA:68,0
DA:69,0
DA:70,0
DA:72,0
DA:79,0
DA:81,0
DA:85,0
DA:88,0
LF:35
LH:0
BRDA:22,0,0,0
BRDA:27,1,0,0
BRDA:27,2,0,0
BRDA:27,2,1,0
BRDA:58,3,0,0
BRDA:58,4,0,0
BRDA:58,4,1,0
BRDA:58,4,2,0
BRDA:58,4,3,0
BRDA:59,5,0,0
BRDA:59,6,0,0
BRDA:59,6,1,0
BRDA:59,6,2,0
BRDA:59,6,3,0
BRDA:73,7,0,0
BRDA:73,7,1,0
BRDA:74,8,0,0
BRDA:74,8,1,0
BRDA:75,9,0,0
BRDA:75,9,1,0
BRDA:76,10,0,0
BRDA:76,10,1,0
BRDA:79,11,0,0
BRDA:79,11,1,0
BRDA:88,12,0,0
BRDA:108,13,0,0
BRDA:220,14,0,0
BRDA:233,15,0,0
BRDA:233,15,1,0
BRDA:234,16,0,0
BRDA:234,16,1,0
BRF:31
BRH:0
end_of_record
TN:
SF:src\app\admin\login\page.tsx
FN:8,AdminLogin
FN:17,(anonymous_2)
FN:38,(anonymous_3)
FN:50,(anonymous_4)
FN:101,(anonymous_5)
FN:128,(anonymous_6)
FN:129,(anonymous_7)
FNF:7
FNH:0
FNDA:0,AdminLogin
FNDA:0,(anonymous_2)
FNDA:0,(anonymous_3)
FNDA:0,(anonymous_4)
FNDA:0,(anonymous_5)
FNDA:0,(anonymous_6)
FNDA:0,(anonymous_7)
DA:3,0
DA:4,0
DA:5,0
DA:6,0
DA:8,0
DA:9,0
DA:13,0
DA:14,0
DA:15,0
DA:17,0
DA:18,0
DA:19,0
DA:20,0
DA:22,0
DA:24,0
DA:30,0
DA:31,0
DA:32,0
DA:35,0
DA:38,0
DA:41,0
DA:42,0
DA:43,0
DA:44,0
DA:48,0
DA:49,0
DA:50,0
DA:51,0
DA:55,0
DA:57,0
DA:58,0
DA:59,0
DA:63,0
DA:101,0
DA:103,0
DA:106,0
DA:109,0
DA:114,0
DA:115,0
DA:118,0
DA:122,0
DA:124,0
DA:128,0
DA:129,0
LF:44
LH:0
BRDA:30,0,0,0
BRDA:35,1,0,0
BRDA:43,2,0,0
BRDA:43,2,1,0
BRDA:49,3,0,0
BRDA:57,4,0,0
BRDA:103,5,0,0
BRDA:106,6,0,0
BRDA:109,7,0,0
BRDA:109,7,1,0
BRDA:114,8,0,0
BRDA:114,8,1,0
BRDA:122,9,0,0
BRDA:122,9,1,0
BRDA:191,10,0,0
BRDA:301,11,0,0
BRDA:301,11,1,0
BRDA:309,12,0,0
BRDA:309,12,1,0
BRDA:313,13,0,0
BRDA:313,13,1,0
BRF:21
BRH:0
end_of_record
TN:
SF:src\app\admin\my-experiences\page.tsx
FN:39,MyExperiencesPage
FN:49,(anonymous_3)
FN:75,(anonymous_4)
FN:79,(anonymous_5)
FN:84,(anonymous_6)
FN:88,(anonymous_7)
FN:145,(anonymous_8)
FN:187,(anonymous_9)
FN:197,(anonymous_10)
FN:240,(anonymous_11)
FN:243,(anonymous_12)
FN:327,(anonymous_13)
FN:362,(anonymous_14)
FN:435,(anonymous_15)
FN:444,(anonymous_16)
FN:457,(anonymous_17)
FN:473,(anonymous_18)
FN:481,(anonymous_19)
FN:491,(anonymous_20)
FN:503,(anonymous_21)
FN:525,(anonymous_22)
FN:547,(anonymous_23)
FN:564,StatCard
FNF:23
FNH:0
FNDA:0,MyExperiencesPage
FNDA:0,(anonymous_3)
FNDA:0,(anonymous_4)
FNDA:0,(anonymous_5)
FNDA:0,(anonymous_6)
FNDA:0,(anonymous_7)
FNDA:0,(anonymous_8)
FNDA:0,(anonymous_9)
FNDA:0,(anonymous_10)
FNDA:0,(anonymous_11)
FNDA:0,(anonymous_12)
FNDA:0,(anonymous_13)
FNDA:0,(anonymous_14)
FNDA:0,(anonymous_15)
FNDA:0,(anonymous_16)
FNDA:0,(anonymous_17)
FNDA:0,(anonymous_18)
FNDA:0,(anonymous_19)
FNDA:0,(anonymous_20)
FNDA:0,(anonymous_21)
FNDA:0,(anonymous_22)
FNDA:0,(anonymous_23)
FNDA:0,StatCard
DA:3,0
DA:4,0
DA:6,0
DA:7,0
DA:8,0
DA:39,0
DA:40,0
DA:41,0
DA:42,0
DA:43,0
DA:44,0
DA:45,0
DA:46,0
DA:47,0
DA:49,0
DA:50,0
DA:51,0
DA:53,0
DA:54,0
DA:61,0
DA:62,0
DA:65,0
DA:66,0
DA:67,0
DA:69,0
DA:71,0
DA:75,0
DA:76,0
DA:79,0
DA:80,0
DA:81,0
DA:84,0
DA:85,0
DA:88,0
DA:89,0
DA:120,0
DA:121,0
DA:123,0
DA:124,0
DA:133,0
DA:134,0
DA:135,0
DA:139,0
DA:141,0
DA:145,0
DA:146,0
DA:163,0
DA:164,0
DA:166,0
DA:167,0
DA:172,0
DA:173,0
DA:174,0
DA:177,0
DA:178,0
DA:181,0
DA:183,0
DA:187,0
DA:188,0
DA:191,0
DA:197,0
DA:198,0
DA:199,0
DA:200,0
DA:201,0
DA:202,0
DA:206,0
DA:241,0
DA:243,0
DA:328,0
DA:363,0
DA:435,0
DA:445,0
DA:446,0
DA:458,0
DA:459,0
DA:473,0
DA:481,0
DA:491,0
DA:503,0
DA:525,0
DA:547,0
LF:82
LH:0
BRDA:49,0,0,0
BRDA:49,1,0,0
BRDA:61,2,0,0
BRDA:69,3,0,0
BRDA:69,3,1,0
BRDA:121,4,0,0
BRDA:133,5,0,0
BRDA:135,6,0,0
BRDA:135,6,1,0
BRDA:141,7,0,0
BRDA:141,7,1,0
BRDA:164,8,0,0
BRDA:168,9,0,0
BRDA:168,9,1,0
BRDA:172,10,0,0
BRDA:174,11,0,0
BRDA:174,11,1,0
BRDA:178,12,0,0
BRDA:178,12,1,0
BRDA:178,13,0,0
BRDA:178,13,1,0
BRDA:183,14,0,0
BRDA:183,14,1,0
BRDA:188,15,0,0
BRDA:191,16,0,0
BRDA:198,17,0,0
BRDA:198,17,1,0
BRDA:198,17,2,0
BRDA:198,17,3,0
BRDA:206,18,0,0
BRDA:206,19,0,0
BRDA:206,19,1,0
BRDA:227,20,0,0
BRDA:244,21,0,0
BRDA:244,21,1,0
BRDA:246,22,0,0
BRDA:246,22,1,0
BRDA:247,23,0,0
BRDA:247,23,1,0
BRDA:248,24,0,0
BRDA:248,24,1,0
BRDA:255,25,0,0
BRDA:279,26,0,0
BRDA:376,27,0,0
BRDA:392,28,0,0
BRDA:431,29,0,0
BRDA:434,30,0,0
BRDA:469,31,0,0
BRDA:471,32,0,0
BRDA:471,32,1,0
BRDA:479,33,0,0
BRDA:479,33,1,0
BRDA:489,34,0,0
BRDA:501,35,0,0
BRDA:521,36,0,0
BRDA:521,36,1,0
BRDA:528,37,0,0
BRDA:528,37,1,0
BRDA:531,38,0,0
BRDA:531,38,1,0
BRDA:550,39,0,0
BRDA:550,39,1,0
BRDA:553,40,0,0
BRDA:553,40,1,0
BRF:64
BRH:0
end_of_record
TN:
SF:src\app\admin\my-experiences\[id]\page.tsx
FN:27,ExperienceDetailPage
FN:36,(anonymous_2)
FN:48,(anonymous_3)
FN:78,(anonymous_4)
FN:134,(anonymous_5)
FN:141,(anonymous_6)
FN:173,(anonymous_7)
FN:203,(anonymous_8)
FN:226,(anonymous_9)
FN:248,(anonymous_10)
FN:272,(anonymous_11)
FN:344,(anonymous_12)
FN:469,InfoItem
FNF:13
FNH:0
FNDA:0,ExperienceDetailPage
FNDA:0,(anonymous_2)
FNDA:0,(anonymous_3)
FNDA:0,(anonymous_4)
FNDA:0,(anonymous_5)
FNDA:0,(anonymous_6)
FNDA:0,(anonymous_7)
FNDA:0,(anonymous_8)
FNDA:0,(anonymous_9)
FNDA:0,(anonymous_10)
FNDA:0,(anonymous_11)
FNDA:0,(anonymous_12)
FNDA:0,InfoItem
DA:3,0
DA:4,0
DA:5,0
DA:6,0
DA:7,0
DA:27,0
DA:28,0
DA:29,0
DA:30,0
DA:31,0
DA:32,0
DA:33,0
DA:34,0
DA:36,0
DA:38,0
DA:39,0
DA:43,0
DA:44,0
DA:45,0
DA:48,0
DA:49,0
DA:50,0
DA:52,0
DA:53,0
DA:57,0
DA:58,0
DA:59,0
DA:61,0
DA:64,0
DA:65,0
DA:67,0
DA:69,0
DA:73,0
DA:74,0
DA:78,0
DA:79,0
DA:81,0
DA:112,0
DA:113,0
DA:115,0
DA:116,0
DA:125,0
DA:126,0
DA:127,0
DA:130,0
DA:131,0
DA:134,0
DA:137,0
DA:141,0
DA:142,0
DA:144,0
DA:147,0
DA:153,0
DA:164,0
DA:173,0
DA:203,0
DA:226,0
DA:248,0
DA:272,0
DA:345,0
LF:60
LH:0
BRDA:38,0,0,0
BRDA:43,1,0,0
BRDA:43,2,0,0
BRDA:43,2,1,0
BRDA:57,3,0,0
BRDA:58,4,0,0
BRDA:67,5,0,0
BRDA:67,5,1,0
BRDA:73,6,0,0
BRDA:79,7,0,0
BRDA:113,8,0,0
BRDA:125,9,0,0
BRDA:127,10,0,0
BRDA:127,10,1,0
BRDA:134,11,0,0
BRDA:134,11,1,0
BRDA:137,12,0,0
BRDA:137,12,1,0
BRDA:142,13,0,0
BRDA:144,14,0,0
BRDA:147,15,0,0
BRDA:153,16,0,0
BRDA:164,17,0,0
BRDA:164,18,0,0
BRDA:164,18,1,0
BRDA:171,19,0,0
BRDA:171,19,1,0
BRDA:222,20,0,0
BRDA:224,21,0,0
BRDA:246,22,0,0
BRDA:270,23,0,0
BRDA:327,24,0,0
BRDA:338,25,0,0
BRDA:391,26,0,0
BRDA:427,27,0,0
BRF:35
BRH:0
end_of_record
TN:
SF:src\app\admin\permissions\page.tsx
FN:13,PermissionsManagement
FN:21,PermissionsManagementContent
FN:31,(anonymous_4)
FN:51,(anonymous_5)
FN:55,(anonymous_6)
FN:59,(anonymous_7)
FN:89,(anonymous_8)
FN:98,(anonymous_9)
FN:104,(anonymous_10)
FN:120,(anonymous_11)
FN:140,(anonymous_12)
FN:147,(anonymous_13)
FN:189,(anonymous_14)
FN:195,(anonymous_15)
FN:271,(anonymous_16)
FN:275,(anonymous_17)
FN:294,PermissionModal
FN:309,(anonymous_19)
FN:310,(anonymous_20)
FN:316,(anonymous_21)
FN:318,(anonymous_22)
FN:340,(anonymous_23)
FN:342,(anonymous_24)
FN:344,(anonymous_25)
FN:346,(anonymous_26)
FN:350,(anonymous_27)
FN:422,(anonymous_28)
FN:424,(anonymous_29)
FN:449,(anonymous_30)
FN:449,(anonymous_31)
FN:462,(anonymous_32)
FN:462,(anonymous_33)
FN:477,(anonymous_34)
FN:477,(anonymous_35)
FN:488,(anonymous_36)
FN:488,(anonymous_37)
FN:492,(anonymous_38)
FN:505,(anonymous_39)
FN:505,(anonymous_40)
FN:517,(anonymous_41)
FN:517,(anonymous_42)
FN:527,(anonymous_43)
FN:527,(anonymous_44)
FNF:43
FNH:0
FNDA:0,PermissionsManagement
FNDA:0,PermissionsManagementContent
FNDA:0,(anonymous_4)
FNDA:0,(anonymous_5)
FNDA:0,(anonymous_6)
FNDA:0,(anonymous_7)
FNDA:0,(anonymous_8)
FNDA:0,(anonymous_9)
FNDA:0,(anonymous_10)
FNDA:0,(anonymous_11)
FNDA:0,(anonymous_12)
FNDA:0,(anonymous_13)
FNDA:0,(anonymous_14)
FNDA:0,(anonymous_15)
FNDA:0,(anonymous_16)
FNDA:0,(anonymous_17)
FNDA:0,PermissionModal
FNDA:0,(anonymous_19)
FNDA:0,(anonymous_20)
FNDA:0,(anonymous_21)
FNDA:0,(anonymous_22)
FNDA:0,(anonymous_23)
FNDA:0,(anonymous_24)
FNDA:0,(anonymous_25)
FNDA:0,(anonymous_26)
FNDA:0,(anonymous_27)
FNDA:0,(anonymous_28)
FNDA:0,(anonymous_29)
FNDA:0,(anonymous_30)
FNDA:0,(anonymous_31)
FNDA:0,(anonymous_32)
FNDA:0,(anonymous_33)
FNDA:0,(anonymous_34)
FNDA:0,(anonymous_35)
FNDA:0,(anonymous_36)
FNDA:0,(anonymous_37)
FNDA:0,(anonymous_38)
FNDA:0,(anonymous_39)
FNDA:0,(anonymous_40)
FNDA:0,(anonymous_41)
FNDA:0,(anonymous_42)
FNDA:0,(anonymous_43)
FNDA:0,(anonymous_44)
DA:2,0
DA:3,0
DA:4,0
DA:5,0
DA:7,0
DA:13,0
DA:22,0
DA:23,0
DA:24,0
DA:25,0
DA:26,0
DA:27,0
DA:28,0
DA:29,0
DA:31,0
DA:32,0
DA:33,0
DA:34,0
DA:36,0
DA:37,0
DA:40,0
DA:41,0
DA:43,0
DA:44,0
DA:45,0
DA:47,0
DA:51,0
DA:52,0
DA:55,0
DA:56,0
DA:59,0
DA:60,0
DA:68,0
DA:70,0
DA:71,0
DA:75,0
DA:76,0
DA:77,0
DA:78,0
DA:80,0
DA:81,0
DA:84,0
DA:85,0
DA:89,0
DA:90,0
DA:91,0
DA:93,0
DA:98,0
DA:99,0
DA:100,0
DA:104,0
DA:105,0
DA:106,0
DA:108,0
DA:120,0
DA:140,0
DA:147,0
DA:189,0
DA:195,0
DA:272,0
DA:273,0
DA:276,0
DA:277,0
DA:278,0
DA:295,0
DA:305,0
DA:306,0
DA:309,0
DA:310,0
DA:311,0
DA:312,0
DA:313,0
DA:314,0
DA:316,0
DA:317,0
DA:318,0
DA:319,0
DA:321,0
DA:323,0
DA:324,0
DA:325,0
DA:328,0
DA:330,0
DA:333,0
DA:336,0
DA:340,0
DA:341,0
DA:342,0
DA:343,0
DA:344,0
DA:346,0
DA:350,0
DA:351,0
DA:352,0
DA:354,0
DA:356,0
DA:357,0
DA:358,0
DA:359,0
DA:361,0
DA:362,0
DA:363,0
DA:364,0
DA:367,0
DA:368,0
DA:370,0
DA:381,0
DA:382,0
DA:383,0
DA:385,0
DA:386,0
DA:389,0
DA:390,0
DA:392,0
DA:423,0
DA:424,0
DA:449,0
DA:462,0
DA:477,0
DA:488,0
DA:493,0
DA:505,0
DA:517,0
DA:527,0
LF:124
LH:0
BRDA:36,0,0,0
BRDA:41,1,0,0
BRDA:41,1,1,0
BRDA:68,2,0,0
BRDA:75,3,0,0
BRDA:75,3,1,0
BRDA:81,4,0,0
BRDA:81,4,1,0
BRDA:93,5,0,0
BRDA:105,6,0,0
BRDA:105,7,0,0
BRDA:105,7,1,0
BRDA:161,8,0,0
BRDA:172,9,0,0
BRDA:172,9,1,0
BRDA:184,10,0,0
BRDA:209,11,0,0
BRDA:220,12,0,0
BRDA:220,12,1,0
BRDA:221,13,0,0
BRDA:221,13,1,0
BRDA:224,14,0,0
BRDA:224,14,1,0
BRDA:225,15,0,0
BRDA:225,15,1,0
BRDA:230,16,0,0
BRDA:237,17,0,0
BRDA:248,18,0,0
BRDA:248,18,1,0
BRDA:250,19,0,0
BRDA:250,19,1,0
BRDA:267,20,0,0
BRDA:267,20,1,0
BRDA:270,21,0,0
BRDA:270,21,1,0
BRDA:296,22,0,0
BRDA:296,22,1,0
BRDA:297,23,0,0
BRDA:297,23,1,0
BRDA:298,24,0,0
BRDA:298,24,1,0
BRDA:299,25,0,0
BRDA:299,25,1,0
BRDA:299,25,2,0
BRDA:300,26,0,0
BRDA:300,26,1,0
BRDA:301,27,0,0
BRDA:301,27,1,0
BRDA:302,28,0,0
BRDA:302,28,1,0
BRDA:303,29,0,0
BRDA:303,29,1,0
BRDA:313,30,0,0
BRDA:319,31,0,0
BRDA:319,32,0,0
BRDA:319,32,1,0
BRDA:324,33,0,0
BRDA:341,34,0,0
BRDA:341,34,1,0
BRDA:343,35,0,0
BRDA:343,35,1,0
BRDA:346,36,0,0
BRDA:346,36,1,0
BRDA:356,37,0,0
BRDA:356,38,0,0
BRDA:356,38,1,0
BRDA:361,39,0,0
BRDA:361,40,0,0
BRDA:361,40,1,0
BRDA:367,41,0,0
BRDA:367,41,1,0
BRDA:368,42,0,0
BRDA:368,42,1,0
BRDA:377,43,0,0
BRDA:377,43,1,0
BRDA:381,44,0,0
BRDA:381,44,1,0
BRDA:382,45,0,0
BRDA:382,45,1,0
BRDA:386,46,0,0
BRDA:386,46,1,0
BRDA:403,47,0,0
BRDA:403,47,1,0
BRDA:405,48,0,0
BRDA:405,48,1,0
BRDA:428,49,0,0
BRDA:428,49,1,0
BRDA:429,50,0,0
BRDA:429,50,1,0
BRDA:430,51,0,0
BRDA:430,51,1,0
BRDA:454,52,0,0
BRDA:469,53,0,0
BRDA:483,54,0,0
BRDA:483,54,1,0
BRDA:487,55,0,0
BRDA:487,55,1,0
BRDA:488,56,0,0
BRDA:488,56,1,0
BRDA:504,57,0,0
BRDA:504,57,1,0
BRDA:517,58,0,0
BRDA:517,58,1,0
BRDA:549,59,0,0
BRF:104
BRH:0
end_of_record
TN:
SF:src\app\admin\profile-settings\page.tsx
FN:7,ProfileSettingsPage
FN:25,(anonymous_2)
FN:37,(anonymous_3)
FN:43,(anonymous_4)
FN:57,(anonymous_5)
FN:93,(anonymous_6)
FNF:6
FNH:0
FNDA:0,ProfileSettingsPage
FNDA:0,(anonymous_2)
FNDA:0,(anonymous_3)
FNDA:0,(anonymous_4)
FNDA:0,(anonymous_5)
FNDA:0,(anonymous_6)
DA:3,0
DA:4,0
DA:5,0
DA:7,0
DA:8,0
DA:9,0
DA:10,0
DA:11,0
DA:15,0
DA:20,0
DA:21,0
DA:22,0
DA:23,0
DA:25,0
DA:27,0
DA:28,0
DA:32,0
DA:33,0
DA:34,0
DA:37,0
DA:38,0
DA:39,0
DA:40,0
DA:43,0
DA:50,0
DA:54,0
DA:57,0
DA:58,0
DA:59,0
DA:60,0
DA:61,0
DA:63,0
DA:64,0
DA:73,0
DA:74,0
DA:75,0
DA:78,0
DA:81,0
DA:82,0
DA:83,0
DA:87,0
DA:89,0
DA:93,0
DA:94,0
DA:95,0
DA:96,0
DA:98,0
DA:99,0
DA:100,0
DA:103,0
DA:104,0
DA:105,0
DA:108,0
DA:110,0
DA:111,0
DA:123,0
DA:124,0
DA:125,0
DA:128,0
DA:129,0
DA:136,0
DA:138,0
LF:62
LH:0
BRDA:27,0,0,0
BRDA:32,1,0,0
BRDA:32,2,0,0
BRDA:32,2,1,0
BRDA:45,3,0,0
BRDA:45,3,1,0
BRDA:46,4,0,0
BRDA:46,4,1,0
BRDA:73,5,0,0
BRDA:75,6,0,0
BRDA:75,6,1,0
BRDA:82,7,0,0
BRDA:87,8,0,0
BRDA:87,8,1,0
BRDA:98,9,0,0
BRDA:103,10,0,0
BRDA:123,11,0,0
BRDA:125,12,0,0
BRDA:125,12,1,0
BRDA:136,13,0,0
BRDA:136,13,1,0
BRDA:151,14,0,0
BRDA:160,15,0,0
BRDA:282,16,0,0
BRDA:297,17,0,0
BRDA:297,17,1,0
BRDA:305,18,0,0
BRDA:305,18,1,0
BRF:28
BRH:0
end_of_record
TN:
SF:src\app\admin\roles\page.tsx
FN:26,RolesManagementContent
FN:40,(anonymous_3)
FN:44,(anonymous_4)
FN:67,(anonymous_5)
FN:96,(anonymous_6)
FN:100,(anonymous_7)
FN:105,(anonymous_8)
FN:119,(anonymous_9)
FN:136,(anonymous_10)
FN:155,(anonymous_11)
FN:176,(anonymous_12)
FN:201,(anonymous_13)
FN:209,(anonymous_14)
FN:235,(anonymous_15)
FN:235,(anonymous_16)
FN:246,(anonymous_17)
FN:246,(anonymous_18)
FN:272,RolesPage
FNF:18
FNH:0
FNDA:0,RolesManagementContent
FNDA:0,(anonymous_3)
FNDA:0,(anonymous_4)
FNDA:0,(anonymous_5)
FNDA:0,(anonymous_6)
FNDA:0,(anonymous_7)
FNDA:0,(anonymous_8)
FNDA:0,(anonymous_9)
FNDA:0,(anonymous_10)
FNDA:0,(anonymous_11)
FNDA:0,(anonymous_12)
FNDA:0,(anonymous_13)
FNDA:0,(anonymous_14)
FNDA:0,(anonymous_15)
FNDA:0,(anonymous_16)
FNDA:0,(anonymous_17)
FNDA:0,(anonymous_18)
FNDA:0,RolesPage
DA:2,0
DA:4,0
DA:5,0
DA:6,0
DA:7,0
DA:27,0
DA:28,0
DA:29,0
DA:35,0
DA:36,0
DA:37,0
DA:38,0
DA:40,0
DA:41,0
DA:44,0
DA:45,0
DA:46,0
DA:47,0
DA:54,0
DA:55,0
DA:57,0
DA:58,0
DA:60,0
DA:61,0
DA:63,0
DA:67,0
DA:68,0
DA:76,0
DA:78,0
DA:79,0
DA:83,0
DA:84,0
DA:85,0
DA:87,0
DA:88,0
DA:91,0
DA:92,0
DA:96,0
DA:97,0
DA:100,0
DA:101,0
DA:102,0
DA:105,0
DA:106,0
DA:107,0
DA:119,0
DA:136,0
DA:155,0
DA:177,0
DA:201,0
DA:209,0
DA:235,0
DA:246,0
DA:272,0
LF:54
LH:0
BRDA:50,0,0,0
BRDA:50,0,1,0
BRDA:57,1,0,0
BRDA:57,1,1,0
BRDA:76,2,0,0
BRDA:83,3,0,0
BRDA:83,3,1,0
BRDA:88,4,0,0
BRDA:88,4,1,0
BRDA:145,5,0,0
BRDA:150,6,0,0
BRDA:183,7,0,0
BRDA:183,7,1,0
BRDA:226,8,0,0
BRDA:261,9,0,0
BRDA:261,9,1,0
BRF:16
BRH:0
end_of_record
TN:
SF:src\app\admin\settings\page.tsx
FN:9,AdminSettingsPage
FN:31,(anonymous_2)
FN:51,(anonymous_3)
FN:65,(anonymous_4)
FN:71,(anonymous_5)
FN:82,(anonymous_6)
FN:197,(anonymous_7)
FN:210,(anonymous_8)
FN:216,(anonymous_9)
FN:229,(anonymous_10)
FN:242,(anonymous_11)
FN:248,(anonymous_12)
FN:261,(anonymous_13)
FN:274,(anonymous_14)
FN:280,(anonymous_15)
FN:333,(anonymous_16)
FN:350,(anonymous_17)
FN:367,(anonymous_18)
FN:414,(anonymous_19)
FN:431,(anonymous_20)
FN:448,(anonymous_21)
FN:495,(anonymous_22)
FN:512,(anonymous_23)
FN:529,(anonymous_24)
FN:549,(anonymous_25)
FNF:25
FNH:0
FNDA:0,AdminSettingsPage
FNDA:0,(anonymous_2)
FNDA:0,(anonymous_3)
FNDA:0,(anonymous_4)
FNDA:0,(anonymous_5)
FNDA:0,(anonymous_6)
FNDA:0,(anonymous_7)
FNDA:0,(anonymous_8)
FNDA:0,(anonymous_9)
FNDA:0,(anonymous_10)
FNDA:0,(anonymous_11)
FNDA:0,(anonymous_12)
FNDA:0,(anonymous_13)
FNDA:0,(anonymous_14)
FNDA:0,(anonymous_15)
FNDA:0,(anonymous_16)
FNDA:0,(anonymous_17)
FNDA:0,(anonymous_18)
FNDA:0,(anonymous_19)
FNDA:0,(anonymous_20)
FNDA:0,(anonymous_21)
FNDA:0,(anonymous_22)
FNDA:0,(anonymous_23)
FNDA:0,(anonymous_24)
FNDA:0,(anonymous_25)
DA:3,0
DA:4,0
DA:5,0
DA:9,0
DA:10,0
DA:11,0
DA:12,0
DA:13,0
DA:27,0
DA:28,0
DA:29,0
DA:31,0
DA:33,0
DA:34,0
DA:38,0
DA:39,0
DA:40,0
DA:44,0
DA:45,0
DA:46,0
DA:47,0
DA:51,0
DA:52,0
DA:53,0
DA:56,0
DA:57,0
DA:58,0
DA:60,0
DA:61,0
DA:64,0
DA:65,0
DA:71,0
DA:72,0
DA:75,0
DA:79,0
DA:82,0
DA:83,0
DA:84,0
DA:85,0
DA:86,0
DA:88,0
DA:90,0
DA:95,0
DA:96,0
DA:97,0
DA:98,0
DA:100,0
DA:101,0
DA:103,0
DA:104,0
DA:105,0
DA:106,0
DA:108,0
DA:109,0
DA:111,0
DA:112,0
DA:113,0
DA:114,0
DA:117,0
DA:126,0
DA:127,0
DA:128,0
DA:131,0
DA:133,0
DA:135,0
DA:197,0
DA:211,0
DA:212,0
DA:213,0
DA:217,0
DA:218,0
DA:219,0
DA:229,0
DA:243,0
DA:244,0
DA:245,0
DA:249,0
DA:250,0
DA:251,0
DA:261,0
DA:275,0
DA:276,0
DA:277,0
DA:281,0
DA:282,0
DA:283,0
DA:333,0
DA:350,0
DA:367,0
DA:414,0
DA:431,0
DA:448,0
DA:495,0
DA:512,0
DA:529,0
DA:549,0
LF:96
LH:0
BRDA:33,0,0,0
BRDA:38,1,0,0
BRDA:38,2,0,0
BRDA:38,2,1,0
BRDA:45,3,0,0
BRDA:56,4,0,0
BRDA:56,4,1,0
BRDA:58,5,0,0
BRDA:58,6,0,0
BRDA:58,6,1,0
BRDA:60,7,0,0
BRDA:95,8,0,0
BRDA:95,8,1,0
BRDA:96,9,0,0
BRDA:97,10,0,0
BRDA:97,11,0,0
BRDA:97,11,1,0
BRDA:100,12,0,0
BRDA:100,13,0,0
BRDA:100,13,1,0
BRDA:103,14,0,0
BRDA:103,14,1,0
BRDA:104,15,0,0
BRDA:105,16,0,0
BRDA:105,17,0,0
BRDA:105,17,1,0
BRDA:108,18,0,0
BRDA:108,19,0,0
BRDA:108,19,1,0
BRDA:111,20,0,0
BRDA:112,21,0,0
BRDA:113,22,0,0
BRDA:114,23,0,0
BRDA:126,24,0,0
BRDA:128,25,0,0
BRDA:128,25,1,0
BRDA:133,26,0,0
BRDA:133,26,1,0
BRDA:148,27,0,0
BRDA:157,28,0,0
BRDA:200,29,0,0
BRDA:200,29,1,0
BRDA:202,30,0,0
BRDA:202,30,1,0
BRDA:211,31,0,0
BRDA:217,32,0,0
BRDA:232,33,0,0
BRDA:232,33,1,0
BRDA:234,34,0,0
BRDA:234,34,1,0
BRDA:243,35,0,0
BRDA:249,36,0,0
BRDA:264,37,0,0
BRDA:264,37,1,0
BRDA:266,38,0,0
BRDA:266,38,1,0
BRDA:275,39,0,0
BRDA:281,40,0,0
BRDA:297,41,0,0
BRDA:378,42,0,0
BRDA:459,43,0,0
BRDA:561,44,0,0
BRF:62
BRH:0
end_of_record
TN:
SF:src\app\admin\user-dashboard\page.tsx
FN:8,UserDashboardPage
FN:25,(anonymous_3)
FN:42,(anonymous_4)
FN:196,(anonymous_5)
FN:222,(anonymous_6)
FN:278,UserStatCard
FN:312,RecentExperienceItem
FN:313,(anonymous_9)
FN:321,(anonymous_10)
FN:342,(anonymous_11)
FN:346,(anonymous_12)
FN:383,PopularExperienceItem
FN:399,(anonymous_14)
FN:403,(anonymous_15)
FN:431,QuickActionCard
FNF:15
FNH:0
FNDA:0,UserDashboardPage
FNDA:0,(anonymous_3)
FNDA:0,(anonymous_4)
FNDA:0,(anonymous_5)
FNDA:0,(anonymous_6)
FNDA:0,UserStatCard
FNDA:0,RecentExperienceItem
FNDA:0,(anonymous_9)
FNDA:0,(anonymous_10)
FNDA:0,(anonymous_11)
FNDA:0,(anonymous_12)
FNDA:0,PopularExperienceItem
FNDA:0,(anonymous_14)
FNDA:0,(anonymous_15)
FNDA:0,QuickActionCard
DA:3,0
DA:4,0
DA:5,0
DA:6,0
DA:8,0
DA:9,0
DA:10,0
DA:11,0
DA:12,0
DA:20,0
DA:21,0
DA:22,0
DA:23,0
DA:25,0
DA:27,0
DA:28,0
DA:32,0
DA:33,0
DA:34,0
DA:38,0
DA:39,0
DA:42,0
DA:43,0
DA:44,0
DA:46,0
DA:48,0
DA:52,0
DA:53,0
DA:54,0
DA:55,0
DA:57,0
DA:60,0
DA:61,0
DA:62,0
DA:66,0
DA:70,0
DA:71,0
DA:72,0
DA:73,0
DA:75,0
DA:76,0
DA:77,0
DA:81,0
DA:82,0
DA:83,0
DA:84,0
DA:85,0
DA:90,0
DA:92,0
DA:96,0
DA:100,0
DA:197,0
DA:223,0
DA:313,0
DA:314,0
DA:315,0
DA:316,0
DA:317,0
DA:321,0
DA:322,0
DA:323,0
DA:324,0
DA:325,0
DA:343,0
DA:344,0
DA:347,0
DA:348,0
DA:400,0
DA:401,0
DA:404,0
DA:405,0
LF:71
LH:0
BRDA:27,0,0,0
BRDA:32,1,0,0
BRDA:32,2,0,0
BRDA:32,2,1,0
BRDA:38,3,0,0
BRDA:52,4,0,0
BRDA:53,5,0,0
BRDA:61,6,0,0
BRDA:70,7,0,0
BRDA:70,7,1,0
BRDA:72,8,0,0
BRDA:73,9,0,0
BRDA:73,9,1,0
BRDA:75,10,0,0
BRDA:82,11,0,0
BRDA:84,12,0,0
BRDA:85,13,0,0
BRDA:85,13,1,0
BRDA:90,14,0,0
BRDA:90,14,1,0
BRDA:100,15,0,0
BRDA:100,16,0,0
BRDA:100,16,1,0
BRDA:117,17,0,0
BRDA:117,17,1,0
BRDA:122,18,0,0
BRDA:196,19,0,0
BRDA:222,20,0,0
BRDA:314,21,0,0
BRDA:314,21,1,0
BRDA:314,21,2,0
BRDA:322,22,0,0
BRDA:322,22,1,0
BRDA:322,22,2,0
BRDA:421,23,0,0
BRDA:421,23,1,0
BRDA:422,24,0,0
BRDA:422,24,1,0
BRDA:437,25,0,0
BRDA:450,26,0,0
BRDA:450,26,1,0
BRDA:451,27,0,0
BRDA:451,27,1,0
BRF:43
BRH:0
end_of_record
TN:
SF:src\app\admin\users\page.tsx
FN:23,UsersManagement
FN:38,PasswordModal
FN:43,(anonymous_4)
FN:123,(anonymous_5)
FN:139,(anonymous_6)
FN:180,UsersManagementContent
FN:192,(anonymous_8)
FN:196,(anonymous_9)
FN:217,(anonymous_10)
FN:238,(anonymous_11)
FN:242,(anonymous_12)
FN:269,(anonymous_13)
FN:273,(anonymous_14)
FN:284,(anonymous_15)
FN:300,(anonymous_16)
FN:329,(anonymous_17)
FN:351,(anonymous_18)
FN:367,(anonymous_19)
FN:401,(anonymous_20)
FN:409,(anonymous_21)
FN:417,(anonymous_22)
FN:434,(anonymous_23)
FN:434,(anonymous_24)
FN:447,(anonymous_25)
FN:447,(anonymous_26)
FN:464,(anonymous_27)
FN:468,(anonymous_28)
FN:480,(anonymous_29)
FN:481,(anonymous_30)
FN:498,UserModal
FN:510,(anonymous_32)
FN:518,(anonymous_33)
FN:528,(anonymous_34)
FN:537,(anonymous_35)
FN:538,(anonymous_36)
FN:544,(anonymous_37)
FN:604,(anonymous_38)
FN:604,(anonymous_39)
FN:619,(anonymous_40)
FN:619,(anonymous_41)
FN:635,(anonymous_42)
FN:635,(anonymous_43)
FN:656,(anonymous_44)
FN:662,(anonymous_45)
FN:664,(anonymous_46)
FN:669,(anonymous_47)
FN:671,(anonymous_48)
FN:696,(anonymous_49)
FN:696,(anonymous_50)
FN:712,(anonymous_51)
FN:712,(anonymous_52)
FNF:51
FNH:0
FNDA:0,UsersManagement
FNDA:0,PasswordModal
FNDA:0,(anonymous_4)
FNDA:0,(anonymous_5)
FNDA:0,(anonymous_6)
FNDA:0,UsersManagementContent
FNDA:0,(anonymous_8)
FNDA:0,(anonymous_9)
FNDA:0,(anonymous_10)
FNDA:0,(anonymous_11)
FNDA:0,(anonymous_12)
FNDA:0,(anonymous_13)
FNDA:0,(anonymous_14)
FNDA:0,(anonymous_15)
FNDA:0,(anonymous_16)
FNDA:0,(anonymous_17)
FNDA:0,(anonymous_18)
FNDA:0,(anonymous_19)
FNDA:0,(anonymous_20)
FNDA:0,(anonymous_21)
FNDA:0,(anonymous_22)
FNDA:0,(anonymous_23)
FNDA:0,(anonymous_24)
FNDA:0,(anonymous_25)
FNDA:0,(anonymous_26)
FNDA:0,(anonymous_27)
FNDA:0,(anonymous_28)
FNDA:0,(anonymous_29)
FNDA:0,(anonymous_30)
FNDA:0,UserModal
FNDA:0,(anonymous_32)
FNDA:0,(anonymous_33)
FNDA:0,(anonymous_34)
FNDA:0,(anonymous_35)
FNDA:0,(anonymous_36)
FNDA:0,(anonymous_37)
FNDA:0,(anonymous_38)
FNDA:0,(anonymous_39)
FNDA:0,(anonymous_40)
FNDA:0,(anonymous_41)
FNDA:0,(anonymous_42)
FNDA:0,(anonymous_43)
FNDA:0,(anonymous_44)
FNDA:0,(anonymous_45)
FNDA:0,(anonymous_46)
FNDA:0,(anonymous_47)
FNDA:0,(anonymous_48)
FNDA:0,(anonymous_49)
FNDA:0,(anonymous_50)
FNDA:0,(anonymous_51)
FNDA:0,(anonymous_52)
DA:3,0
DA:5,0
DA:6,0
DA:7,0
DA:23,0
DA:39,0
DA:40,0
DA:41,0
DA:43,0
DA:44,0
DA:46,0
DA:47,0
DA:48,0
DA:51,0
DA:52,0
DA:53,0
DA:56,0
DA:58,0
DA:59,0
DA:68,0
DA:69,0
DA:70,0
DA:72,0
DA:73,0
DA:76,0
DA:77,0
DA:79,0
DA:123,0
DA:139,0
DA:181,0
DA:182,0
DA:183,0
DA:184,0
DA:185,0
DA:186,0
DA:187,0
DA:188,0
DA:189,0
DA:190,0
DA:192,0
DA:193,0
DA:196,0
DA:197,0
DA:198,0
DA:199,0
DA:201,0
DA:207,0
DA:208,0
DA:209,0
DA:213,0
DA:217,0
DA:218,0
DA:219,0
DA:220,0
DA:226,0
DA:227,0
DA:229,0
DA:230,0
DA:232,0
DA:234,0
DA:238,0
DA:239,0
DA:242,0
DA:243,0
DA:251,0
DA:253,0
DA:254,0
DA:258,0
DA:259,0
DA:261,0
DA:264,0
DA:265,0
DA:269,0
DA:270,0
DA:271,0
DA:273,0
DA:284,0
DA:301,0
DA:302,0
DA:329,0
DA:352,0
DA:368,0
DA:401,0
DA:409,0
DA:417,0
DA:434,0
DA:447,0
DA:465,0
DA:466,0
DA:469,0
DA:470,0
DA:471,0
DA:480,0
DA:482,0
DA:483,0
DA:499,0
DA:507,0
DA:508,0
DA:510,0
DA:511,0
DA:512,0
DA:514,0
DA:518,0
DA:519,0
DA:520,0
DA:521,0
DA:522,0
DA:524,0
DA:528,0
DA:529,0
DA:531,0
DA:532,0
DA:533,0
DA:535,0
DA:536,0
DA:537,0
DA:538,0
DA:540,0
DA:544,0
DA:545,0
DA:546,0
DA:548,0
DA:549,0
DA:550,0
DA:552,0
DA:560,0
DA:561,0
DA:563,0
DA:564,0
DA:567,0
DA:568,0
DA:570,0
DA:604,0
DA:619,0
DA:635,0
DA:657,0
DA:663,0
DA:664,0
DA:669,0
DA:671,0
DA:696,0
DA:712,0
LF:142
LH:0
BRDA:46,0,0,0
BRDA:51,1,0,0
BRDA:68,2,0,0
BRDA:68,2,1,0
BRDA:73,3,0,0
BRDA:73,3,1,0
BRDA:161,4,0,0
BRDA:199,5,0,0
BRDA:207,6,0,0
BRDA:209,7,0,0
BRDA:209,7,1,0
BRDA:223,8,0,0
BRDA:223,8,1,0
BRDA:251,9,0,0
BRDA:258,10,0,0
BRDA:258,10,1,0
BRDA:270,11,0,0
BRDA:270,12,0,0
BRDA:270,12,1,0
BRDA:311,13,0,0
BRDA:319,14,0,0
BRDA:325,15,0,0
BRDA:325,15,1,0
BRDA:327,16,0,0
BRDA:367,17,0,0
BRDA:379,18,0,0
BRDA:379,18,1,0
BRDA:381,19,0,0
BRDA:381,19,1,0
BRDA:387,20,0,0
BRDA:407,21,0,0
BRDA:431,22,0,0
BRDA:461,23,0,0
BRDA:461,23,1,0
BRDA:477,24,0,0
BRDA:500,25,0,0
BRDA:500,25,1,0
BRDA:501,26,0,0
BRDA:501,26,1,0
BRDA:503,27,0,0
BRDA:503,27,1,0
BRDA:504,28,0,0
BRDA:504,28,1,0
BRDA:512,29,0,0
BRDA:522,30,0,0
BRDA:522,30,1,0
BRDA:529,31,0,0
BRDA:535,32,0,0
BRDA:535,32,1,0
BRDA:536,33,0,0
BRDA:536,33,1,0
BRDA:536,33,2,0
BRDA:537,34,0,0
BRDA:537,34,1,0
BRDA:549,35,0,0
BRDA:549,35,1,0
BRDA:550,36,0,0
BRDA:550,36,1,0
BRDA:560,37,0,0
BRDA:560,37,1,0
BRDA:564,38,0,0
BRDA:564,38,1,0
BRDA:581,39,0,0
BRDA:581,39,1,0
BRDA:583,40,0,0
BRDA:583,40,1,0
BRDA:625,41,0,0
BRDA:650,42,0,0
BRDA:663,43,0,0
BRDA:663,43,1,0
BRDA:679,44,0,0
BRDA:704,45,0,0
BRDA:704,45,1,0
BRDA:720,46,0,0
BRDA:720,46,1,0
BRDA:739,47,0,0
BRF:76
BRH:0
end_of_record
TN:
SF:src\app\api\admin\experiences\route.ts
FN:9,GET
FN:91,(anonymous_5)
FN:114,POST
FNF:3
FNH:0
FNDA:0,GET
FNDA:0,(anonymous_5)
FNDA:0,POST
DA:1,0
DA:2,0
DA:3,0
DA:5,0
DA:9,0
DA:10,0
DA:12,0
DA:13,0
DA:14,0
DA:21,0
DA:22,0
DA:28,0
DA:29,0
DA:30,0
DA:31,0
DA:32,0
DA:33,0
DA:36,0
DA:37,0
DA:38,0
DA:40,0
DA:42,0
DA:43,0
DA:44,0
DA:45,0
DA:46,0
DA:47,0
DA:48,0
DA:49,0
DA:50,0
DA:51,0
DA:52,0
DA:53,0
DA:54,0
DA:55,0
DA:56,0
DA:58,0
DA:59,0
DA:61,0
DA:64,0
DA:65,0
DA:66,0
DA:67,0
DA:68,0
DA:72,0
DA:76,0
DA:79,0
DA:91,0
DA:96,0
DA:106,0
DA:107,0
DA:114,0
DA:115,0
DA:117,0
DA:118,0
DA:119,0
DA:126,0
DA:127,0
DA:133,0
DA:134,0
DA:136,0
DA:137,0
DA:144,0
DA:145,0
DA:155,0
DA:157,0
DA:159,0
DA:160,0
LF:68
LH:0
BRDA:13,0,0,0
BRDA:21,1,0,0
BRDA:29,2,0,0
BRDA:29,2,1,0
BRDA:30,3,0,0
BRDA:30,3,1,0
BRDA:31,4,0,0
BRDA:31,4,1,0
BRDA:32,5,0,0
BRDA:32,5,1,0
BRDA:40,6,0,0
BRDA:42,7,0,0
BRDA:42,7,1,0
BRDA:45,8,0,0
BRDA:45,8,1,0
BRDA:48,9,0,0
BRDA:48,9,1,0
BRDA:51,10,0,0
BRDA:51,10,1,0
BRDA:54,11,0,0
BRDA:54,11,1,0
BRDA:64,12,0,0
BRDA:66,13,0,0
BRDA:66,13,1,0
BRDA:93,14,0,0
BRDA:93,14,1,0
BRDA:118,15,0,0
BRDA:126,16,0,0
BRDA:134,17,0,0
BRDA:136,18,0,0
BRDA:136,19,0,0
BRDA:136,19,1,0
BRDA:136,19,2,0
BRDA:144,20,0,0
BRDA:144,20,1,0
BRDA:144,21,0,0
BRDA:144,21,1,0
BRF:37
BRH:0
end_of_record
TN:
SF:src\app\api\admin\experiences\[id]\route.ts
FN:7,PUT
FN:101,DELETE
FNF:2
FNH:0
FNDA:0,PUT
FNDA:0,DELETE
DA:1,0
DA:2,0
DA:3,0
DA:5,0
DA:7,0
DA:11,0
DA:12,0
DA:15,0
DA:16,0
DA:17,0
DA:24,0
DA:25,0
DA:31,0
DA:32,0
DA:35,0
DA:36,0
DA:37,0
DA:39,0
DA:40,0
DA:41,0
DA:42,0
DA:45,0
DA:46,0
DA:48,0
DA:52,0
DA:53,0
DA:54,0
DA:55,0
DA:61,0
DA:62,0
DA:69,0
DA:72,0
DA:74,0
DA:84,0
DA:85,0
DA:91,0
DA:93,0
DA:94,0
DA:101,0
DA:105,0
DA:106,0
DA:109,0
DA:110,0
DA:111,0
DA:118,0
DA:119,0
DA:126,0
DA:134,0
DA:135,0
DA:141,0
DA:143,0
DA:144,0
LF:52
LH:0
BRDA:16,0,0,0
BRDA:24,1,0,0
BRDA:39,2,0,0
BRDA:45,3,0,0
BRDA:45,3,1,0
BRDA:52,4,0,0
BRDA:52,5,0,0
BRDA:52,5,1,0
BRDA:61,6,0,0
BRDA:84,7,0,0
BRDA:110,8,0,0
BRDA:118,9,0,0
BRDA:134,10,0,0
BRF:13
BRH:0
end_of_record
TN:
SF:src\app\api\admin\experiences\generate-embeddings\route.ts
FN:8,POST
FNF:1
FNH:0
FNDA:0,POST
DA:1,0
DA:2,0
DA:3,0
DA:4,0
DA:6,0
DA:8,0
DA:9,0
DA:11,0
DA:12,0
DA:13,0
DA:19,0
DA:22,0
DA:23,0
DA:24,0
DA:30,0
DA:31,0
DA:37,0
DA:40,0
DA:45,0
DA:47,0
DA:48,0
DA:56,0
DA:57,0
DA:64,0
DA:65,0
DA:66,0
DA:67,0
DA:68,0
DA:69,0
DA:71,0
DA:72,0
DA:75,0
DA:76,0
DA:77,0
DA:78,0
DA:82,0
DA:87,0
DA:88,0
LF:38
LH:0
BRDA:12,0,0,0
BRDA:12,1,0,0
BRDA:12,1,1,0
BRDA:23,2,0,0
BRDA:30,3,0,0
BRDA:37,4,0,0
BRDA:47,5,0,0
BRDA:68,6,0,0
BRDA:68,6,1,0
BRDA:76,7,0,0
BRDA:76,7,1,0
BRF:11
BRH:0
end_of_record
TN:
SF:src\app\api\admin\my-experiences\route.ts
FN:8,GET
FN:81,(anonymous_5)
FN:105,POST
FNF:3
FNH:0
FNDA:0,GET
FNDA:0,(anonymous_5)
FNDA:0,POST
DA:2,0
DA:3,0
DA:4,0
DA:6,0
DA:8,0
DA:9,0
DA:11,0
DA:12,0
DA:13,0
DA:15,0
DA:17,0
DA:19,0
DA:20,0
DA:21,0
DA:22,0
DA:25,0
DA:26,0
DA:27,0
DA:30,0
DA:32,0
DA:33,0
DA:34,0
DA:35,0
DA:37,0
DA:38,0
DA:39,0
DA:40,0
DA:42,0
DA:43,0
DA:45,0
DA:46,0
DA:50,0
DA:63,0
DA:64,0
DA:67,0
DA:73,0
DA:77,0
DA:78,0
DA:81,0
DA:86,0
DA:99,0
DA:100,0
DA:105,0
DA:106,0
DA:108,0
DA:109,0
DA:110,0
DA:112,0
DA:114,0
DA:115,0
DA:118,0
DA:119,0
DA:123,0
DA:124,0
DA:134,0
DA:138,0
DA:140,0
DA:143,0
DA:144,0
LF:59
LH:0
BRDA:12,0,0,0
BRDA:19,1,0,0
BRDA:19,1,1,0
BRDA:20,2,0,0
BRDA:20,2,1,0
BRDA:21,3,0,0
BRDA:21,3,1,0
BRDA:30,4,0,0
BRDA:30,4,1,0
BRDA:30,4,2,0
BRDA:30,4,3,0
BRDA:73,5,0,0
BRDA:73,5,1,0
BRDA:73,6,0,0
BRDA:73,6,1,0
BRDA:75,7,0,0
BRDA:75,7,1,0
BRDA:83,8,0,0
BRDA:83,8,1,0
BRDA:101,9,0,0
BRDA:101,9,1,0
BRDA:109,10,0,0
BRDA:118,11,0,0
BRDA:118,12,0,0
BRDA:118,12,1,0
BRDA:118,12,2,0
BRDA:123,13,0,0
BRDA:123,13,1,0
BRDA:123,14,0,0
BRDA:123,14,1,0
BRDA:145,15,0,0
BRDA:145,15,1,0
BRF:32
BRH:0
end_of_record
TN:
SF:src\app\api\admin\my-experiences\[id]\route.ts
FN:8,GET
FN:56,PUT
FN:119,PATCH
FN:234,DELETE
FNF:4
FNH:0
FNDA:0,GET
FNDA:0,PUT
FNDA:0,PATCH
FNDA:0,DELETE
DA:2,0
DA:3,0
DA:4,0
DA:6,0
DA:8,0
DA:12,0
DA:13,0
DA:16,0
DA:17,0
DA:18,0
DA:20,0
DA:23,0
DA:34,0
DA:36,0
DA:37,0
DA:40,0
DA:47,0
DA:50,0
DA:51,0
DA:56,0
DA:60,0
DA:61,0
DA:62,0
DA:63,0
DA:66,0
DA:67,0
DA:71,0
DA:72,0
DA:73,0
DA:75,0
DA:78,0
DA:84,0
DA:86,0
DA:87,0
DA:90,0
DA:93,0
DA:94,0
DA:104,0
DA:108,0
DA:110,0
DA:113,0
DA:114,0
DA:119,0
DA:123,0
DA:124,0
DA:125,0
DA:126,0
DA:128,0
DA:129,0
DA:133,0
DA:134,0
DA:135,0
DA:137,0
DA:140,0
DA:146,0
DA:148,0
DA:149,0
DA:152,0
DA:154,0
DA:155,0
DA:156,0
DA:158,0
DA:160,0
DA:161,0
DA:165,0
DA:173,0
DA:174,0
DA:175,0
DA:178,0
DA:179,0
DA:181,0
DA:187,0
DA:188,0
DA:189,0
DA:192,0
DA:193,0
DA:195,0
DA:196,0
DA:198,0
DA:204,0
DA:205,0
DA:206,0
DA:209,0
DA:210,0
DA:212,0
DA:218,0
DA:219,0
DA:220,0
DA:223,0
DA:225,0
DA:228,0
DA:229,0
DA:234,0
DA:239,0
LF:94
LH:0
BRDA:17,0,0,0
BRDA:36,1,0,0
BRDA:42,2,0,0
BRDA:42,2,1,0
BRDA:52,3,0,0
BRDA:52,3,1,0
BRDA:66,4,0,0
BRDA:66,5,0,0
BRDA:66,5,1,0
BRDA:66,5,2,0
BRDA:72,6,0,0
BRDA:86,7,0,0
BRDA:93,8,0,0
BRDA:93,8,1,0
BRDA:93,9,0,0
BRDA:93,9,1,0
BRDA:115,10,0,0
BRDA:115,10,1,0
BRDA:128,11,0,0
BRDA:128,12,0,0
BRDA:128,12,1,0
BRDA:134,13,0,0
BRDA:148,14,0,0
BRDA:158,15,0,0
BRDA:158,15,1,0
BRDA:158,15,2,0
BRDA:158,15,3,0
BRDA:160,16,0,0
BRDA:178,17,0,0
BRDA:192,18,0,0
BRDA:195,19,0,0
BRDA:209,20,0,0
BRDA:230,21,0,0
BRDA:230,21,1,0
BRF:34
BRH:0
end_of_record
TN:
SF:src\app\api\admin\my-experiences\[id]\embedding\route.ts
FN:9,POST
FN:92,DELETE
FNF:2
FNH:0
FNDA:0,POST
FNDA:0,DELETE
DA:2,0
DA:3,0
DA:4,0
DA:5,0
DA:7,0
DA:9,0
DA:10,0
DA:11,0
DA:14,0
DA:15,0
DA:16,0
DA:19,0
DA:20,0
DA:21,0
DA:25,0
DA:31,0
DA:33,0
DA:34,0
DA:37,0
DA:40,0
DA:41,0
DA:45,0
DA:48,0
DA:49,0
DA:50,0
DA:54,0
DA:62,0
DA:64,0
DA:68,0
DA:74,0
DA:76,0
DA:79,0
DA:80,0
DA:86,0
DA:87,0
DA:92,0
DA:93,0
DA:94,0
DA:97,0
DA:98,0
DA:99,0
DA:102,0
DA:103,0
DA:104,0
DA:108,0
DA:114,0
DA:116,0
DA:117,0
DA:120,0
DA:123,0
DA:124,0
DA:128,0
DA:134,0
DA:136,0
DA:139,0
DA:140,0
LF:56
LH:0
BRDA:15,0,0,0
BRDA:20,1,0,0
BRDA:33,2,0,0
BRDA:40,3,0,0
BRDA:49,4,0,0
BRDA:57,5,0,0
BRDA:57,5,1,0
BRDA:59,6,0,0
BRDA:59,6,1,0
BRDA:81,7,0,0
BRDA:81,7,1,0
BRDA:88,8,0,0
BRDA:88,8,1,0
BRDA:98,9,0,0
BRDA:103,10,0,0
BRDA:116,11,0,0
BRDA:123,12,0,0
BRDA:141,13,0,0
BRDA:141,13,1,0
BRF:19
BRH:0
end_of_record
TN:
SF:src\app\api\admin\permissions\route.ts
FN:7,GET
FN:76,(anonymous_5)
FN:93,POST
FNF:3
FNH:0
FNDA:0,GET
FNDA:0,(anonymous_5)
FNDA:0,POST
DA:1,0
DA:2,0
DA:3,0
DA:5,0
DA:7,0
DA:8,0
DA:9,0
DA:10,0
DA:11,0
DA:14,0
DA:15,0
DA:16,0
DA:22,0
DA:25,0
DA:26,0
DA:33,0
DA:34,0
DA:36,0
DA:37,0
DA:38,0
DA:41,0
DA:42,0
DA:43,0
DA:44,0
DA:48,0
DA:76,0
DA:81,0
DA:85,0
DA:86,0
DA:93,0
DA:94,0
DA:95,0
DA:96,0
DA:99,0
DA:100,0
DA:101,0
DA:107,0
DA:110,0
DA:111,0
DA:118,0
DA:119,0
DA:126,0
DA:127,0
DA:133,0
DA:134,0
DA:141,0
DA:142,0
DA:147,0
DA:148,0
DA:154,0
DA:155,0
DA:156,0
DA:161,0
DA:162,0
DA:167,0
DA:168,0
DA:175,0
DA:176,0
DA:184,0
DA:185,0
DA:190,0
DA:191,0
DA:199,0
DA:206,0
DA:209,0
DA:247,0
DA:252,0
DA:254,0
DA:255,0
LF:69
LH:0
BRDA:10,0,0,0
BRDA:10,0,1,0
BRDA:15,1,0,0
BRDA:15,2,0,0
BRDA:15,2,1,0
BRDA:25,3,0,0
BRDA:36,4,0,0
BRDA:41,5,0,0
BRDA:42,6,0,0
BRDA:42,6,1,0
BRDA:78,7,0,0
BRDA:78,7,1,0
BRDA:100,8,0,0
BRDA:100,9,0,0
BRDA:100,9,1,0
BRDA:110,10,0,0
BRDA:118,11,0,0
BRDA:118,12,0,0
BRDA:118,12,1,0
BRDA:126,13,0,0
BRDA:126,14,0,0
BRDA:126,14,1,0
BRDA:133,15,0,0
BRDA:133,16,0,0
BRDA:133,16,1,0
BRDA:141,17,0,0
BRDA:141,17,1,0
BRDA:147,18,0,0
BRDA:155,19,0,0
BRDA:155,20,0,0
BRDA:155,20,1,0
BRDA:161,21,0,0
BRDA:161,22,0,0
BRDA:161,22,1,0
BRDA:167,23,0,0
BRDA:167,24,0,0
BRDA:167,24,1,0
BRDA:167,24,2,0
BRDA:175,25,0,0
BRDA:184,26,0,0
BRDA:190,27,0,0
BRDA:249,28,0,0
BRDA:249,28,1,0
BRF:43
BRH:0
end_of_record
TN:
SF:src\app\api\admin\permissions\[id]\route.ts
FN:13,GET
FN:78,PUT
FN:268,DELETE
FNF:3
FNH:0
FNDA:0,GET
FNDA:0,PUT
FNDA:0,DELETE
DA:1,0
DA:2,0
DA:3,0
DA:5,0
DA:13,0
DA:14,0
DA:15,0
DA:18,0
DA:55,0
DA:56,0
DA:63,0
DA:68,0
DA:70,0
DA:71,0
DA:78,0
DA:79,0
DA:80,0
DA:81,0
DA:82,0
DA:85,0
DA:86,0
DA:87,0
DA:93,0
DA:96,0
DA:97,0
DA:104,0
DA:109,0
DA:110,0
DA:116,0
DA:119,0
DA:120,0
DA:121,0
DA:126,0
DA:127,0
DA:135,0
DA:136,0
DA:141,0
DA:142,0
DA:150,0
DA:151,0
DA:152,0
DA:159,0
DA:160,0
DA:161,0
DA:166,0
DA:167,0
DA:173,0
DA:174,0
DA:175,0
DA:180,0
DA:181,0
DA:186,0
DA:187,0
DA:196,0
DA:212,0
DA:215,0
DA:253,0
DA:258,0
DA:260,0
DA:261,0
DA:268,0
DA:269,0
DA:270,0
DA:273,0
DA:274,0
DA:275,0
DA:281,0
DA:284,0
DA:285,0
DA:292,0
DA:297,0
DA:298,0
DA:305,0
DA:310,0
DA:311,0
DA:318,0
DA:323,0
DA:324,0
DA:331,0
DA:336,0
DA:337,0
DA:343,0
DA:345,0
DA:346,0
LF:84
LH:0
BRDA:55,0,0,0
BRDA:65,1,0,0
BRDA:65,1,1,0
BRDA:86,2,0,0
BRDA:86,3,0,0
BRDA:86,3,1,0
BRDA:96,4,0,0
BRDA:109,5,0,0
BRDA:119,6,0,0
BRDA:120,7,0,0
BRDA:120,8,0,0
BRDA:120,8,1,0
BRDA:126,9,0,0
BRDA:126,10,0,0
BRDA:126,10,1,0
BRDA:135,11,0,0
BRDA:135,12,0,0
BRDA:135,12,1,0
BRDA:135,12,2,0
BRDA:141,13,0,0
BRDA:150,14,0,0
BRDA:151,15,0,0
BRDA:159,16,0,0
BRDA:159,16,1,0
BRDA:160,17,0,0
BRDA:166,18,0,0
BRDA:174,19,0,0
BRDA:174,20,0,0
BRDA:174,20,1,0
BRDA:180,21,0,0
BRDA:180,22,0,0
BRDA:180,22,1,0
BRDA:186,23,0,0
BRDA:186,24,0,0
BRDA:186,24,1,0
BRDA:186,24,2,0
BRDA:255,25,0,0
BRDA:255,25,1,0
BRDA:274,26,0,0
BRDA:274,27,0,0
BRDA:274,27,1,0
BRDA:284,28,0,0
BRDA:297,29,0,0
BRDA:310,30,0,0
BRDA:323,31,0,0
BRDA:336,32,0,0
BRF:46
BRH:0
end_of_record
TN:
SF:src\app\api\admin\permissions\[id]\move\route.ts
FN:14,checkCircularReference
FN:48,PATCH
FNF:2
FNH:0
FNDA:0,checkCircularReference
FNDA:0,PATCH
DA:1,0
DA:2,0
DA:3,0
DA:5,0
DA:15,0
DA:16,0
DA:20,0
DA:21,0
DA:23,0
DA:24,0
DA:25,0
DA:28,0
DA:29,0
DA:31,0
DA:33,0
DA:38,0
DA:39,0
DA:42,0
DA:45,0
DA:48,0
DA:49,0
DA:50,0
DA:51,0
DA:52,0
DA:55,0
DA:56,0
DA:57,0
DA:63,0
DA:66,0
DA:67,0
DA:74,0
DA:79,0
DA:80,0
DA:86,0
DA:89,0
DA:91,0
DA:92,0
DA:93,0
DA:99,0
DA:100,0
DA:105,0
DA:106,0
DA:112,0
DA:115,0
DA:116,0
DA:121,0
DA:122,0
DA:127,0
DA:128,0
DA:135,0
DA:136,0
DA:145,0
DA:146,0
DA:147,0
DA:149,0
DA:150,0
DA:151,0
DA:152,0
DA:155,0
DA:156,0
DA:157,0
DA:158,0
DA:161,0
DA:162,0
DA:168,0
DA:169,0
DA:171,0
DA:178,0
DA:180,0
DA:182,0
DA:183,0
LF:71
LH:0
BRDA:15,0,0,0
BRDA:24,1,0,0
BRDA:28,2,0,0
BRDA:38,3,0,0
BRDA:56,4,0,0
BRDA:56,5,0,0
BRDA:56,5,1,0
BRDA:66,6,0,0
BRDA:79,7,0,0
BRDA:89,8,0,0
BRDA:92,9,0,0
BRDA:99,10,0,0
BRDA:99,10,1,0
BRDA:105,11,0,0
BRDA:115,12,0,0
BRDA:115,13,0,0
BRDA:115,13,1,0
BRDA:121,14,0,0
BRDA:121,15,0,0
BRDA:121,15,1,0
BRDA:127,16,0,0
BRDA:127,17,0,0
BRDA:127,17,1,0
BRDA:127,17,2,0
BRDA:135,18,0,0
BRDA:149,19,0,0
BRDA:155,20,0,0
BRDA:161,21,0,0
BRF:28
BRH:0
end_of_record
TN:
SF:src\app\api\admin\permissions\tree\route.ts
FN:13,buildPermissionTree
FN:18,(anonymous_4)
FN:26,(anonymous_5)
FN:44,sortChildren
FN:46,(anonymous_7)
FN:52,(anonymous_8)
FN:57,GET
FNF:7
FNH:0
FNDA:0,buildPermissionTree
FNDA:0,(anonymous_4)
FNDA:0,(anonymous_5)
FNDA:0,sortChildren
FNDA:0,(anonymous_7)
FNDA:0,(anonymous_8)
FNDA:0,GET
DA:1,0
DA:2,0
DA:3,0
DA:6,0
DA:14,0
DA:15,0
DA:18,0
DA:19,0
DA:26,0
DA:27,0
DA:29,0
DA:30,0
DA:31,0
DA:32,0
DA:33,0
DA:35,0
DA:39,0
DA:45,0
DA:46,0
DA:47,0
DA:51,0
DA:52,0
DA:54,0
DA:57,0
DA:58,0
DA:60,0
DA:61,0
DA:62,0
DA:68,0
DA:71,0
DA:72,0
DA:79,0
DA:96,0
DA:99,0
DA:101,0
DA:105,0
DA:106,0
LF:37
LH:0
BRDA:29,0,0,0
BRDA:29,0,1,0
BRDA:31,1,0,0
BRDA:32,2,0,0
BRDA:45,3,0,0
BRDA:45,4,0,0
BRDA:45,4,1,0
BRDA:61,5,0,0
BRDA:61,6,0,0
BRDA:61,6,1,0
BRDA:71,7,0,0
BRF:11
BRH:0
end_of_record
TN:
SF:src\app\api\admin\profile-settings\route.ts
FN:8,POST
FN:82,GET
FNF:2
FNH:0
FNDA:0,POST
FNDA:0,GET
DA:2,0
DA:3,0
DA:4,0
DA:6,0
DA:8,0
DA:9,0
DA:11,0
DA:12,0
DA:13,0
DA:15,0
DA:17,0
DA:27,0
DA:30,0
DA:31,0
DA:35,0
DA:40,0
DA:41,0
DA:45,0
DA:50,0
DA:51,0
DA:55,0
DA:65,0
DA:71,0
DA:73,0
DA:76,0
DA:77,0
DA:82,0
DA:83,0
DA:85,0
DA:86,0
DA:87,0
DA:89,0
DA:92,0
DA:100,0
DA:102,0
DA:103,0
DA:106,0
DA:108,0
DA:111,0
DA:112,0
LF:40
LH:0
BRDA:12,0,0,0
BRDA:30,1,0,0
BRDA:30,2,0,0
BRDA:30,2,1,0
BRDA:40,3,0,0
BRDA:50,4,0,0
BRDA:78,5,0,0
BRDA:78,5,1,0
BRDA:86,6,0,0
BRDA:102,7,0,0
BRDA:113,8,0,0
BRDA:113,8,1,0
BRF:12
BRH:0
end_of_record
TN:
SF:src\app\api\admin\profile-settings\password\route.ts
FN:9,POST
FNF:1
FNH:0
FNDA:0,POST
DA:2,0
DA:3,0
DA:4,0
DA:5,0
DA:7,0
DA:9,0
DA:10,0
DA:12,0
DA:13,0
DA:14,0
DA:17,0
DA:18,0
DA:19,0
DA:22,0
DA:25,0
DA:26,0
DA:30,0
DA:31,0
DA:35,0
DA:36,0
DA:38,0
DA:39,0
DA:42,0
DA:45,0
DA:46,0
DA:47,0
DA:48,0
DA:52,0
DA:56,0
DA:59,0
DA:68,0
DA:71,0
DA:77,0
DA:79,0
DA:82,0
DA:83,0
LF:36
LH:0
BRDA:13,0,0,0
BRDA:18,1,0,0
BRDA:25,2,0,0
BRDA:25,3,0,0
BRDA:25,3,1,0
BRDA:30,4,0,0
BRDA:38,5,0,0
BRDA:45,6,0,0
BRDA:45,6,1,0
BRDA:47,7,0,0
BRDA:84,8,0,0
BRDA:84,8,1,0
BRF:12
BRH:0
end_of_record
TN:
SF:src\app\api\admin\roles\route.ts
FN:7,GET
FN:90,POST
FN:147,(anonymous_6)
FNF:3
FNH:0
FNDA:0,GET
FNDA:0,POST
FNDA:0,(anonymous_6)
DA:1,0
DA:2,0
DA:3,0
DA:5,0
DA:7,0
DA:8,0
DA:9,0
DA:10,0
DA:11,0
DA:12,0
DA:13,0
DA:16,0
DA:17,0
DA:18,0
DA:24,0
DA:27,0
DA:28,0
DA:35,0
DA:36,0
DA:37,0
DA:39,0
DA:40,0
DA:41,0
DA:42,0
DA:46,0
DA:50,0
DA:53,0
DA:72,0
DA:82,0
DA:83,0
DA:90,0
DA:91,0
DA:92,0
DA:93,0
DA:96,0
DA:97,0
DA:98,0
DA:104,0
DA:107,0
DA:108,0
DA:114,0
DA:115,0
DA:122,0
DA:127,0
DA:128,0
DA:135,0
DA:142,0
DA:145,0
DA:146,0
DA:147,0
DA:148,0
DA:151,0
DA:157,0
DA:174,0
DA:176,0
DA:177,0
LF:56
LH:0
BRDA:10,0,0,0
BRDA:10,0,1,0
BRDA:11,1,0,0
BRDA:11,1,1,0
BRDA:12,2,0,0
BRDA:12,2,1,0
BRDA:17,3,0,0
BRDA:17,4,0,0
BRDA:17,4,1,0
BRDA:27,5,0,0
BRDA:39,6,0,0
BRDA:97,7,0,0
BRDA:97,8,0,0
BRDA:97,8,1,0
BRDA:107,9,0,0
BRDA:114,10,0,0
BRDA:127,11,0,0
BRDA:145,12,0,0
BRDA:145,12,1,0
BRDA:145,12,2,0
BRDA:146,13,0,0
BRDA:146,14,0,0
BRDA:146,14,1,0
BRDA:146,14,2,0
BRF:24
BRH:0
end_of_record
TN:
SF:src\app\api\admin\roles\[id]\route.ts
FN:13,GET
FN:61,PUT
FN:148,(anonymous_7)
FN:186,DELETE
FNF:4
FNH:0
FNDA:0,GET
FNDA:0,PUT
FNDA:0,(anonymous_7)
FNDA:0,DELETE
DA:1,0
DA:2,0
DA:3,0
DA:5,0
DA:13,0
DA:14,0
DA:15,0
DA:18,0
DA:19,0
DA:20,0
DA:27,0
DA:44,0
DA:45,0
DA:51,0
DA:53,0
DA:54,0
DA:61,0
DA:62,0
DA:63,0
DA:64,0
DA:65,0
DA:68,0
DA:69,0
DA:70,0
DA:76,0
DA:79,0
DA:80,0
DA:87,0
DA:92,0
DA:93,0
DA:99,0
DA:102,0
DA:103,0
DA:110,0
DA:111,0
DA:116,0
DA:117,0
DA:125,0
DA:135,0
DA:138,0
DA:139,0
DA:141,0
DA:147,0
DA:148,0
DA:149,0
DA:152,0
DA:159,0
DA:176,0
DA:178,0
DA:179,0
DA:186,0
DA:187,0
DA:188,0
DA:191,0
DA:192,0
DA:193,0
DA:199,0
DA:202,0
DA:203,0
DA:210,0
DA:215,0
DA:216,0
DA:223,0
DA:224,0
DA:231,0
DA:236,0
DA:237,0
DA:243,0
DA:245,0
DA:246,0
LF:70
LH:0
BRDA:19,0,0,0
BRDA:19,1,0,0
BRDA:19,1,1,0
BRDA:44,2,0,0
BRDA:69,3,0,0
BRDA:69,4,0,0
BRDA:69,4,1,0
BRDA:79,5,0,0
BRDA:92,6,0,0
BRDA:102,7,0,0
BRDA:102,8,0,0
BRDA:102,8,1,0
BRDA:110,9,0,0
BRDA:116,10,0,0
BRDA:138,11,0,0
BRDA:138,11,1,0
BRDA:139,12,0,0
BRDA:139,13,0,0
BRDA:139,13,1,0
BRDA:147,14,0,0
BRDA:192,15,0,0
BRDA:192,16,0,0
BRDA:192,16,1,0
BRDA:202,17,0,0
BRDA:215,18,0,0
BRDA:223,19,0,0
BRDA:236,20,0,0
BRF:27
BRH:0
end_of_record
TN:
SF:src\app\api\admin\roles\[id]\permissions\route.ts
FN:13,PUT
FN:86,(anonymous_4)
FN:92,(anonymous_5)
FNF:3
FNH:0
FNDA:0,PUT
FNDA:0,(anonymous_4)
FNDA:0,(anonymous_5)
DA:1,0
DA:2,0
DA:3,0
DA:5,0
DA:13,0
DA:14,0
DA:15,0
DA:16,0
DA:17,0
DA:20,0
DA:21,0
DA:22,0
DA:28,0
DA:31,0
DA:32,0
DA:39,0
DA:40,0
DA:47,0
DA:52,0
DA:53,0
DA:60,0
DA:61,0
DA:66,0
DA:67,0
DA:75,0
DA:77,0
DA:79,0
DA:85,0
DA:86,0
DA:87,0
DA:88,0
DA:91,0
DA:92,0
DA:93,0
DA:96,0
DA:102,0
DA:105,0
DA:136,0
DA:138,0
DA:139,0
DA:142,0
DA:143,0
LF:42
LH:0
BRDA:21,0,0,0
BRDA:21,1,0,0
BRDA:21,1,1,0
BRDA:31,2,0,0
BRDA:39,3,0,0
BRDA:52,4,0,0
BRDA:60,5,0,0
BRDA:66,6,0,0
BRDA:85,7,0,0
BRF:9
BRH:0
end_of_record
TN:
SF:src\app\api\admin\roles\[id]\permissions\tree\route.ts
FN:21,buildPermissionTreeWithChecked
FN:29,(anonymous_4)
FN:40,(anonymous_5)
FN:58,calculateIndeterminate
FN:66,(anonymous_7)
FN:93,sortChildren
FN:95,(anonymous_9)
FN:100,(anonymous_10)
FN:104,(anonymous_11)
FN:109,GET
FN:173,(anonymous_13)
FNF:11
FNH:0
FNDA:0,buildPermissionTreeWithChecked
FNDA:0,(anonymous_4)
FNDA:0,(anonymous_5)
FNDA:0,calculateIndeterminate
FNDA:0,(anonymous_7)
FNDA:0,sortChildren
FNDA:0,(anonymous_9)
FNDA:0,(anonymous_10)
FNDA:0,(anonymous_11)
FNDA:0,GET
FNDA:0,(anonymous_13)
DA:1,0
DA:2,0
DA:3,0
DA:6,0
DA:25,0
DA:26,0
DA:29,0
DA:30,0
DA:31,0
DA:40,0
DA:41,0
DA:43,0
DA:44,0
DA:45,0
DA:46,0
DA:47,0
DA:49,0
DA:53,0
DA:59,0
DA:60,0
DA:63,0
DA:64,0
DA:66,0
DA:67,0
DA:68,0
DA:70,0
DA:71,0
DA:75,0
DA:76,0
DA:77,0
DA:78,0
DA:81,0
DA:82,0
DA:83,0
DA:84,0
DA:87,0
DA:88,0
DA:89,0
DA:94,0
DA:95,0
DA:96,0
DA:100,0
DA:101,0
DA:102,0
DA:104,0
DA:106,0
DA:109,0
DA:110,0
DA:111,0
DA:114,0
DA:115,0
DA:116,0
DA:122,0
DA:125,0
DA:126,0
DA:133,0
DA:138,0
DA:139,0
DA:146,0
DA:164,0
DA:167,0
DA:172,0
DA:173,0
DA:177,0
DA:179,0
DA:183,0
DA:184,0
LF:67
LH:0
BRDA:43,0,0,0
BRDA:43,0,1,0
BRDA:45,1,0,0
BRDA:46,2,0,0
BRDA:59,3,0,0
BRDA:59,4,0,0
BRDA:59,4,1,0
BRDA:67,5,0,0
BRDA:70,6,0,0
BRDA:75,7,0,0
BRDA:75,8,0,0
BRDA:75,8,1,0
BRDA:75,8,2,0
BRDA:81,9,0,0
BRDA:94,10,0,0
BRDA:94,11,0,0
BRDA:94,11,1,0
BRDA:115,12,0,0
BRDA:115,13,0,0
BRDA:115,13,1,0
BRDA:125,14,0,0
BRDA:138,15,0,0
BRF:22
BRH:0
end_of_record
TN:
SF:src\app\api\admin\settings\route.ts
FN:7,hasSettingsPermission
FN:17,(anonymous_5)
FN:22,GET
FN:55,POST
FN:116,(anonymous_8)
FNF:5
FNH:0
FNDA:0,hasSettingsPermission
FNDA:0,(anonymous_5)
FNDA:0,GET
FNDA:0,POST
FNDA:0,(anonymous_8)
DA:1,0
DA:2,0
DA:3,0
DA:5,0
DA:11,0
DA:12,0
DA:15,0
DA:17,0
DA:22,0
DA:23,0
DA:24,0
DA:26,0
DA:27,0
DA:33,0
DA:35,0
DA:36,0
DA:43,0
DA:45,0
DA:47,0
DA:48,0
DA:55,0
DA:56,0
DA:57,0
DA:59,0
DA:60,0
DA:66,0
DA:68,0
DA:69,0
DA:75,0
DA:78,0
DA:80,0
DA:82,0
DA:83,0
DA:90,0
DA:93,0
DA:95,0
DA:102,0
DA:104,0
DA:105,0
DA:112,0
DA:115,0
DA:116,0
DA:122,0
DA:129,0
DA:130,0
LF:45
LH:0
BRDA:11,0,0,0
BRDA:17,1,0,0
BRDA:17,1,1,0
BRDA:26,2,0,0
BRDA:35,3,0,0
BRDA:59,4,0,0
BRDA:68,5,0,0
BRDA:78,6,0,0
BRDA:78,6,1,0
BRDA:78,7,0,0
BRDA:78,7,1,0
BRDA:82,8,0,0
BRDA:104,9,0,0
BRDA:104,10,0,0
BRDA:104,10,1,0
BRF:15
BRH:0
end_of_record
TN:
SF:src\app\api\admin\user-dashboard\popular-experiences\route.ts
FN:7,GET
FN:29,(anonymous_4)
FNF:2
FNH:0
FNDA:0,GET
FNDA:0,(anonymous_4)
DA:2,0
DA:3,0
DA:5,0
DA:7,0
DA:8,0
DA:10,0
DA:26,0
DA:29,0
DA:34,0
DA:40,0
DA:41,0
LF:11
LH:0
BRDA:31,0,0,0
BRDA:31,0,1,0
BRDA:42,1,0,0
BRDA:42,1,1,0
BRF:4
BRH:0
end_of_record
TN:
SF:src\app\api\admin\user-dashboard\recent-experiences\route.ts
FN:8,GET
FN:40,(anonymous_4)
FNF:2
FNH:0
FNDA:0,GET
FNDA:0,(anonymous_4)
DA:2,0
DA:3,0
DA:4,0
DA:6,0
DA:8,0
DA:9,0
DA:11,0
DA:13,0
DA:14,0
DA:17,0
DA:19,0
DA:20,0
DA:24,0
DA:37,0
DA:40,0
DA:45,0
DA:51,0
DA:52,0
LF:18
LH:0
BRDA:13,0,0,0
BRDA:13,1,0,0
BRDA:13,1,1,0
BRDA:19,2,0,0
BRDA:42,3,0,0
BRDA:42,3,1,0
BRDA:53,4,0,0
BRDA:53,4,1,0
BRF:8
BRH:0
end_of_record
TN:
SF:src\app\api\admin\user-dashboard\stats\route.ts
FN:8,GET
FNF:1
FNH:0
FNDA:0,GET
DA:2,0
DA:3,0
DA:4,0
DA:6,0
DA:8,0
DA:9,0
DA:11,0
DA:13,0
DA:14,0
DA:17,0
DA:19,0
DA:20,0
DA:24,0
DA:36,0
DA:37,0
DA:39,0
DA:49,0
DA:50,0
LF:18
LH:0
BRDA:13,0,0,0
BRDA:13,1,0,0
BRDA:13,1,1,0
BRDA:19,2,0,0
BRDA:51,3,0,0
BRDA:51,3,1,0
BRF:6
BRH:0
end_of_record
TN:
SF:src\app\api\admin\users\route.ts
FN:7,GET
FN:72,POST
FN:113,(anonymous_7)
FNF:3
FNH:0
FNDA:0,GET
FNDA:0,POST
FNDA:0,(anonymous_7)
DA:1,0
DA:2,0
DA:3,0
DA:5,0
DA:7,0
DA:8,0
DA:9,0
DA:10,0
DA:11,0
DA:12,0
DA:13,0
DA:16,0
DA:17,0
DA:18,0
DA:20,0
DA:21,0
DA:22,0
DA:23,0
DA:27,0
DA:31,0
DA:34,0
DA:54,0
DA:64,0
DA:65,0
DA:72,0
DA:73,0
DA:74,0
DA:75,0
DA:77,0
DA:78,0
DA:85,0
DA:90,0
DA:91,0
DA:98,0
DA:99,0
DA:102,0
DA:109,0
DA:112,0
DA:113,0
DA:114,0
DA:117,0
DA:123,0
DA:141,0
DA:143,0
DA:144,0
LF:45
LH:0
BRDA:10,0,0,0
BRDA:10,0,1,0
BRDA:11,1,0,0
BRDA:11,1,1,0
BRDA:12,2,0,0
BRDA:12,2,1,0
BRDA:20,3,0,0
BRDA:75,4,0,0
BRDA:77,5,0,0
BRDA:77,6,0,0
BRDA:77,6,1,0
BRDA:77,6,2,0
BRDA:90,7,0,0
BRDA:112,8,0,0
BRDA:112,9,0,0
BRDA:112,9,1,0
BRDA:112,9,2,0
BRF:17
BRH:0
end_of_record
TN:
SF:src\app\api\admin\users\[id]\route.ts
FN:12,GET
FN:52,PUT
FN:112,(anonymous_7)
FN:151,DELETE
FNF:4
FNH:0
FNDA:0,GET
FNDA:0,PUT
FNDA:0,(anonymous_7)
FNDA:0,DELETE
DA:1,0
DA:2,0
DA:4,0
DA:12,0
DA:13,0
DA:14,0
DA:17,0
DA:35,0
DA:36,0
DA:42,0
DA:44,0
DA:45,0
DA:52,0
DA:53,0
DA:54,0
DA:55,0
DA:56,0
DA:59,0
DA:64,0
DA:65,0
DA:72,0
DA:73,0
DA:78,0
DA:79,0
DA:87,0
DA:99,0
DA:102,0
DA:103,0
DA:105,0
DA:111,0
DA:112,0
DA:113,0
DA:116,0
DA:123,0
DA:141,0
DA:143,0
DA:144,0
DA:151,0
DA:152,0
DA:153,0
DA:156,0
DA:161,0
DA:162,0
DA:169,0
DA:174,0
DA:175,0
DA:181,0
DA:183,0
DA:184,0
LF:49
LH:0
BRDA:35,0,0,0
BRDA:64,1,0,0
BRDA:72,2,0,0
BRDA:72,3,0,0
BRDA:72,3,1,0
BRDA:78,4,0,0
BRDA:102,5,0,0
BRDA:102,5,1,0
BRDA:103,6,0,0
BRDA:103,7,0,0
BRDA:103,7,1,0
BRDA:111,8,0,0
BRDA:161,9,0,0
BRDA:174,10,0,0
BRF:14
BRH:0
end_of_record
TN:
SF:src\app\api\admin\users\[id]\password\route.ts
FN:14,PUT
FNF:1
FNH:0
FNDA:0,PUT
DA:1,0
DA:2,0
DA:3,0
DA:4,0
DA:6,0
DA:14,0
DA:15,0
DA:16,0
DA:17,0
DA:20,0
DA:21,0
DA:22,0
DA:28,0
DA:29,0
DA:30,0
DA:37,0
DA:38,0
DA:45,0
DA:46,0
DA:53,0
DA:54,0
DA:61,0
DA:66,0
DA:67,0
DA:74,0
DA:75,0
DA:81,0
DA:84,0
DA:85,0
DA:88,0
DA:97,0
DA:99,0
DA:105,0
DA:106,0
LF:34
LH:0
BRDA:21,0,0,0
BRDA:29,1,0,0
BRDA:37,2,0,0
BRDA:45,3,0,0
BRDA:53,4,0,0
BRDA:66,5,0,0
BRDA:74,6,0,0
BRF:7
BRH:0
end_of_record
TN:
SF:src\app\api\api-keys\route.ts
FN:8,GET
FN:48,POST
FNF:2
FNH:0
FNDA:0,GET
FNDA:0,POST
DA:1,0
DA:2,0
DA:3,0
DA:5,0
DA:8,0
DA:9,0
DA:11,0
DA:12,0
DA:13,0
DA:14,0
DA:15,0
DA:21,0
DA:22,0
DA:26,0
DA:27,0
DA:28,0
DA:34,0
DA:35,0
DA:36,0
DA:39,0
DA:40,0
DA:48,0
DA:49,0
DA:51,0
DA:52,0
DA:53,0
DA:59,0
DA:61,0
DA:62,0
DA:64,0
DA:65,0
DA:71,0
DA:72,0
DA:78,0
DA:82,0
DA:85,0
DA:86,0
LF:37
LH:0
BRDA:12,0,0,0
BRDA:14,1,0,0
BRDA:27,2,0,0
BRDA:27,3,0,0
BRDA:27,3,1,0
BRDA:52,4,0,0
BRDA:52,5,0,0
BRDA:52,5,1,0
BRDA:64,6,0,0
BRDA:64,7,0,0
BRDA:64,7,1,0
BRDA:71,8,0,0
BRF:12
BRH:0
end_of_record
TN:
SF:src\app\api\api-keys\[id]\route.ts
FN:8,GET
FN:46,PUT
FN:107,DELETE
FNF:3
FNH:0
FNDA:0,GET
FNDA:0,PUT
FNDA:0,DELETE
DA:1,0
DA:2,0
DA:3,0
DA:5,0
DA:8,0
DA:12,0
DA:13,0
DA:16,0
DA:17,0
DA:18,0
DA:24,0
DA:25,0
DA:26,0
DA:27,0
DA:33,0
DA:36,0
DA:37,0
DA:46,0
DA:50,0
DA:52,0
DA:55,0
DA:56,0
DA:57,0
DA:63,0
DA:65,0
DA:66,0
DA:68,0
DA:69,0
DA:70,0
DA:75,0
DA:76,0
DA:83,0
DA:84,0
DA:85,0
DA:87,0
DA:88,0
DA:89,0
DA:95,0
DA:98,0
DA:99,0
DA:107,0
DA:111,0
DA:113,0
DA:116,0
DA:117,0
DA:118,0
DA:124,0
DA:125,0
DA:126,0
DA:127,0
DA:133,0
DA:136,0
DA:137,0
LF:53
LH:0
BRDA:17,0,0,0
BRDA:17,1,0,0
BRDA:17,1,1,0
BRDA:26,2,0,0
BRDA:56,3,0,0
BRDA:56,4,0,0
BRDA:56,4,1,0
BRDA:68,5,0,0
BRDA:69,6,0,0
BRDA:69,7,0,0
BRDA:69,7,1,0
BRDA:75,8,0,0
BRDA:84,9,0,0
BRDA:85,10,0,0
BRDA:88,11,0,0
BRDA:117,12,0,0
BRDA:117,13,0,0
BRDA:117,13,1,0
BRDA:126,14,0,0
BRF:19
BRH:0
end_of_record
TN:
SF:src\app\api\api-keys\[id]\copy\route.ts
FN:8,GET
FNF:1
FNH:0
FNDA:0,GET
DA:1,0
DA:2,0
DA:3,0
DA:5,0
DA:8,0
DA:12,0
DA:13,0
DA:15,0
DA:16,0
DA:17,0
DA:23,0
DA:24,0
DA:25,0
DA:26,0
DA:32,0
DA:35,0
DA:36,0
LF:17
LH:0
BRDA:16,0,0,0
BRDA:16,1,0,0
BRDA:16,1,1,0
BRDA:25,2,0,0
BRF:4
BRH:0
end_of_record
TN:
SF:src\app\api\auth\[...nextauth]\route.ts
FN:21,(anonymous_8)
FN:62,(anonymous_9)
FN:101,(anonymous_10)
FN:112,(anonymous_11)
FNF:4
FNH:0
FNDA:0,(anonymous_8)
FNDA:0,(anonymous_9)
FNDA:0,(anonymous_10)
FNDA:0,(anonymous_11)
DA:1,0
DA:2,0
DA:3,0
DA:4,0
DA:5,0
DA:11,0
DA:22,0
DA:23,0
DA:26,0
DA:28,0
DA:33,0
DA:34,0
DA:37,0
DA:40,0
DA:45,0
DA:46,0
DA:50,0
DA:57,0
DA:60,0
DA:61,0
DA:62,0
DA:63,0
DA:70,0
DA:73,0
DA:74,0
DA:78,0
DA:84,0
DA:94,0
DA:95,0
DA:103,0
DA:104,0
DA:105,0
DA:106,0
DA:107,0
DA:108,0
DA:110,0
DA:114,0
DA:115,0
DA:116,0
DA:117,0
DA:118,0
DA:119,0
DA:121,0
DA:145,0
LF:44
LH:0
BRDA:22,0,0,0
BRDA:22,1,0,0
BRDA:22,1,1,0
BRDA:33,2,0,0
BRDA:45,3,0,0
BRDA:61,4,0,0
BRDA:73,5,0,0
BRDA:103,6,0,0
BRDA:114,7,0,0
BRF:9
BRH:0
end_of_record
TN:
SF:src\app\api\auth\login\route.ts
FN:25,generateSessionToken
FN:26,(anonymous_5)
FN:31,POST
FN:71,(anonymous_7)
FNF:4
FNH:0
FNDA:0,generateSessionToken
FNDA:0,(anonymous_5)
FNDA:0,POST
FNDA:0,(anonymous_7)
DA:1,0
DA:2,0
DA:4,0
DA:5,0
DA:6,0
DA:8,0
DA:26,0
DA:27,0
DA:31,0
DA:32,0
DA:33,0
DA:35,0
DA:36,0
DA:40,0
DA:45,0
DA:46,0
DA:49,0
DA:52,0
DA:54,0
DA:55,0
DA:59,0
DA:66,0
DA:69,0
DA:70,0
DA:71,0
DA:72,0
DA:79,0
DA:82,0
DA:83,0
DA:87,0
DA:88,0
DA:89,0
DA:91,0
DA:97,0
DA:102,0
DA:112,0
DA:123,0
DA:124,0
DA:126,0
DA:134,0
DA:137,0
DA:138,0
DA:140,0
LF:43
LH:0
BRDA:35,0,0,0
BRDA:35,1,0,0
BRDA:35,1,1,0
BRDA:45,2,0,0
BRDA:54,3,0,0
BRDA:70,4,0,0
BRDA:82,5,0,0
BRDA:137,6,0,0
BRDA:141,7,0,0
BRDA:141,7,1,0
BRF:10
BRH:0
end_of_record
TN:
SF:src\app\api\auth\logout\route.ts
FN:11,POST
FNF:1
FNH:0
FNDA:0,POST
DA:2,0
DA:4,0
DA:11,0
DA:12,0
DA:15,0
DA:17,0
DA:18,0
DA:20,0
LF:8
LH:0
BRDA:17,0,0,0
BRDA:21,1,0,0
BRDA:21,1,1,0
BRF:3
BRH:0
end_of_record
TN:
SF:src\app\api\auth\me\route.ts
FN:6,GET
FNF:1
FNH:0
FNDA:0,GET
DA:1,0
DA:2,0
DA:4,0
DA:6,0
DA:7,0
DA:9,0
DA:11,0
DA:12,0
DA:18,0
DA:21,0
DA:31,0
DA:32,0
DA:34,0
LF:13
LH:0
BRDA:11,0,0,0
BRDA:31,1,0,0
BRF:2
BRH:0
end_of_record
TN:
SF:src\app\api\experiences\route.ts
FN:9,GET
FN:33,(anonymous_5)
FN:34,(anonymous_6)
FN:48,POST
FNF:4
FNH:0
FNDA:0,GET
FNDA:0,(anonymous_5)
FNDA:0,(anonymous_6)
FNDA:0,POST
DA:2,0
DA:3,0
DA:4,0
DA:5,0
DA:7,0
DA:9,0
DA:10,0
DA:11,0
DA:13,0
DA:14,0
DA:15,0
DA:16,0
DA:17,0
DA:18,0
DA:20,0
DA:21,0
DA:32,0
DA:33,0
DA:34,0
DA:35,0
DA:40,0
DA:42,0
DA:43,0
DA:48,0
DA:49,0
DA:51,0
DA:52,0
DA:53,0
DA:55,0
DA:57,0
DA:60,0
DA:63,0
DA:64,0
DA:69,0
DA:70,0
DA:88,0
DA:90,0
DA:92,0
DA:93,0
LF:39
LH:0
BRDA:13,0,0,0
BRDA:13,0,1,0
BRDA:14,1,0,0
BRDA:14,1,1,0
BRDA:15,2,0,0
BRDA:15,2,1,0
BRDA:16,3,0,0
BRDA:16,3,1,0
BRDA:17,4,0,0
BRDA:17,4,1,0
BRDA:32,5,0,0
BRDA:32,6,0,0
BRDA:32,6,1,0
BRDA:44,7,0,0
BRDA:44,7,1,0
BRDA:52,8,0,0
BRDA:63,9,0,0
BRDA:63,10,0,0
BRDA:63,10,1,0
BRDA:63,10,2,0
BRDA:69,11,0,0
BRDA:69,11,1,0
BRDA:69,12,0,0
BRDA:69,12,1,0
BRDA:94,13,0,0
BRDA:94,13,1,0
BRF:26
BRH:0
end_of_record
TN:
SF:src\app\api\experiences\[id]\embedding\route.ts
FN:12,POST
FNF:1
FNH:0
FNDA:0,POST
DA:1,0
DA:2,0
DA:4,0
DA:12,0
DA:13,0
DA:14,0
DA:16,0
DA:17,0
DA:23,0
DA:25,0
DA:26,0
DA:28,0
DA:29,0
DA:35,0
DA:37,0
DA:40,0
DA:42,0
LF:17
LH:0
BRDA:16,0,0,0
BRDA:28,1,0,0
BRDA:40,2,0,0
BRDA:40,2,1,0
BRF:4
BRH:0
end_of_record
TN:
SF:src\app\api\experiences\[id]\view\route.ts
FN:11,POST
FNF:1
FNH:0
FNDA:0,POST
DA:2,0
DA:3,0
DA:5,0
DA:11,0
DA:15,0
DA:17,0
DA:19,0
DA:20,0
DA:23,0
DA:27,0
DA:31,0
DA:34,0
DA:40,0
LF:13
LH:0
BRDA:19,0,0,0
BRDA:35,1,0,0
BRDA:35,1,1,0
BRF:3
BRH:0
end_of_record
TN:
SF:src\app\experience\[id]\page.tsx
FN:11,ExperienceDetailPage
FN:60,(anonymous_3)
FNF:2
FNH:0
FNDA:0,ExperienceDetailPage
FNDA:0,(anonymous_3)
DA:1,0
DA:2,0
DA:3,0
DA:11,0
DA:13,0
DA:15,0
DA:18,0
DA:21,0
DA:23,0
DA:24,0
DA:28,0
DA:29,0
DA:61,0
LF:13
LH:0
BRDA:23,0,0,0
BRDA:28,1,0,0
BRDA:49,2,0,0
BRDA:49,2,1,0
BRDA:57,3,0,0
BRDA:57,3,1,0
BRDA:84,4,0,0
BRDA:106,5,0,0
BRF:8
BRH:0
end_of_record
TN:
SF:src\components\ErrorMonitor.tsx
FN:9,(anonymous_7)
FN:16,(anonymous_8)
FN:17,(anonymous_9)
FN:27,(anonymous_10)
FN:34,(anonymous_11)
FN:47,(anonymous_12)
FN:57,(anonymous_13)
FN:66,(anonymous_14)
FN:75,(anonymous_15)
FN:89,(anonymous_16)
FN:93,(anonymous_17)
FN:128,(anonymous_18)
FN:203,(anonymous_19)
FN:206,(anonymous_20)
FN:208,(anonymous_21)
FN:218,(anonymous_22)
FN:219,(anonymous_23)
FNF:17
FNH:0
FNDA:0,(anonymous_7)
FNDA:0,(anonymous_8)
FNDA:0,(anonymous_9)
FNDA:0,(anonymous_10)
FNDA:0,(anonymous_11)
FNDA:0,(anonymous_12)
FNDA:0,(anonymous_13)
FNDA:0,(anonymous_14)
FNDA:0,(anonymous_15)
FNDA:0,(anonymous_16)
FNDA:0,(anonymous_17)
FNDA:0,(anonymous_18)
FNDA:0,(anonymous_19)
FNDA:0,(anonymous_20)
FNDA:0,(anonymous_21)
FNDA:0,(anonymous_22)
FNDA:0,(anonymous_23)
DA:1,0
DA:2,0
DA:9,0
DA:13,0
DA:14,0
DA:16,0
DA:17,0
DA:18,0
DA:22,0
DA:25,0
DA:27,0
DA:30,0
DA:31,0
DA:34,0
DA:35,0
DA:37,0
DA:39,0
DA:41,0
DA:43,0
DA:47,0
DA:48,0
DA:49,0
DA:51,0
DA:52,0
DA:54,0
DA:57,0
DA:58,0
DA:59,0
DA:66,0
DA:76,0
DA:77,0
DA:90,0
DA:93,0
DA:128,0
DA:129,0
DA:203,0
DA:204,0
DA:206,0
DA:207,0
DA:208,0
DA:209,0
DA:214,0
DA:218,0
DA:219,0
LF:44
LH:0
BRDA:10,0,0,0
BRDA:30,1,0,0
BRDA:30,2,0,0
BRDA:30,2,1,0
BRDA:35,3,0,0
BRDA:35,3,1,0
BRDA:35,3,2,0
BRDA:35,3,3,0
BRDA:48,4,0,0
BRDA:51,5,0,0
BRDA:83,6,0,0
BRDA:83,6,1,0
BRDA:87,7,0,0
BRDA:107,8,0,0
BRDA:129,9,0,0
BRDA:162,10,0,0
BRDA:169,11,0,0
BRDA:176,12,0,0
BRDA:185,13,0,0
BRDA:209,14,0,0
BRDA:209,14,1,0
BRF:21
BRH:0
end_of_record
TN:
SF:src\components\ErrorMonitorWrapper.tsx
FN:7,(anonymous_4)
FN:12,(anonymous_5)
FN:14,(anonymous_6)
FN:15,(anonymous_7)
FN:30,(anonymous_8)
FN:33,(anonymous_9)
FN:37,(anonymous_10)
FNF:7
FNH:0
FNDA:0,(anonymous_4)
FNDA:0,(anonymous_5)
FNDA:0,(anonymous_6)
FNDA:0,(anonymous_7)
FNDA:0,(anonymous_8)
FNDA:0,(anonymous_9)
FNDA:0,(anonymous_10)
DA:3,0
DA:4,0
DA:7,0
DA:8,0
DA:9,0
DA:10,0
DA:12,0
DA:14,0
DA:15,0
DA:16,0
DA:20,0
DA:22,0
DA:25,0
DA:28,0
DA:30,0
DA:33,0
DA:34,0
DA:37,0
DA:38,0
DA:41,0
DA:42,0
DA:59,0
LF:22
LH:0
BRDA:16,0,0,0
BRDA:16,0,1,0
BRDA:22,1,0,0
BRDA:22,1,1,0
BRDA:41,2,0,0
BRF:5
BRH:0
end_of_record
TN:
SF:src\components\Header.tsx
FN:6,Header
FN:9,(anonymous_3)
FNF:2
FNH:0
FNDA:0,Header
FNDA:0,(anonymous_3)
DA:3,0
DA:4,0
DA:6,0
DA:7,0
DA:9,0
DA:10,0
LF:6
LH:0
BRDA:27,0,0,0
BRDA:27,0,1,0
BRDA:33,1,0,0
BRDA:33,1,1,0
BRF:4
BRH:0
end_of_record
TN:
SF:src\components\admin\PermissionTree.tsx
FN:17,PermissionTree
FN:30,(anonymous_3)
FN:36,(anonymous_4)
FN:45,(anonymous_5)
FN:59,(anonymous_6)
FN:74,(anonymous_7)
FNF:6
FNH:6
FNDA:7,PermissionTree
FNDA:5,(anonymous_3)
FNDA:6,(anonymous_4)
FNDA:4,(anonymous_5)
FNDA:2,(anonymous_6)
FNDA:5,(anonymous_7)
DA:3,1
DA:4,1
DA:17,5
DA:27,7
DA:30,7
DA:31,5
DA:32,3
DA:33,3
DA:36,2
DA:38,6
DA:43,6
DA:45,4
DA:47,6
DA:48,3
DA:54,3
DA:57,2
DA:59,2
DA:61,2
DA:64,7
DA:75,5
LF:20
LH:20
BRDA:21,0,0,6
BRDA:22,1,0,7
BRDA:23,2,0,7
BRDA:25,3,0,3
BRDA:31,4,0,3
BRDA:38,5,0,6
BRDA:38,5,1,4
BRDA:38,5,2,4
BRDA:38,5,3,4
BRDA:43,6,0,6
BRDA:43,6,1,2
BRDA:47,7,0,3
BRDA:47,8,0,6
BRDA:47,8,1,4
BRDA:50,9,0,2
BRDA:50,9,1,1
BRDA:64,10,0,2
BRDA:67,11,0,1
BRDA:67,11,1,1
BRF:19
BRH:19
end_of_record
TN:
SF:src\components\admin\PermissionTreeNode.tsx
FN:22,PermissionTreeNode
FN:37,(anonymous_2)
FN:51,(anonymous_3)
FN:64,(anonymous_4)
FN:70,(anonymous_5)
FN:76,(anonymous_6)
FN:109,(anonymous_7)
FN:147,(anonymous_8)
FNF:8
FNH:5
FNDA:15,PermissionTreeNode
FNDA:15,(anonymous_2)
FNDA:15,(anonymous_3)
FNDA:0,(anonymous_4)
FNDA:0,(anonymous_5)
FNDA:0,(anonymous_6)
FNDA:6,(anonymous_7)
FNDA:10,(anonymous_8)
DA:3,1
DA:22,5
DA:31,15
DA:33,15
DA:34,15
DA:37,15
DA:38,15
DA:40,5
DA:42,5
DA:44,5
DA:46,0
DA:51,15
DA:52,15
DA:54,5
DA:56,5
DA:58,5
DA:60,0
DA:64,15
DA:65,0
DA:66,0
DA:70,15
DA:71,0
DA:72,0
DA:76,15
DA:77,0
DA:78,0
DA:110,6
DA:111,3
DA:148,10
LF:29
LH:21
BRDA:24,0,0,5
BRDA:27,1,0,0
BRDA:28,2,0,0
BRDA:33,3,0,15
BRDA:33,3,1,10
BRDA:38,4,0,5
BRDA:38,4,1,5
BRDA:38,4,2,5
BRDA:38,4,3,0
BRDA:52,5,0,5
BRDA:52,5,1,5
BRDA:52,5,2,5
BRDA:52,5,3,0
BRDA:65,6,0,0
BRDA:71,7,0,0
BRDA:71,8,0,0
BRDA:71,8,1,0
BRDA:77,9,0,0
BRDA:77,10,0,0
BRDA:77,10,1,0
BRDA:86,11,0,0
BRDA:86,11,1,15
BRDA:92,12,0,10
BRDA:96,13,0,10
BRDA:96,13,1,0
BRDA:103,14,0,15
BRDA:106,15,0,3
BRDA:106,15,1,3
BRDA:110,16,0,3
BRDA:111,17,0,3
BRDA:111,17,1,3
BRDA:125,18,0,15
BRDA:130,19,0,15
BRDA:133,20,0,15
BRDA:133,20,1,5
BRDA:138,21,0,15
BRDA:145,22,0,15
BRDA:145,22,1,10
BRF:38
BRH:25
end_of_record
TN:
SF:src\components\admin\RoleModal.tsx
FN:18,RoleModal
FN:29,(anonymous_6)
FN:36,(anonymous_7)
FN:48,(anonymous_8)
FN:50,(anonymous_9)
FN:62,(anonymous_10)
FN:80,(anonymous_11)
FN:90,(anonymous_12)
FN:92,(anonymous_13)
FN:104,(anonymous_14)
FN:112,(anonymous_15)
FN:114,(anonymous_16)
FN:115,(anonymous_17)
FN:120,(anonymous_18)
FN:140,(anonymous_19)
FN:141,(anonymous_20)
FN:144,(anonymous_21)
FN:145,(anonymous_22)
FN:162,(anonymous_23)
FN:164,(anonymous_24)
FN:176,(anonymous_25)
FN:180,(anonymous_26)
FN:268,(anonymous_27)
FN:268,(anonymous_28)
FN:281,(anonymous_29)
FN:281,(anonymous_30)
FN:301,(anonymous_31)
FNF:27
FNH:0
FNDA:0,RoleModal
FNDA:0,(anonymous_6)
FNDA:0,(anonymous_7)
FNDA:0,(anonymous_8)
FNDA:0,(anonymous_9)
FNDA:0,(anonymous_10)
FNDA:0,(anonymous_11)
FNDA:0,(anonymous_12)
FNDA:0,(anonymous_13)
FNDA:0,(anonymous_14)
FNDA:0,(anonymous_15)
FNDA:0,(anonymous_16)
FNDA:0,(anonymous_17)
FNDA:0,(anonymous_18)
FNDA:0,(anonymous_19)
FNDA:0,(anonymous_20)
FNDA:0,(anonymous_21)
FNDA:0,(anonymous_22)
FNDA:0,(anonymous_23)
FNDA:0,(anonymous_24)
FNDA:0,(anonymous_25)
FNDA:0,(anonymous_26)
FNDA:0,(anonymous_27)
FNDA:0,(anonymous_28)
FNDA:0,(anonymous_29)
FNDA:0,(anonymous_30)
FNDA:0,(anonymous_31)
DA:1,0
DA:2,0
DA:3,0
DA:19,0
DA:24,0
DA:25,0
DA:26,0
DA:27,0
DA:29,0
DA:30,0
DA:31,0
DA:32,0
DA:36,0
DA:37,0
DA:38,0
DA:40,0
DA:42,0
DA:43,0
DA:44,0
DA:45,0
DA:48,0
DA:49,0
DA:50,0
DA:51,0
DA:52,0
DA:54,0
DA:55,0
DA:58,0
DA:61,0
DA:62,0
DA:66,0
DA:67,0
DA:68,0
DA:69,0
DA:73,0
DA:74,0
DA:76,0
DA:80,0
DA:81,0
DA:83,0
DA:84,0
DA:85,0
DA:86,0
DA:87,0
DA:90,0
DA:91,0
DA:92,0
DA:93,0
DA:94,0
DA:96,0
DA:97,0
DA:100,0
DA:103,0
DA:104,0
DA:107,0
DA:112,0
DA:114,0
DA:115,0
DA:116,0
DA:117,0
DA:119,0
DA:120,0
DA:126,0
DA:128,0
DA:130,0
DA:131,0
DA:133,0
DA:137,0
DA:140,0
DA:141,0
DA:142,0
DA:143,0
DA:144,0
DA:145,0
DA:147,0
DA:154,0
DA:158,0
DA:159,0
DA:162,0
DA:163,0
DA:164,0
DA:165,0
DA:166,0
DA:168,0
DA:169,0
DA:172,0
DA:175,0
DA:176,0
DA:180,0
DA:181,0
DA:182,0
DA:184,0
DA:185,0
DA:186,0
DA:189,0
DA:200,0
DA:201,0
DA:202,0
DA:203,0
DA:204,0
DA:207,0
DA:208,0
DA:211,0
DA:221,0
DA:222,0
DA:223,0
DA:225,0
DA:226,0
DA:229,0
DA:230,0
DA:232,0
DA:268,0
DA:281,0
DA:301,0
DA:371,0
LF:115
LH:0
BRDA:20,0,0,0
BRDA:20,0,1,0
BRDA:21,1,0,0
BRDA:21,1,1,0
BRDA:31,2,0,0
BRDA:40,3,0,0
BRDA:40,3,1,0
BRDA:43,4,0,0
BRDA:45,5,0,0
BRDA:45,5,1,0
BRDA:51,6,0,0
BRDA:54,7,0,0
BRDA:61,8,0,0
BRDA:61,8,1,0
BRDA:67,9,0,0
BRDA:69,10,0,0
BRDA:69,10,1,0
BRDA:81,11,0,0
BRDA:85,12,0,0
BRDA:87,13,0,0
BRDA:87,13,1,0
BRDA:93,14,0,0
BRDA:96,15,0,0
BRDA:103,16,0,0
BRDA:103,16,1,0
BRDA:116,17,0,0
BRDA:119,18,0,0
BRDA:130,19,0,0
BRDA:142,20,0,0
BRDA:145,21,0,0
BRDA:145,21,1,0
BRDA:151,22,0,0
BRDA:151,22,1,0
BRDA:165,23,0,0
BRDA:168,24,0,0
BRDA:185,25,0,0
BRDA:185,25,1,0
BRDA:186,26,0,0
BRDA:186,26,1,0
BRDA:200,27,0,0
BRDA:202,28,0,0
BRDA:202,28,1,0
BRDA:208,29,0,0
BRDA:208,29,1,0
BRDA:221,30,0,0
BRDA:221,30,1,0
BRDA:226,31,0,0
BRDA:226,31,1,0
BRDA:243,32,0,0
BRDA:243,32,1,0
BRDA:245,33,0,0
BRDA:245,33,1,0
BRDA:280,34,0,0
BRDA:280,34,1,0
BRDA:312,35,0,0
BRDA:327,36,0,0
BRDA:353,37,0,0
BRF:57
BRH:0
end_of_record
TN:
SF:src\components\admin\Sidebar.tsx
FN:8,Sidebar
FN:13,(anonymous_3)
FN:87,(anonymous_4)
FN:108,(anonymous_5)
FNF:4
FNH:0
FNDA:0,Sidebar
FNDA:0,(anonymous_3)
FNDA:0,(anonymous_4)
FNDA:0,(anonymous_5)
DA:3,0
DA:4,0
DA:5,0
DA:6,0
DA:8,0
DA:9,0
DA:10,0
DA:11,0
DA:13,0
DA:14,0
DA:15,0
DA:16,0
DA:17,0
DA:19,0
DA:21,0
DA:22,0
DA:26,0
DA:87,0
DA:89,0
DA:92,0
DA:95,0
DA:109,0
DA:110,0
LF:23
LH:0
BRDA:89,0,0,0
BRDA:92,1,0,0
BRDA:109,2,0,0
BRDA:109,2,1,0
BRDA:114,3,0,0
BRDA:114,3,1,0
BRDA:129,4,0,0
BRDA:129,4,1,0
BRDA:130,5,0,0
BRDA:130,5,1,0
BRF:10
BRH:0
end_of_record
TN:
SF:src\components\auth\PermissionGuard.tsx
FN:21,PermissionGuard
FN:100,usePermissions
FN:105,(anonymous_5)
FN:110,(anonymous_6)
FN:115,(anonymous_7)
FN:120,(anonymous_8)
FN:122,(anonymous_9)
FN:127,(anonymous_10)
FN:129,(anonymous_11)
FNF:9
FNH:0
FNDA:0,PermissionGuard
FNDA:0,usePermissions
FNDA:0,(anonymous_5)
FNDA:0,(anonymous_6)
FNDA:0,(anonymous_7)
FNDA:0,(anonymous_8)
FNDA:0,(anonymous_9)
FNDA:0,(anonymous_10)
FNDA:0,(anonymous_11)
DA:4,0
DA:5,0
DA:6,0
DA:21,0
DA:30,0
DA:31,0
DA:34,0
DA:46,0
DA:47,0
DA:48,0
DA:52,0
DA:53,0
DA:56,0
DA:57,0
DA:68,0
DA:69,0
DA:80,0
DA:82,0
DA:100,0
DA:101,0
DA:102,0
DA:103,0
DA:105,0
DA:106,0
DA:107,0
DA:110,0
DA:111,0
DA:112,0
DA:115,0
DA:116,0
DA:117,0
DA:120,0
DA:121,0
DA:122,0
DA:123,0
DA:127,0
DA:128,0
DA:129,0
DA:132,0
LF:39
LH:0
BRDA:27,0,0,0
BRDA:34,1,0,0
BRDA:46,2,0,0
BRDA:46,3,0,0
BRDA:46,3,1,0
BRDA:46,3,2,0
BRDA:52,4,0,0
BRDA:56,5,0,0
BRDA:56,5,1,0
BRDA:57,6,0,0
BRDA:58,7,0,0
BRDA:68,8,0,0
BRDA:68,8,1,0
BRDA:69,9,0,0
BRDA:70,10,0,0
BRDA:80,11,0,0
BRDA:80,12,0,0
BRDA:80,12,1,0
BRDA:82,13,0,0
BRDA:83,14,0,0
BRDA:106,15,0,0
BRDA:111,16,0,0
BRDA:116,17,0,0
BRDA:121,18,0,0
BRDA:122,19,0,0
BRDA:122,19,1,0
BRDA:128,20,0,0
BRF:27
BRH:0
end_of_record
TN:
SF:src\components\experience\ExperienceList.tsx
FN:8,ExperienceList
FN:19,(anonymous_3)
FN:36,(anonymous_4)
FNF:3
FNH:0
FNDA:0,ExperienceList
FNDA:0,(anonymous_3)
FNDA:0,(anonymous_4)
DA:1,0
DA:8,0
DA:9,0
DA:20,0
DA:37,0
LF:5
LH:0
BRDA:9,0,0,0
BRDA:34,1,0,0
BRDA:34,1,1,0
BRF:3
BRH:0
end_of_record
TN:
SF:src\components\ui\ConfirmDialog.tsx
FN:17,(anonymous_3)
FN:29,(anonymous_4)
FN:39,(anonymous_5)
FN:51,(anonymous_6)
FN:100,(anonymous_7)
FN:151,(anonymous_8)
FN:154,(anonymous_9)
FN:173,(anonymous_10)
FN:177,(anonymous_11)
FN:190,(anonymous_12)
FN:206,(anonymous_13)
FN:219,(anonymous_14)
FN:227,(anonymous_15)
FN:228,(anonymous_16)
FN:235,(anonymous_17)
FN:236,(anonymous_18)
FN:250,(anonymous_20)
FNF:17
FNH:0
FNDA:0,(anonymous_3)
FNDA:0,(anonymous_4)
FNDA:0,(anonymous_5)
FNDA:0,(anonymous_6)
FNDA:0,(anonymous_7)
FNDA:0,(anonymous_8)
FNDA:0,(anonymous_9)
FNDA:0,(anonymous_10)
FNDA:0,(anonymous_11)
FNDA:0,(anonymous_12)
FNDA:0,(anonymous_13)
FNDA:0,(anonymous_14)
FNDA:0,(anonymous_15)
FNDA:0,(anonymous_16)
FNDA:0,(anonymous_17)
FNDA:0,(anonymous_18)
FNDA:0,(anonymous_20)
DA:3,0
DA:4,0
DA:17,0
DA:27,0
DA:29,0
DA:30,0
DA:31,0
DA:33,0
DA:37,0
DA:39,0
DA:40,0
DA:51,0
DA:52,0
DA:54,0
DA:59,0
DA:64,0
DA:100,0
DA:152,0
DA:155,0
DA:174,0
DA:175,0
DA:178,0
DA:190,0
DA:191,0
DA:206,0
DA:219,0
DA:220,0
DA:228,0
DA:229,0
DA:235,0
DA:236,0
DA:237,0
DA:238,0
DA:251,0
DA:252,0
DA:259,0
DA:262,0
LF:37
LH:0
BRDA:21,0,0,0
BRDA:22,1,0,0
BRDA:23,2,0,0
BRDA:30,3,0,0
BRDA:30,3,1,0
BRDA:37,4,0,0
BRDA:40,5,0,0
BRDA:52,6,0,0
BRDA:52,6,1,0
BRDA:52,6,2,0
BRDA:84,7,0,0
BRDA:84,7,1,0
BRDA:97,8,0,0
BRDA:97,8,1,0
BRDA:209,9,0,0
BRDA:210,10,0,0
BRDA:211,11,0,0
BRDA:237,12,0,0
BRDA:251,13,0,0
BRF:19
BRH:0
end_of_record
TN:
SF:src\components\ui\Toast.tsx
FN:14,(anonymous_1)
FN:18,(anonymous_2)
FN:20,(anonymous_3)
FN:23,(anonymous_4)
FN:27,(anonymous_5)
FN:30,(anonymous_6)
FN:32,(anonymous_7)
FN:37,(anonymous_8)
FN:50,(anonymous_9)
FN:63,(anonymous_10)
FN:118,(anonymous_11)
FN:121,(anonymous_12)
FNF:12
FNH:0
FNDA:0,(anonymous_1)
FNDA:0,(anonymous_2)
FNDA:0,(anonymous_3)
FNDA:0,(anonymous_4)
FNDA:0,(anonymous_5)
FNDA:0,(anonymous_6)
FNDA:0,(anonymous_7)
FNDA:0,(anonymous_8)
FNDA:0,(anonymous_9)
FNDA:0,(anonymous_10)
FNDA:0,(anonymous_11)
FNDA:0,(anonymous_12)
DA:3,0
DA:4,0
DA:14,0
DA:15,0
DA:16,0
DA:18,0
DA:20,0
DA:23,0
DA:24,0
DA:27,0
DA:30,0
DA:31,0
DA:32,0
DA:33,0
DA:37,0
DA:38,0
DA:50,0
DA:51,0
DA:53,0
DA:55,0
DA:57,0
DA:59,0
DA:63,0
DA:64,0
DA:66,0
DA:68,0
DA:70,0
DA:72,0
DA:119,0
DA:122,0
DA:131,0
LF:31
LH:0
BRDA:14,0,0,0
BRDA:14,1,0,0
BRDA:51,2,0,0
BRDA:51,2,1,0
BRDA:51,2,2,0
BRDA:51,2,3,0
BRDA:64,3,0,0
BRDA:64,3,1,0
BRDA:64,3,2,0
BRDA:64,3,3,0
BRDA:93,4,0,0
BRDA:93,4,1,0
BRDA:93,5,0,0
BRDA:93,5,1,0
BRDA:94,6,0,0
BRDA:94,6,1,0
BRDA:94,7,0,0
BRDA:94,7,1,0
BRF:18
BRH:0
end_of_record
TN:
SF:src\components\ui\ToastContainer.tsx
FN:7,(anonymous_2)
FN:20,(anonymous_3)
FNF:2
FNH:0
FNDA:0,(anonymous_2)
FNDA:0,(anonymous_3)
DA:3,0
DA:4,0
DA:5,0
DA:7,0
DA:8,0
DA:21,0
DA:34,0
LF:7
LH:0
BRF:0
BRH:0
end_of_record
TN:
SF:src\config\api.ts
FNF:0
FNH:0
DA:3,0
DA:51,0
LF:2
LH:0
BRDA:5,0,0,0
BRDA:5,0,1,0
BRDA:6,1,0,0
BRDA:6,1,1,0
BRF:4
BRH:0
end_of_record
TN:
SF:src\config\auth.ts
FNF:0
FNH:0
DA:3,0
DA:55,0
LF:2
LH:0
BRDA:5,0,0,0
BRDA:5,0,1,0
BRDA:5,0,2,0
BRDA:10,1,0,0
BRDA:10,1,1,0
BRDA:10,1,2,0
BRDA:18,2,0,0
BRDA:18,2,1,0
BRDA:18,2,2,0
BRF:9
BRH:0
end_of_record
TN:
SF:src\config\database.ts
FNF:0
FNH:0
DA:3,0
DA:31,0
LF:2
LH:0
BRDA:5,0,0,0
BRDA:5,0,1,0
BRDA:6,1,0,0
BRDA:6,1,1,0
BRDA:7,2,0,0
BRDA:7,2,1,0
BRDA:8,3,0,0
BRDA:8,3,1,0
BRDA:9,4,0,0
BRDA:9,4,1,0
BRF:10
BRH:0
end_of_record
TN:
SF:src\config\environment.ts
FN:59,validateEnvironment
FN:61,(anonymous_5)
FN:69,(anonymous_6)
FNF:3
FNH:0
FNDA:0,validateEnvironment
FNDA:0,(anonymous_5)
FNDA:0,(anonymous_6)
DA:3,0
DA:59,0
DA:60,0
DA:61,0
DA:63,0
DA:64,0
DA:67,0
DA:68,0
DA:69,0
DA:71,0
DA:72,0
DA:77,0
LF:12
LH:0
BRDA:12,0,0,0
BRDA:12,0,1,0
BRDA:14,1,0,0
BRDA:14,1,1,0
BRDA:19,2,0,0
BRDA:19,2,1,0
BRDA:21,3,0,0
BRDA:21,3,1,0
BRDA:22,4,0,0
BRDA:22,4,1,0
BRDA:23,5,0,0
BRDA:23,5,1,0
BRDA:29,6,0,0
BRDA:29,6,1,0
BRDA:29,7,0,0
BRDA:29,7,1,0
BRDA:54,8,0,0
BRDA:54,8,1,0
BRDA:63,9,0,0
BRDA:67,10,0,0
BRDA:71,11,0,0
BRF:21
BRH:0
end_of_record
TN:
SF:src\config\index.ts
FNF:0
FNH:0
DA:3,0
DA:4,0
DA:5,0
DA:6,0
DA:15,0
DA:22,0
LF:6
LH:0
BRF:0
BRH:0
end_of_record
TN:
SF:src\lib\client\services\api.ts
FN:34,(anonymous_7)
FN:41,(anonymous_8)
FN:83,(anonymous_9)
FN:90,(anonymous_10)
FN:101,(anonymous_11)
FN:112,(anonymous_12)
FN:119,(anonymous_13)
FN:130,(anonymous_14)
FN:134,(anonymous_15)
FN:152,(anonymous_16)
FN:165,createAuthenticatedApiClient
FN:174,(anonymous_18)
FN:175,(anonymous_19)
FN:176,(anonymous_20)
FN:177,(anonymous_21)
FN:178,(anonymous_22)
FN:192,useApi
FN:200,(anonymous_24)
FN:216,(anonymous_25)
FN:227,(anonymous_26)
FNF:20
FNH:0
FNDA:0,(anonymous_7)
FNDA:0,(anonymous_8)
FNDA:0,(anonymous_9)
FNDA:0,(anonymous_10)
FNDA:0,(anonymous_11)
FNDA:0,(anonymous_12)
FNDA:0,(anonymous_13)
FNDA:0,(anonymous_14)
FNDA:0,(anonymous_15)
FNDA:0,(anonymous_16)
FNDA:0,createAuthenticatedApiClient
FNDA:0,(anonymous_18)
FNDA:0,(anonymous_19)
FNDA:0,(anonymous_20)
FNDA:0,(anonymous_21)
FNDA:0,(anonymous_22)
FNDA:0,useApi
FNDA:0,(anonymous_24)
FNDA:0,(anonymous_25)
FNDA:0,(anonymous_26)
DA:6,0
DA:31,0
DA:35,0
DA:45,0
DA:47,0
DA:48,0
DA:58,0
DA:60,0
DA:62,0
DA:63,0
DA:65,0
DA:68,0
DA:70,0
DA:73,0
DA:75,0
DA:76,0
DA:84,0
DA:91,0
DA:102,0
DA:113,0
DA:120,0
DA:131,0
DA:132,0
DA:134,0
DA:135,0
DA:144,0
DA:151,0
DA:157,0
DA:158,0
DA:165,0
DA:166,0
DA:170,0
DA:173,0
DA:174,0
DA:175,0
DA:176,0
DA:177,0
DA:178,0
DA:184,0
DA:192,0
DA:196,0
DA:197,0
DA:198,0
DA:200,0
DA:201,0
DA:202,0
DA:203,0
DA:204,0
DA:205,0
DA:206,0
DA:208,0
DA:209,0
DA:210,0
DA:212,0
DA:216,0
DA:217,0
DA:218,0
DA:222,0
DA:228,0
DA:229,0
DA:230,0
LF:61
LH:0
BRDA:34,0,0,0
BRDA:43,1,0,0
BRDA:45,2,0,0
BRDA:45,2,1,0
BRDA:60,3,0,0
BRDA:62,4,0,0
BRDA:68,5,0,0
BRDA:94,6,0,0
BRDA:94,6,1,0
BRDA:105,7,0,0
BRDA:105,7,1,0
BRDA:123,8,0,0
BRDA:123,8,1,0
BRDA:134,9,0,0
BRDA:194,10,0,0
BRDA:208,11,0,0
BRDA:208,11,1,0
BRDA:217,12,0,0
BRF:18
BRH:0
end_of_record
TN:
SF:src\lib\client\services\auth.ts
FN:21,setSessionToken
FN:29,getSessionToken
FN:36,removeSessionToken
FN:45,login
FN:71,logout
FN:93,getCurrentUser
FN:123,hasPermission
FN:129,(anonymous_20)
FN:134,hasPermissionByResourceAction
FN:140,hasPagePermission
FN:146,(anonymous_23)
FN:151,hasModulePermission
FN:157,(anonymous_25)
FN:161,hasAnyPermission
FN:166,(anonymous_27)
FN:171,hasRole
FN:172,(anonymous_29)
FNF:17
FNH:0
FNDA:0,setSessionToken
FNDA:0,getSessionToken
FNDA:0,removeSessionToken
FNDA:0,login
FNDA:0,logout
FNDA:0,getCurrentUser
FNDA:0,hasPermission
FNDA:0,(anonymous_20)
FNDA:0,hasPermissionByResourceAction
FNDA:0,hasPagePermission
FNDA:0,(anonymous_23)
FNDA:0,hasModulePermission
FNDA:0,(anonymous_25)
FNDA:0,hasAnyPermission
FNDA:0,(anonymous_27)
FNDA:0,hasRole
FNDA:0,(anonymous_29)
DA:21,0
DA:22,0
DA:23,0
DA:25,0
DA:29,0
DA:30,0
DA:31,0
DA:33,0
DA:36,0
DA:37,0
DA:38,0
DA:40,0
DA:45,0
DA:46,0
DA:54,0
DA:55,0
DA:56,0
DA:59,0
DA:60,0
DA:63,0
DA:64,0
DA:67,0
DA:71,0
DA:72,0
DA:73,0
DA:74,0
DA:77,0
DA:85,0
DA:86,0
DA:89,0
DA:93,0
DA:94,0
DA:95,0
DA:96,0
DA:97,0
DA:100,0
DA:101,0
DA:108,0
DA:109,0
DA:110,0
DA:111,0
DA:112,0
DA:113,0
DA:115,0
DA:118,0
DA:123,0
DA:124,0
DA:125,0
DA:128,0
DA:129,0
DA:134,0
DA:135,0
DA:136,0
DA:140,0
DA:141,0
DA:142,0
DA:145,0
DA:146,0
DA:151,0
DA:152,0
DA:153,0
DA:156,0
DA:157,0
DA:161,0
DA:162,0
DA:163,0
DA:166,0
DA:167,0
DA:171,0
DA:172,0
LF:70
LH:0
BRDA:22,0,0,0
BRDA:30,1,0,0
BRDA:37,2,0,0
BRDA:54,3,0,0
BRDA:56,4,0,0
BRDA:56,4,1,0
BRDA:63,5,0,0
BRDA:63,6,0,0
BRDA:63,6,1,0
BRDA:73,7,0,0
BRDA:85,8,0,0
BRDA:95,9,0,0
BRDA:95,9,1,0
BRDA:96,10,0,0
BRDA:109,11,0,0
BRDA:110,12,0,0
BRDA:124,13,0,0
BRDA:129,14,0,0
BRDA:129,14,1,0
BRDA:129,14,2,0
BRDA:141,15,0,0
BRDA:146,16,0,0
BRDA:146,16,1,0
BRDA:146,16,2,0
BRDA:152,17,0,0
BRDA:157,18,0,0
BRDA:157,18,1,0
BRDA:157,18,2,0
BRDA:162,19,0,0
BRF:29
BRH:0
end_of_record
TN:
SF:src\lib\client\services\toast.ts
FN:20,(anonymous_3)
FN:22,(anonymous_4)
FN:23,(anonymous_5)
FN:33,(anonymous_6)
FN:34,(anonymous_7)
FN:35,(anonymous_8)
FN:37,(anonymous_9)
FN:41,(anonymous_10)
FN:44,(anonymous_11)
FN:47,(anonymous_12)
FN:50,(anonymous_13)
FNF:11
FNH:0
FNDA:0,(anonymous_3)
FNDA:0,(anonymous_4)
FNDA:0,(anonymous_5)
FNDA:0,(anonymous_6)
FNDA:0,(anonymous_7)
FNDA:0,(anonymous_8)
FNDA:0,(anonymous_9)
FNDA:0,(anonymous_10)
FNDA:0,(anonymous_11)
FNDA:0,(anonymous_12)
FNDA:0,(anonymous_13)
DA:1,0
DA:20,0
DA:23,0
DA:34,0
DA:35,0
DA:37,0
DA:40,0
DA:42,0
DA:45,0
DA:48,0
DA:51,0
LF:11
LH:0
BRDA:29,0,0,0
BRDA:29,0,1,0
BRF:2
BRH:0
end_of_record
TN:
SF:src\lib\middleware\apiKeyAuth.ts
FN:11,validateApiKeyMiddleware
FN:51,(anonymous_2)
FNF:2
FNH:0
FNDA:0,validateApiKeyMiddleware
FNDA:0,(anonymous_2)
DA:2,0
DA:11,0
DA:12,0
DA:14,0
DA:15,0
DA:18,0
DA:19,0
DA:20,0
DA:23,0
DA:29,0
DA:30,0
DA:33,0
DA:35,0
DA:36,0
DA:39,0
DA:47,0
DA:48,0
DA:51,0
DA:52,0
DA:54,0
DA:59,0
DA:67,0
DA:68,0
LF:23
LH:0
BRDA:14,0,0,0
BRDA:19,1,0,0
BRDA:29,2,0,0
BRDA:35,3,0,0
BRDA:47,4,0,0
BRDA:52,5,0,0
BRDA:52,5,1,0
BRF:7
BRH:0
end_of_record
TN:
SF:src\lib\middleware\authMiddleware.ts
FN:8,middleware
FNF:1
FNH:0
FNDA:0,middleware
DA:1,0
DA:8,0
DA:10,0
DA:11,0
DA:13,0
DA:14,0
DA:15,0
DA:17,0
DA:26,0
DA:28,0
DA:29,0
DA:32,0
DA:36,0
DA:37,0
DA:41,0
DA:44,0
LF:16
LH:0
BRDA:10,0,0,0
BRDA:13,1,0,0
BRDA:26,2,0,0
BRDA:28,3,0,0
BRDA:36,4,0,0
BRF:5
BRH:0
end_of_record
TN:
SF:src\lib\server\auth.ts
FN:12,getServerSession
FN:20,requireAuth
FN:31,hasRole
FN:34,(anonymous_11)
FN:40,isAdminOrSuperuser
FN:48,hasPermission
FN:56,(anonymous_14)
FN:63,hasPermissionByResourceAction
FN:75,hasPagePermission
FN:83,(anonymous_17)
FNF:10
FNH:0
FNDA:0,getServerSession
FNDA:0,requireAuth
FNDA:0,hasRole
FNDA:0,(anonymous_11)
FNDA:0,isAdminOrSuperuser
FNDA:0,hasPermission
FNDA:0,(anonymous_14)
FNDA:0,hasPermissionByResourceAction
FNDA:0,hasPagePermission
FNDA:0,(anonymous_17)
DA:6,0
DA:12,0
DA:13,0
DA:20,0
DA:21,0
DA:22,0
DA:23,0
DA:25,0
DA:31,0
DA:32,0
DA:33,0
DA:34,0
DA:40,0
DA:41,0
DA:42,0
DA:48,0
DA:52,0
DA:53,0
DA:54,0
DA:55,0
DA:56,0
DA:63,0
DA:68,0
DA:69,0
DA:75,0
DA:79,0
DA:80,0
DA:81,0
DA:82,0
DA:83,0
LF:30
LH:0
BRDA:22,0,0,0
BRDA:33,1,0,0
BRDA:42,2,0,0
BRDA:42,2,1,0
BRDA:53,3,0,0
BRDA:54,4,0,0
BRDA:56,5,0,0
BRDA:56,5,1,0
BRDA:56,5,2,0
BRDA:80,6,0,0
BRDA:81,7,0,0
BRDA:83,8,0,0
BRDA:83,8,1,0
BRDA:83,8,2,0
BRF:14
BRH:0
end_of_record
TN:
SF:src\lib\server\db\client.ts
FN:5,toSnakeCase
FN:6,(anonymous_6)
FN:10,toCamelCase
FN:11,(anonymous_8)
FN:15,transformToSnakeCase
FN:20,(anonymous_10)
FN:34,transformToCamelCase
FN:39,(anonymous_12)
FN:55,(anonymous_13)
FN:69,(anonymous_14)
FN:76,(anonymous_15)
FN:91,(anonymous_16)
FN:119,(anonymous_17)
FN:123,(anonymous_18)
FN:127,(anonymous_19)
FN:135,(anonymous_20)
FN:138,(anonymous_21)
FN:139,(anonymous_22)
FN:147,(anonymous_23)
FN:154,(anonymous_24)
FN:159,(anonymous_25)
FN:175,(anonymous_26)
FNF:22
FNH:0
FNDA:0,toSnakeCase
FNDA:0,(anonymous_6)
FNDA:0,toCamelCase
FNDA:0,(anonymous_8)
FNDA:0,transformToSnakeCase
FNDA:0,(anonymous_10)
FNDA:0,transformToCamelCase
FNDA:0,(anonymous_12)
FNDA:0,(anonymous_13)
FNDA:0,(anonymous_14)
FNDA:0,(anonymous_15)
FNDA:0,(anonymous_16)
FNDA:0,(anonymous_17)
FNDA:0,(anonymous_18)
FNDA:0,(anonymous_19)
FNDA:0,(anonymous_20)
FNDA:0,(anonymous_21)
FNDA:0,(anonymous_22)
FNDA:0,(anonymous_23)
FNDA:0,(anonymous_24)
FNDA:0,(anonymous_25)
FNDA:0,(anonymous_26)
DA:1,0
DA:6,0
DA:11,0
DA:16,0
DA:17,0
DA:19,0
DA:20,0
DA:23,0
DA:24,0
DA:25,0
DA:26,0
DA:27,0
DA:30,0
DA:35,0
DA:36,0
DA:38,0
DA:39,0
DA:42,0
DA:43,0
DA:44,0
DA:45,0
DA:46,0
DA:49,0
DA:53,0
DA:56,0
DA:57,0
DA:58,0
DA:59,0
DA:60,0
DA:61,0
DA:63,0
DA:64,0
DA:70,0
DA:71,0
DA:72,0
DA:86,0
DA:87,0
DA:88,0
DA:91,0
DA:92,0
DA:93,0
DA:94,0
DA:98,0
DA:99,0
DA:103,0
DA:104,0
DA:108,0
DA:109,0
DA:110,0
DA:113,0
DA:114,0
DA:115,0
DA:118,0
DA:119,0
DA:124,0
DA:125,0
DA:126,0
DA:127,0
DA:129,0
DA:130,0
DA:131,0
DA:136,0
DA:137,0
DA:138,0
DA:139,0
DA:141,0
DA:142,0
DA:143,0
DA:148,0
DA:149,0
DA:150,0
DA:155,0
DA:156,0
DA:157,0
DA:159,0
DA:160,0
DA:161,0
DA:162,0
DA:166,0
DA:167,0
DA:170,0
DA:171,0
DA:176,0
DA:177,0
DA:182,0
DA:183,0
LF:86
LH:0
BRDA:16,0,0,0
BRDA:16,1,0,0
BRDA:16,1,1,0
BRDA:17,2,0,0
BRDA:19,3,0,0
BRDA:25,4,0,0
BRDA:35,5,0,0
BRDA:35,6,0,0
BRDA:35,6,1,0
BRDA:36,7,0,0
BRDA:38,8,0,0
BRDA:44,9,0,0
BRDA:72,10,0,0
BRDA:72,10,1,0
BRDA:78,11,0,0
BRDA:79,12,0,0
BRDA:92,13,0,0
BRDA:92,14,0,0
BRDA:92,14,1,0
BRDA:98,15,0,0
BRDA:103,16,0,0
BRDA:104,17,0,0
BRDA:104,17,1,0
BRDA:108,18,0,0
BRDA:113,19,0,0
BRDA:150,20,0,0
BRDA:150,20,1,0
BRDA:154,21,0,0
BRDA:160,22,0,0
BRDA:160,23,0,0
BRDA:160,23,1,0
BRDA:166,24,0,0
BRF:32
BRH:0
end_of_record
TN:
SF:src\lib\server\db\config.ts
FNF:0
FNH:0
DA:1,0
DA:4,0
DA:5,0
DA:6,0
DA:8,0
DA:10,0
LF:6
LH:0
BRDA:5,0,0,0
BRF:1
BRH:0
end_of_record
TN:
SF:src\lib\server\middleware\auth.ts
FN:19,requireAuth
FN:51,hasRole
FN:55,(anonymous_7)
FN:61,isAdminOrSuperuser
FN:70,validateSession
FNF:5
FNH:0
FNDA:0,requireAuth
FNDA:0,hasRole
FNDA:0,(anonymous_7)
FNDA:0,isAdminOrSuperuser
FNDA:0,validateSession
DA:2,0
DA:19,0
DA:24,0
DA:27,0
DA:28,0
DA:34,0
DA:35,0
DA:36,0
DA:42,0
DA:51,0
DA:55,0
DA:61,0
DA:64,0
DA:70,0
DA:73,0
DA:74,0
DA:77,0
DA:78,0
LF:18
LH:0
BRDA:24,0,0,0
BRDA:24,0,1,0
BRDA:27,1,0,0
BRDA:35,2,0,0
BRDA:64,3,0,0
BRDA:64,3,1,0
BRDA:73,4,0,0
BRF:7
BRH:0
end_of_record
TN:
SF:src\lib\server\services\apiKey.ts
FN:23,generateApiKey
FN:34,createApiKey
FN:67,getUserApiKeys
FN:75,(anonymous_12)
FN:90,getApiKeyById
FN:116,validateApiKey
FN:150,updateApiKey
FN:208,deleteApiKey
FN:220,getFullApiKey
FNF:9
FNH:0
FNDA:0,generateApiKey
FNDA:0,createApiKey
FNDA:0,getUserApiKeys
FNDA:0,(anonymous_12)
FNDA:0,getApiKeyById
FNDA:0,validateApiKey
FNDA:0,updateApiKey
FNDA:0,deleteApiKey
FNDA:0,getFullApiKey
DA:2,0
DA:3,0
DA:25,0
DA:26,0
DA:28,0
DA:34,0
DA:38,0
DA:40,0
DA:50,0
DA:52,0
DA:67,0
DA:68,0
DA:75,0
DA:90,0
DA:91,0
DA:97,0
DA:98,0
DA:101,0
DA:102,0
DA:116,0
DA:118,0
DA:124,0
DA:125,0
DA:128,0
DA:131,0
DA:132,0
DA:136,0
DA:141,0
DA:150,0
DA:158,0
DA:159,0
DA:160,0
DA:162,0
DA:163,0
DA:164,0
DA:167,0
DA:168,0
DA:169,0
DA:172,0
DA:173,0
DA:177,0
DA:178,0
DA:180,0
DA:182,0
DA:189,0
DA:190,0
DA:193,0
DA:194,0
DA:208,0
DA:209,0
DA:214,0
DA:220,0
DA:221,0
DA:227,0
DA:228,0
DA:231,0
DA:233,0
LF:57
LH:0
BRDA:78,0,0,0
BRDA:78,0,1,0
BRDA:97,1,0,0
BRDA:105,2,0,0
BRDA:105,2,1,0
BRDA:124,3,0,0
BRDA:131,4,0,0
BRDA:162,5,0,0
BRDA:167,6,0,0
BRDA:172,7,0,0
BRDA:189,8,0,0
BRDA:197,9,0,0
BRDA:197,9,1,0
BRDA:214,10,0,0
BRDA:214,10,1,0
BRDA:227,11,0,0
BRDA:236,12,0,0
BRDA:236,12,1,0
BRF:18
BRH:0
end_of_record
TN:
SF:src\lib\server\services\auth.ts
FN:31,login
FN:63,(anonymous_13)
FN:102,logout
FN:109,getCurrentUser
FN:161,(anonymous_16)
FN:199,validateSessionToken
FN:221,updateLastLoginTime
FN:234,hasPermission
FN:240,(anonymous_20)
FN:245,hasPermissionByResourceAction
FN:251,hasPagePermission
FN:257,(anonymous_23)
FN:262,hasModulePermission
FN:268,(anonymous_25)
FN:272,hasAnyPermission
FN:277,(anonymous_27)
FN:282,hasRole
FN:283,(anonymous_29)
FN:287,generateSessionToken
FN:288,(anonymous_31)
FNF:20
FNH:8
FNDA:0,login
FNDA:0,(anonymous_13)
FNDA:0,logout
FNDA:2,getCurrentUser
FNDA:2,(anonymous_16)
FNDA:0,validateSessionToken
FNDA:0,updateLastLoginTime
FNDA:4,hasPermission
FNDA:3,(anonymous_20)
FNDA:0,hasPermissionByResourceAction
FNDA:3,hasPagePermission
FNDA:2,(anonymous_23)
FNDA:3,hasModulePermission
FNDA:2,(anonymous_25)
FNDA:0,hasAnyPermission
FNDA:0,(anonymous_27)
FNDA:0,hasRole
FNDA:0,(anonymous_29)
FNDA:0,generateSessionToken
FNDA:0,(anonymous_31)
DA:2,1
DA:31,0
DA:33,0
DA:38,0
DA:39,0
DA:42,0
DA:46,0
DA:47,0
DA:51,0
DA:58,0
DA:61,0
DA:62,0
DA:63,0
DA:64,0
DA:71,0
DA:75,0
DA:76,0
DA:77,0
DA:79,0
DA:85,0
DA:90,0
DA:99,0
DA:102,0
DA:103,0
DA:109,2
DA:111,2
DA:112,0
DA:116,2
DA:121,2
DA:122,0
DA:125,2
DA:128,2
DA:129,0
DA:133,0
DA:137,2
DA:142,2
DA:143,0
DA:146,2
DA:149,2
DA:156,2
DA:159,2
DA:160,2
DA:161,2
DA:162,2
DA:182,2
DA:185,2
DA:199,0
DA:200,0
DA:201,0
DA:204,0
DA:205,0
DA:209,0
DA:211,0
DA:212,0
DA:214,0
DA:221,0
DA:222,0
DA:223,0
DA:228,0
DA:234,4
DA:235,4
DA:236,1
DA:239,3
DA:240,3
DA:245,0
DA:246,0
DA:247,0
DA:251,3
DA:252,3
DA:253,1
DA:256,2
DA:257,2
DA:262,3
DA:263,3
DA:264,1
DA:267,2
DA:268,2
DA:272,0
DA:273,0
DA:274,0
DA:277,0
DA:278,0
DA:282,0
DA:283,0
DA:288,0
DA:289,0
LF:86
LH:33
BRDA:38,0,0,0
BRDA:46,1,0,0
BRDA:62,2,0,0
BRDA:111,3,0,0
BRDA:121,4,0,0
BRDA:128,5,0,0
BRDA:142,6,0,0
BRDA:160,7,0,2
BRDA:200,8,0,0
BRDA:211,9,0,0
BRDA:235,10,0,1
BRDA:240,11,0,3
BRDA:240,11,1,3
BRDA:240,11,2,2
BRDA:252,12,0,1
BRDA:257,13,0,2
BRDA:257,13,1,2
BRDA:257,13,2,1
BRDA:263,14,0,1
BRDA:268,15,0,2
BRDA:268,15,1,2
BRDA:268,15,2,1
BRDA:273,16,0,0
BRF:23
BRH:13
end_of_record
TN:
SF:src\lib\server\services\embedding.ts
FN:34,(anonymous_1)
FN:90,(anonymous_2)
FN:172,(anonymous_3)
FN:224,(anonymous_4)
FN:274,(anonymous_5)
FNF:5
FNH:0
FNDA:0,(anonymous_1)
FNDA:0,(anonymous_2)
FNDA:0,(anonymous_3)
FNDA:0,(anonymous_4)
FNDA:0,(anonymous_5)
DA:6,0
DA:22,0
DA:23,0
DA:24,0
DA:26,0
DA:27,0
DA:28,0
DA:29,0
DA:36,0
DA:37,0
DA:38,0
DA:39,0
DA:42,0
DA:44,0
DA:46,0
DA:48,0
DA:49,0
DA:56,0
DA:57,0
DA:58,0
DA:61,0
DA:64,0
DA:67,0
DA:68,0
DA:69,0
DA:76,0
DA:77,0
DA:78,0
DA:81,0
DA:82,0
DA:91,0
DA:93,0
DA:94,0
DA:95,0
DA:96,0
DA:99,0
DA:106,0
DA:108,0
DA:109,0
DA:110,0
DA:111,0
DA:114,0
DA:117,0
DA:118,0
DA:119,0
DA:120,0
DA:124,0
DA:126,0
DA:127,0
DA:128,0
DA:129,0
DA:134,0
DA:135,0
DA:136,0
DA:138,0
DA:139,0
DA:140,0
DA:141,0
DA:145,0
DA:148,0
DA:149,0
DA:150,0
DA:151,0
DA:156,0
DA:157,0
DA:158,0
DA:161,0
DA:162,0
DA:171,0
DA:172,0
DA:173,0
DA:176,0
DA:178,0
DA:189,0
DA:191,0
DA:192,0
DA:193,0
DA:194,0
DA:195,0
DA:196,0
DA:199,0
DA:200,0
DA:203,0
DA:206,0
DA:211,0
DA:213,0
DA:214,0
DA:235,0
DA:238,0
DA:239,0
DA:243,0
DA:246,0
DA:247,0
DA:251,0
DA:252,0
DA:256,0
DA:257,0
DA:261,0
DA:262,0
DA:266,0
DA:268,0
DA:275,0
DA:276,0
DA:277,0
DA:280,0
DA:282,0
DA:283,0
DA:284,0
DA:285,0
DA:286,0
DA:288,0
DA:291,0
LF:112
LH:0
BRDA:37,0,0,0
BRDA:37,1,0,0
BRDA:37,1,1,0
BRDA:48,2,0,0
BRDA:48,3,0,0
BRDA:48,3,1,0
BRDA:67,4,0,0
BRDA:93,5,0,0
BRDA:99,6,0,0
BRDA:99,6,1,0
BRDA:106,7,0,0
BRDA:106,7,1,0
BRDA:108,8,0,0
BRDA:108,9,0,0
BRDA:108,9,1,0
BRDA:108,9,2,0
BRDA:114,10,0,0
BRDA:114,10,1,0
BRDA:124,11,0,0
BRDA:124,11,1,0
BRDA:126,12,0,0
BRDA:126,13,0,0
BRDA:126,13,1,0
BRDA:126,13,2,0
BRDA:136,14,0,0
BRDA:136,14,1,0
BRDA:138,15,0,0
BRDA:138,16,0,0
BRDA:138,16,1,0
BRDA:138,16,2,0
BRDA:145,17,0,0
BRDA:145,17,1,0
BRDA:171,18,0,0
BRDA:173,19,0,0
BRDA:173,19,1,0
BRDA:182,20,0,0
BRDA:182,20,1,0
BRDA:184,21,0,0
BRDA:184,21,1,0
BRDA:191,22,0,0
BRDA:191,22,1,0
BRDA:191,23,0,0
BRDA:191,23,1,0
BRDA:191,23,2,0
BRDA:193,24,0,0
BRDA:193,24,1,0
BRDA:195,25,0,0
BRDA:199,26,0,0
BRDA:199,27,0,0
BRDA:199,27,1,0
BRDA:238,28,0,0
BRDA:238,29,0,0
BRDA:238,29,1,0
BRDA:246,30,0,0
BRDA:251,31,0,0
BRDA:256,32,0,0
BRDA:261,33,0,0
BRDA:276,34,0,0
BRDA:280,35,0,0
BRDA:280,35,1,0
BRDA:282,36,0,0
BRDA:282,36,1,0
BRDA:283,37,0,0
BRDA:283,37,1,0
BRDA:283,37,2,0
BRDA:284,38,0,0
BRDA:284,38,1,0
BRDA:285,39,0,0
BRDA:285,39,1,0
BRDA:285,39,2,0
BRDA:286,40,0,0
BRF:71
BRH:0
end_of_record
TN:
SF:src\lib\server\services\experience.ts
FN:22,(anonymous_1)
FN:26,(anonymous_2)
FN:63,(anonymous_3)
FN:64,(anonymous_4)
FN:177,(anonymous_5)
FN:189,(anonymous_6)
FN:222,(anonymous_7)
FN:264,(anonymous_8)
FN:302,(anonymous_9)
FN:404,(anonymous_10)
FN:421,(anonymous_11)
FN:438,(anonymous_12)
FN:487,(anonymous_13)
FN:504,(anonymous_14)
FN:517,(anonymous_15)
FNF:15
FNH:0
FNDA:0,(anonymous_1)
FNDA:0,(anonymous_2)
FNDA:0,(anonymous_3)
FNDA:0,(anonymous_4)
FNDA:0,(anonymous_5)
FNDA:0,(anonymous_6)
FNDA:0,(anonymous_7)
FNDA:0,(anonymous_8)
FNDA:0,(anonymous_9)
FNDA:0,(anonymous_10)
FNDA:0,(anonymous_11)
FNDA:0,(anonymous_12)
FNDA:0,(anonymous_13)
FNDA:0,(anonymous_14)
FNDA:0,(anonymous_15)
DA:2,0
DA:3,0
DA:19,0
DA:23,0
DA:38,0
DA:41,0
DA:42,0
DA:43,0
DA:50,0
DA:51,0
DA:52,0
DA:53,0
DA:54,0
DA:59,0
DA:61,0
DA:62,0
DA:63,0
DA:64,0
DA:68,0
DA:69,0
DA:75,0
DA:78,0
DA:82,0
DA:87,0
DA:98,0
DA:99,0
DA:102,0
DA:103,0
DA:104,0
DA:111,0
DA:112,0
DA:116,0
DA:117,0
DA:118,0
DA:119,0
DA:123,0
DA:125,0
DA:126,0
DA:128,0
DA:129,0
DA:134,0
DA:135,0
DA:139,0
DA:140,0
DA:143,0
DA:146,0
DA:152,0
DA:153,0
DA:155,0
DA:156,0
DA:157,0
DA:164,0
DA:165,0
DA:168,0
DA:169,0
DA:170,0
DA:173,0
DA:174,0
DA:177,0
DA:182,0
DA:190,0
DA:201,0
DA:202,0
DA:203,0
DA:204,0
DA:207,0
DA:208,0
DA:213,0
DA:223,0
DA:224,0
DA:227,0
DA:231,0
DA:242,0
DA:246,0
DA:247,0
DA:249,0
DA:255,0
DA:265,0
DA:266,0
DA:270,0
DA:271,0
DA:272,0
DA:275,0
DA:279,0
DA:291,0
DA:307,0
DA:308,0
DA:311,0
DA:312,0
DA:313,0
DA:314,0
DA:317,0
DA:323,0
DA:328,0
DA:329,0
DA:333,0
DA:334,0
DA:340,0
DA:342,0
DA:343,0
DA:366,0
DA:370,0
DA:372,0
DA:373,0
DA:374,0
DA:397,0
DA:401,0
DA:402,0
DA:404,0
DA:407,0
DA:408,0
DA:412,0
DA:413,0
DA:417,0
DA:421,0
DA:422,0
DA:423,0
DA:430,0
DA:431,0
DA:439,0
DA:441,0
DA:442,0
DA:443,0
DA:444,0
DA:449,0
DA:450,0
DA:459,0
DA:460,0
DA:463,0
DA:464,0
DA:465,0
DA:467,0
DA:475,0
DA:476,0
DA:478,0
DA:480,0
DA:488,0
DA:489,0
DA:502,0
DA:504,0
DA:509,0
DA:510,0
DA:522,0
DA:523,0
DA:532,0
DA:533,0
DA:539,0
DA:540,0
LF:148
LH:0
BRDA:32,0,0,0
BRDA:33,1,0,0
BRDA:34,2,0,0
BRDA:35,3,0,0
BRDA:36,4,0,0
BRDA:37,5,0,0
BRDA:41,6,0,0
BRDA:41,7,0,0
BRDA:41,7,1,0
BRDA:50,8,0,0
BRDA:50,8,1,0
BRDA:55,9,0,0
BRDA:55,9,1,0
BRDA:56,10,0,0
BRDA:56,10,1,0
BRDA:59,11,0,0
BRDA:59,11,1,0
BRDA:59,12,0,0
BRDA:59,12,1,0
BRDA:62,13,0,0
BRDA:64,14,0,0
BRDA:64,14,1,0
BRDA:102,15,0,0
BRDA:116,16,0,0
BRDA:123,17,0,0
BRDA:123,17,1,0
BRDA:123,17,2,0
BRDA:123,17,3,0
BRDA:155,18,0,0
BRDA:168,19,0,0
BRDA:179,20,0,0
BRDA:179,20,1,0
BRDA:203,21,0,0
BRDA:210,22,0,0
BRDA:210,22,1,0
BRDA:223,23,0,0
BRDA:242,24,0,0
BRDA:242,24,1,0
BRDA:246,25,0,0
BRDA:246,25,1,0
BRDA:246,26,0,0
BRDA:246,26,1,0
BRDA:250,27,0,0
BRDA:250,27,1,0
BRDA:265,28,0,0
BRDA:265,29,0,0
BRDA:265,29,1,0
BRDA:271,30,0,0
BRDA:292,31,0,0
BRDA:292,31,1,0
BRDA:304,32,0,0
BRDA:305,33,0,0
BRDA:312,34,0,0
BRDA:312,35,0,0
BRDA:312,35,1,0
BRDA:412,36,0,0
BRDA:425,37,0,0
BRDA:425,37,1,0
BRDA:442,38,0,0
BRDA:456,39,0,0
BRDA:456,39,1,0
BRDA:463,40,0,0
BRDA:463,41,0,0
BRDA:463,41,1,0
BRDA:487,42,0,0
BRDA:506,43,0,0
BRDA:506,43,1,0
BRDA:534,44,0,0
BRDA:534,44,1,0
BRDA:535,45,0,0
BRDA:535,45,1,0
BRDA:536,46,0,0
BRDA:536,46,1,0
BRF:73
BRH:0
end_of_record
TN:
SF:src\lib\server\services\settings.ts
FN:11,(anonymous_3)
FN:16,(anonymous_4)
FN:25,(anonymous_5)
FN:37,(anonymous_6)
FN:73,(anonymous_7)
FN:86,(anonymous_8)
FNF:6
FNH:0
FNDA:0,(anonymous_3)
FNDA:0,(anonymous_4)
FNDA:0,(anonymous_5)
FNDA:0,(anonymous_6)
FNDA:0,(anonymous_7)
FNDA:0,(anonymous_8)
DA:1,0
DA:7,0
DA:12,0
DA:16,0
DA:17,0
DA:18,0
DA:26,0
DA:31,0
DA:49,0
DA:52,0
DA:53,0
DA:56,0
DA:74,0
DA:87,0
DA:88,0
DA:94,0
LF:16
LH:0
BRDA:31,0,0,0
BRDA:31,0,1,0
BRDA:52,1,0,0
BRDA:79,2,0,0
BRDA:79,2,1,0
BRF:5
BRH:0
end_of_record
TN:
SF:src\lib\utils\apiResponse.ts
FN:41,createSuccessResponse
FN:53,createPaginatedResponse
FN:77,createErrorResponse
FN:102,(anonymous_9)
FN:105,(anonymous_10)
FN:109,(anonymous_11)
FN:112,(anonymous_12)
FN:116,(anonymous_13)
FN:119,(anonymous_14)
FN:123,(anonymous_15)
FN:126,(anonymous_16)
FN:137,(anonymous_17)
FN:149,(anonymous_18)
FN:168,(anonymous_19)
FN:181,(anonymous_20)
FN:191,(anonymous_21)
FN:201,(anonymous_22)
FN:211,(anonymous_23)
FN:221,(anonymous_24)
FNF:19
FNH:0
FNDA:0,createSuccessResponse
FNDA:0,createPaginatedResponse
FNDA:0,createErrorResponse
FNDA:0,(anonymous_9)
FNDA:0,(anonymous_10)
FNDA:0,(anonymous_11)
FNDA:0,(anonymous_12)
FNDA:0,(anonymous_13)
FNDA:0,(anonymous_14)
FNDA:0,(anonymous_15)
FNDA:0,(anonymous_16)
FNDA:0,(anonymous_17)
FNDA:0,(anonymous_18)
FNDA:0,(anonymous_19)
FNDA:0,(anonymous_20)
FNDA:0,(anonymous_21)
FNDA:0,(anonymous_22)
FNDA:0,(anonymous_23)
FNDA:0,(anonymous_24)
DA:41,0
DA:42,0
DA:53,0
DA:60,0
DA:61,0
DA:77,0
DA:83,0
DA:100,0
DA:103,0
DA:106,0
DA:110,0
DA:113,0
DA:117,0
DA:120,0
DA:124,0
DA:127,0
DA:133,0
DA:138,0
DA:156,0
DA:157,0
DA:169,0
DA:170,0
DA:182,0
DA:183,0
DA:192,0
DA:193,0
DA:202,0
DA:203,0
DA:212,0
DA:213,0
DA:222,0
DA:223,0
LF:32
LH:0
BRDA:81,0,0,0
BRDA:102,1,0,0
BRDA:105,2,0,0
BRDA:109,3,0,0
BRDA:112,4,0,0
BRDA:116,5,0,0
BRDA:119,6,0,0
BRDA:123,7,0,0
BRDA:126,8,0,0
BRDA:137,9,0,0
BRDA:168,10,0,0
BRF:11
BRH:0
end_of_record
TN:
SF:src\lib\utils\errorHandler.ts
FN:22,(anonymous_4)
FN:53,(anonymous_5)
FN:63,(anonymous_6)
FN:73,(anonymous_7)
FN:80,(anonymous_8)
FN:87,(anonymous_9)
FN:94,(anonymous_10)
FN:97,(anonymous_11)
FN:112,(anonymous_13)
FN:117,(anonymous_14)
FN:125,safeFetch
FN:132,(anonymous_16)
FN:154,(anonymous_17)
FNF:13
FNH:0
FNDA:0,(anonymous_4)
FNDA:0,(anonymous_5)
FNDA:0,(anonymous_6)
FNDA:0,(anonymous_7)
FNDA:0,(anonymous_8)
FNDA:0,(anonymous_9)
FNDA:0,(anonymous_10)
FNDA:0,(anonymous_11)
FNDA:0,(anonymous_13)
FNDA:0,(anonymous_14)
FNDA:0,safeFetch
FNDA:0,(anonymous_16)
FNDA:0,(anonymous_17)
DA:16,0
DA:17,0
DA:23,0
DA:32,0
DA:35,0
DA:36,0
DA:40,0
DA:41,0
DA:45,0
DA:46,0
DA:54,0
DA:63,0
DA:64,0
DA:74,0
DA:81,0
DA:88,0
DA:95,0
DA:97,0
DA:98,0
DA:99,0
DA:102,0
DA:107,0
DA:110,0
DA:112,0
DA:113,0
DA:117,0
DA:118,0
DA:125,0
DA:129,0
DA:131,0
DA:132,0
DA:134,0
DA:137,0
DA:138,0
DA:139,0
DA:144,0
DA:145,0
DA:147,0
DA:149,0
DA:150,0
DA:154,0
DA:158,0
DA:159,0
DA:160,0
DA:162,0
DA:164,0
DA:165,0
DA:166,0
DA:167,0
DA:170,0
DA:171,0
DA:175,0
LF:52
LH:0
BRDA:22,0,0,0
BRDA:25,1,0,0
BRDA:25,1,1,0
BRDA:26,2,0,0
BRDA:26,2,1,0
BRDA:28,3,0,0
BRDA:28,3,1,0
BRDA:29,4,0,0
BRDA:29,4,1,0
BRDA:35,5,0,0
BRDA:40,6,0,0
BRDA:45,7,0,0
BRDA:64,8,0,0
BRDA:64,8,1,0
BRDA:64,8,2,0
BRDA:80,9,0,0
BRDA:99,10,0,0
BRDA:99,10,1,0
BRDA:110,11,0,0
BRDA:118,12,0,0
BRDA:118,12,1,0
BRDA:129,13,0,0
BRDA:129,14,0,0
BRDA:129,15,0,0
BRDA:129,15,1,0
BRDA:149,16,0,0
BRDA:164,17,0,0
BRDA:164,18,0,0
BRDA:164,18,1,0
BRF:29
BRH:0
end_of_record
TN:
SF:src\lib\utils\simpleErrorHandler.ts
FN:7,handleBrowserExtensionErrors
FN:10,(anonymous_4)
FN:32,(anonymous_5)
FN:45,safeFetch
FNF:4
FNH:0
FNDA:0,handleBrowserExtensionErrors
FNDA:0,(anonymous_4)
FNDA:0,(anonymous_5)
FNDA:0,safeFetch
DA:7,0
DA:9,0
DA:10,0
DA:11,0
DA:12,0
DA:15,0
DA:20,0
DA:21,0
DA:22,0
DA:23,0
DA:26,0
DA:27,0
DA:32,0
DA:33,0
DA:35,0
DA:36,0
DA:37,0
DA:38,0
DA:45,0
DA:46,0
DA:48,0
DA:49,0
DA:50,0
DA:52,0
DA:53,0
DA:54,0
DA:56,0
LF:27
LH:0
BRDA:9,0,0,0
BRDA:11,1,0,0
BRDA:11,1,1,0
BRDA:12,2,0,0
BRDA:12,2,1,0
BRDA:15,3,0,0
BRDA:15,4,0,0
BRDA:15,4,1,0
BRDA:15,4,2,0
BRDA:15,4,3,0
BRDA:33,5,0,0
BRDA:33,5,1,0
BRDA:35,6,0,0
BRDA:35,7,0,0
BRDA:35,7,1,0
BRDA:45,8,0,0
BRDA:52,9,0,0
BRDA:52,10,0,0
BRDA:52,10,1,0
BRF:19
BRH:0
end_of_record
TN:
SF:src\types\database\index.ts
FNF:0
FNH:0
DA:4,0
DA:7,0
LF:2
LH:0
BRF:0
BRH:0
end_of_record
